[2017-10-04 15:03:47.830][debug][command:null][tid:01][com.facebook.buck.cli.Main] Starting up (build date 2017-09-05 09:32:04 -0700, rev v2017.09.04.01), args: [build, //Apps/BuckSwiftDemo:BuckSwiftDemo]
[2017-10-04 15:03:47.832][debug][command:null][tid:01][com.facebook.buck.cli.Main] System properties: {java.vendor=Oracle Corporation, sun.java.launcher=SUN_STANDARD, sun.management.compiler=HotSpot 64-Bit Tiered Compilers, jnidispatch.path=/Users/kieranlafferty/Desktop/BuckTest/buck-out/tmp/buck_run.BpOIi6/jna-1773210207/jna1345404706596649928.tmp, os.name=Mac OS X, buck.enable_objc=true, sun.boot.class.path=/Library/Java/JavaVirtualMachines/jdk1.8.0_131.jdk/Contents/Home/jre/lib/resources.jar:/Library/Java/JavaVirtualMachines/jdk1.8.0_131.jdk/Contents/Home/jre/lib/rt.jar:/Library/Java/JavaVirtualMachines/jdk1.8.0_131.jdk/Contents/Home/jre/lib/sunrsasign.jar:/Library/Java/JavaVirtualMachines/jdk1.8.0_131.jdk/Contents/Home/jre/lib/jsse.jar:/Library/Java/JavaVirtualMachines/jdk1.8.0_131.jdk/Contents/Home/jre/lib/jce.jar:/Library/Java/JavaVirtualMachines/jdk1.8.0_131.jdk/Contents/Home/jre/lib/charsets.jar:/Library/Java/JavaVirtualMachines/jdk1.8.0_131.jdk/Contents/Home/jre/lib/jfr.jar:/Library/Java/JavaVirtualMachines/jdk1.8.0_131.jdk/Contents/Home/jre/classes, buck.resource_lock_path=/Users/kieranlafferty/Desktop/BuckTest/.buckd/resources/v2017.09.04.01/.buck_lock, java.vm.specification.vendor=Oracle Corporation, java.runtime.version=1.8.0_131-b11, jna.loaded=true, buck.testrunner_classes=/Users/kieranlafferty/Desktop/BuckTest/.buckd/resources/v2017.09.04.01/testrunner_classes, buck.logging_config_file=/Users/kieranlafferty/Desktop/BuckTest/.buckd/resources/v2017.09.04.01/logging_config_file, buck.path_to_sh_binary_template=/Users/kieranlafferty/Desktop/BuckTest/.buckd/resources/v2017.09.04.01/path_to_sh_binary_template, user.name=kieranlafferty, buck.path_to_pywatchman=/Users/kieranlafferty/Desktop/BuckTest/.buckd/resources/v2017.09.04.01/path_to_pywatchman, buck.report_generator_jar=/Users/kieranlafferty/Desktop/BuckTest/.buckd/resources/v2017.09.04.01/report_generator_jar, buck.git_commit=v2017.09.04.01, user.language=en, sun.boot.library.path=/Library/Java/JavaVirtualMachines/jdk1.8.0_131.jdk/Contents/Home/jre/lib, java.version=1.8.0_131, user.timezone=America/Los_Angeles, buck.test_util_no_tests_dir=true, sun.arch.data.model=64, http.nonProxyHosts=local|*.local|169.254/16|*.169.254/16, java.endorsed.dirs=/Library/Java/JavaVirtualMachines/jdk1.8.0_131.jdk/Contents/Home/jre/lib/endorsed, sun.cpu.isalist=, sun.jnu.encoding=UTF-8, file.encoding.pkg=sun.io, file.separator=/, java.specification.name=Java Platform API Specification, buck.jacoco_agent_jar=/Users/kieranlafferty/Desktop/BuckTest/.buckd/resources/v2017.09.04.01/jacoco_agent_jar, java.class.version=52.0, user.country=US, java.home=/Library/Java/JavaVirtualMachines/jdk1.8.0_131.jdk/Contents/Home/jre, java.vm.info=mixed mode, os.version=10.12.6, buck.external_executor_jar=/Users/kieranlafferty/Desktop/BuckTest/.buckd/resources/v2017.09.04.01/external_executor_jar, buck.version_uid=v2017.09.04.01, org.eclipse.jetty.util.log.class=org.eclipse.jetty.util.log.JavaUtilLog, path.separator=:, java.vm.version=25.131-b11, java.awt.printerjob=sun.lwawt.macosx.CPrinterJob, sun.io.unicode.encoding=UnicodeBig, awt.toolkit=sun.lwawt.macosx.LWCToolkit, socksNonProxyHosts=local|*.local|169.254/16|*.169.254/16, buck.buck_build_type_info=/Users/kieranlafferty/Desktop/BuckTest/.buckd/resources/v2017.09.04.01/buck_build_type_info, ftp.nonProxyHosts=local|*.local|169.254/16|*.169.254/16, buck.dx=/Users/kieranlafferty/Desktop/BuckTest/.buckd/resources/v2017.09.04.01/dx, buck.git_commit_timestamp=1504629124, user.home=/Users/kieranlafferty, buck.path_to_asm_jar=/Users/kieranlafferty/Desktop/BuckTest/.buckd/resources/v2017.09.04.01/path_to_asm_jar, java.specification.vendor=Oracle Corporation, buck.git_dirty=0, java.library.path=/Users/kieranlafferty/Desktop/BuckTest/.buckd/resources/v2017.09.04.01, java.vendor.url=http://java.oracle.com/, java.vm.vendor=Oracle Corporation, gopherProxySet=false, java.runtime.name=Java(TM) SE Runtime Environment, sun.java.command=com.facebook.buck.cli.bootstrapper.ClassLoaderBootstrapper com.facebook.buck.cli.Main build //Apps/BuckSwiftDemo:BuckSwiftDemo, java.class.path=/Users/kieranlafferty/Desktop/BuckTest/.buckd/resources/v2017.09.04.01/bootstrapper_jar, buck.buckd_dir=/Users/kieranlafferty/Desktop/BuckTest/.buckd, buck.path_to_pathlib_py=/Users/kieranlafferty/Desktop/BuckTest/.buckd/resources/v2017.09.04.01/pathlib.py, java.vm.specification.name=Java Virtual Machine Specification, java.vm.specification.version=1.8, sun.cpu.endian=little, buck.path_to_rawmanifest_py=/Users/kieranlafferty/Desktop/BuckTest/.buckd/resources/v2017.09.04.01/rawmanifest.py, sun.os.patch.level=unknown, java.awt.headless=true, java.io.tmpdir=/Users/kieranlafferty/Desktop/BuckTest/buck-out/tmp/buck_run.BpOIi6, buck.android_agent_path=/Users/kieranlafferty/Desktop/BuckTest/.buckd/resources/v2017.09.04.01/android_agent_path, java.vendor.url.bug=http://bugreport.sun.com/bugreport/, buck.path_to_python_dsl=, os.arch=x86_64, java.awt.graphicsenv=sun.awt.CGraphicsEnvironment, buck.path_to_pex=/Users/kieranlafferty/Desktop/BuckTest/.buckd/resources/v2017.09.04.01/path_to_pex, java.ext.dirs=/Users/kieranlafferty/Library/Java/Extensions:/Library/Java/JavaVirtualMachines/jdk1.8.0_131.jdk/Contents/Home/jre/lib/ext:/Library/Java/Extensions:/Network/Library/Java/Extensions:/System/Library/Java/Extensions:/usr/lib/java, java.util.logging.config.class=com.facebook.buck.cli.bootstrapper.LogConfig, user.dir=/Users/kieranlafferty/Desktop/BuckTest, line.separator=
, java.vm.name=Java HotSpot(TM) 64-Bit Server VM, buck.path_to_typing=/Users/kieranlafferty/Desktop/BuckTest/.buckd/resources/v2017.09.04.01/path_to_typing, buck.native_exopackage_fake_path=/Users/kieranlafferty/Desktop/BuckTest/.buckd/resources/v2017.09.04.01/native_exopackage_fake_path, file.encoding=UTF-8, java.specification.version=1.8}
[2017-10-04 15:03:47.842][debug][command:null][tid:01][com.facebook.buck.config.Configs] Loading configuration for /Users/kieranlafferty/Desktop/BuckTest
[2017-10-04 15:03:47.893][debug][command:null][tid:01][com.facebook.buck.config.Configs] Loaded a configuration file /Users/kieranlafferty/Desktop/BuckTest/.buckconfig: {project={ide_force_kill=always}, cxx={default_platform=iphonesimulator-x86_64, cflags=-g -fmodules -fobjc-arc -D BUCK -w, combined_preprocess_and_compile=true}, swift={version=3.0, compiler_flags=-DBUCK -whole-module-optimization -enable-testing -suppress-warnings}, apple={iphonesimulator_target_sdk_version=10.0, iphoneos_target_sdk_version=10.0, use_swift_delegate=false}}
[2017-10-04 15:03:47.894][debug][command:null][tid:01][com.facebook.buck.config.Configs] Adding configuration overrides RawConfig{values={}}
[2017-10-04 15:03:47.957][debug][command:null][tid:01][com.facebook.buck.config.Configs] Loading configuration for /Users/kieranlafferty/Desktop/BuckTest
[2017-10-04 15:03:47.958][debug][command:null][tid:01][com.facebook.buck.config.Configs] Loaded a configuration file /Users/kieranlafferty/Desktop/BuckTest/.buckconfig: {project={ide_force_kill=always}, cxx={default_platform=iphonesimulator-x86_64, cflags=-g -fmodules -fobjc-arc -D BUCK -w, combined_preprocess_and_compile=true}, swift={version=3.0, compiler_flags=-DBUCK -whole-module-optimization -enable-testing -suppress-warnings}, apple={iphonesimulator_target_sdk_version=10.0, iphoneos_target_sdk_version=10.0, use_swift_delegate=false}}
[2017-10-04 15:03:47.959][debug][command:null][tid:01][com.facebook.buck.config.Configs] Adding configuration overrides RawConfig{values={}}
[2017-10-04 15:03:48.165][debug][command:null][tid:01][com.facebook.buck.apple.AppleToolchainDiscovery] Searching for Xcode toolchains under /Applications/Xcode.app/Contents/Developer/Toolchains
[2017-10-04 15:03:48.165][debug][command:null][tid:01][com.facebook.buck.apple.AppleToolchainDiscovery] Searching for Xcode toolchains in /Applications/Xcode.app/Contents/Developer/Toolchains
[2017-10-04 15:03:48.167][debug][command:null][tid:01][com.facebook.buck.apple.AppleToolchainDiscovery] Getting identifier for for Xcode toolchain under /Applications/Xcode.app/Contents/Developer/Toolchains/XcodeDefault.xctoolchain
[2017-10-04 15:03:48.181][debug][command:null][tid:01][com.facebook.buck.apple.AppleToolchainDiscovery] Mapped SDK identifier com.apple.dt.toolchain.XcodeDefault to path /Applications/Xcode.app/Contents/Developer/Toolchains/XcodeDefault.xctoolchain
[2017-10-04 15:03:48.190][debug][command:null][tid:01][com.facebook.buck.apple.AppleSdkDiscovery] Searching for Xcode platforms under /Applications/Xcode.app/Contents/Developer/Platforms
[2017-10-04 15:03:48.194][debug][command:null][tid:01][com.facebook.buck.apple.AppleSdkDiscovery] Searching for Xcode SDKs in /Applications/Xcode.app/Contents/Developer/Platforms
[2017-10-04 15:03:48.194][debug][command:null][tid:01][com.facebook.buck.apple.AppleSdkDiscovery] Fetching SDK name for /Applications/Xcode.app/Contents/Developer/Platforms/AppleTVOS.platform/Developer/SDKs/AppleTVOS.sdk
[2017-10-04 15:03:48.201][debug][command:null][tid:01][com.facebook.buck.apple.AppleSdkDiscovery] Found SDK AppleSdk{name=appletvos11.0, version=11.0, applePlatform=ApplePlatform{name=appletvos, provisioningProfileName=tvOS, architectures=[arm64], minVersionFlagPrefix=-mtvos-version-min=, appIncludesFrameworks=false}, architectures=[arm64], toolchains=[AppleToolchain{identifier=com.apple.dt.toolchain.XcodeDefault, path=/Applications/Xcode.app/Contents/Developer/Toolchains/XcodeDefault.xctoolchain}]}
[2017-10-04 15:03:48.203][debug][command:null][tid:01][com.facebook.buck.apple.AppleSdkDiscovery] Fetching SDK name for /Applications/Xcode.app/Contents/Developer/Platforms/AppleTVOS.platform/Developer/SDKs/AppleTVOS11.0.sdk
[2017-10-04 15:03:48.203][debug][command:null][tid:01][com.facebook.buck.apple.AppleSdkDiscovery] Skipping already scanned SDK directory /Applications/Xcode.app/Contents/Developer/Platforms/AppleTVOS.platform/Developer/SDKs/AppleTVOS.sdk
[2017-10-04 15:03:48.204][debug][command:null][tid:01][com.facebook.buck.apple.AppleSdkDiscovery] Fetching SDK name for /Applications/Xcode.app/Contents/Developer/Platforms/AppleTVSimulator.platform/Developer/SDKs/AppleTVSimulator.sdk
[2017-10-04 15:03:48.204][debug][command:null][tid:01][com.facebook.buck.apple.AppleSdkDiscovery] Found SDK AppleSdk{name=appletvsimulator11.0, version=11.0, applePlatform=ApplePlatform{name=appletvsimulator, swiftName=tvos, architectures=[x86_64], minVersionFlagPrefix=-mtvos-simulator-version-min=, appIncludesFrameworks=false}, architectures=[x86_64], toolchains=[AppleToolchain{identifier=com.apple.dt.toolchain.XcodeDefault, path=/Applications/Xcode.app/Contents/Developer/Toolchains/XcodeDefault.xctoolchain}]}
[2017-10-04 15:03:48.205][debug][command:null][tid:01][com.facebook.buck.apple.AppleSdkDiscovery] Fetching SDK name for /Applications/Xcode.app/Contents/Developer/Platforms/AppleTVSimulator.platform/Developer/SDKs/AppleTVSimulator11.0.sdk
[2017-10-04 15:03:48.205][debug][command:null][tid:01][com.facebook.buck.apple.AppleSdkDiscovery] Skipping already scanned SDK directory /Applications/Xcode.app/Contents/Developer/Platforms/AppleTVSimulator.platform/Developer/SDKs/AppleTVSimulator.sdk
[2017-10-04 15:03:48.205][debug][command:null][tid:01][com.facebook.buck.apple.AppleSdkDiscovery] Fetching SDK name for /Applications/Xcode.app/Contents/Developer/Platforms/iPhoneOS.platform/Developer/SDKs/iPhoneOS.sdk
[2017-10-04 15:03:48.206][debug][command:null][tid:01][com.facebook.buck.apple.AppleSdkDiscovery] Found SDK AppleSdk{name=iphoneos11.0, version=11.0, applePlatform=ApplePlatform{name=iphoneos, swiftName=ios, provisioningProfileName=iOS, architectures=[armv7, arm64], minVersionFlagPrefix=-mios-version-min=, stubBinaryPath=Library/Application Support/WatchKit/WK, appIncludesFrameworks=false}, architectures=[armv7, arm64], toolchains=[AppleToolchain{identifier=com.apple.dt.toolchain.XcodeDefault, path=/Applications/Xcode.app/Contents/Developer/Toolchains/XcodeDefault.xctoolchain}]}
[2017-10-04 15:03:48.206][debug][command:null][tid:01][com.facebook.buck.apple.AppleSdkDiscovery] Fetching SDK name for /Applications/Xcode.app/Contents/Developer/Platforms/iPhoneOS.platform/Developer/SDKs/iPhoneOS11.0.sdk
[2017-10-04 15:03:48.206][debug][command:null][tid:01][com.facebook.buck.apple.AppleSdkDiscovery] Skipping already scanned SDK directory /Applications/Xcode.app/Contents/Developer/Platforms/iPhoneOS.platform/Developer/SDKs/iPhoneOS.sdk
[2017-10-04 15:03:48.207][debug][command:null][tid:01][com.facebook.buck.apple.AppleSdkDiscovery] Fetching SDK name for /Applications/Xcode.app/Contents/Developer/Platforms/iPhoneSimulator.platform/Developer/SDKs/iPhoneSimulator.sdk
[2017-10-04 15:03:48.207][debug][command:null][tid:01][com.facebook.buck.apple.AppleSdkDiscovery] Found SDK AppleSdk{name=iphonesimulator11.0, version=11.0, applePlatform=ApplePlatform{name=iphonesimulator, swiftName=ios, architectures=[i386, x86_64], minVersionFlagPrefix=-mios-simulator-version-min=, stubBinaryPath=Library/Application Support/WatchKit/WK, appIncludesFrameworks=false}, architectures=[i386, x86_64], toolchains=[AppleToolchain{identifier=com.apple.dt.toolchain.XcodeDefault, path=/Applications/Xcode.app/Contents/Developer/Toolchains/XcodeDefault.xctoolchain}]}
[2017-10-04 15:03:48.207][debug][command:null][tid:01][com.facebook.buck.apple.AppleSdkDiscovery] Fetching SDK name for /Applications/Xcode.app/Contents/Developer/Platforms/iPhoneSimulator.platform/Developer/SDKs/iPhoneSimulator11.0.sdk
[2017-10-04 15:03:48.208][debug][command:null][tid:01][com.facebook.buck.apple.AppleSdkDiscovery] Skipping already scanned SDK directory /Applications/Xcode.app/Contents/Developer/Platforms/iPhoneSimulator.platform/Developer/SDKs/iPhoneSimulator.sdk
[2017-10-04 15:03:48.208][debug][command:null][tid:01][com.facebook.buck.apple.AppleSdkDiscovery] Fetching SDK name for /Applications/Xcode.app/Contents/Developer/Platforms/MacOSX.platform/Developer/SDKs/MacOSX.sdk
[2017-10-04 15:03:48.235][debug][command:null][tid:01][com.facebook.buck.apple.AppleSdkDiscovery] Found SDK AppleSdk{name=macosx10.13, version=10.13, applePlatform=ApplePlatform{name=macosx, architectures=[i386, x86_64], minVersionFlagPrefix=-mmacosx-version-min=, appIncludesFrameworks=true}, architectures=[i386, x86_64], toolchains=[AppleToolchain{identifier=com.apple.dt.toolchain.XcodeDefault, path=/Applications/Xcode.app/Contents/Developer/Toolchains/XcodeDefault.xctoolchain}]}
[2017-10-04 15:03:48.236][debug][command:null][tid:01][com.facebook.buck.apple.AppleSdkDiscovery] Fetching SDK name for /Applications/Xcode.app/Contents/Developer/Platforms/MacOSX.platform/Developer/SDKs/MacOSX10.13.sdk
[2017-10-04 15:03:48.236][debug][command:null][tid:01][com.facebook.buck.apple.AppleSdkDiscovery] Skipping already scanned SDK directory /Applications/Xcode.app/Contents/Developer/Platforms/MacOSX.platform/Developer/SDKs/MacOSX.sdk
[2017-10-04 15:03:48.236][debug][command:null][tid:01][com.facebook.buck.apple.AppleSdkDiscovery] Fetching SDK name for /Applications/Xcode.app/Contents/Developer/Platforms/WatchOS.platform/Developer/SDKs/WatchOS.sdk
[2017-10-04 15:03:48.237][debug][command:null][tid:01][com.facebook.buck.apple.AppleSdkDiscovery] Found SDK AppleSdk{name=watchos4.0, version=4.0, applePlatform=ApplePlatform{name=watchos, provisioningProfileName=iOS, architectures=[armv7k], minVersionFlagPrefix=-mwatchos-version-min=, stubBinaryPath=Library/Application Support/WatchKit/WK, appIncludesFrameworks=false}, architectures=[armv7k], toolchains=[AppleToolchain{identifier=com.apple.dt.toolchain.XcodeDefault, path=/Applications/Xcode.app/Contents/Developer/Toolchains/XcodeDefault.xctoolchain}]}
[2017-10-04 15:03:48.237][debug][command:null][tid:01][com.facebook.buck.apple.AppleSdkDiscovery] Fetching SDK name for /Applications/Xcode.app/Contents/Developer/Platforms/WatchOS.platform/Developer/SDKs/WatchOS4.0.sdk
[2017-10-04 15:03:48.237][debug][command:null][tid:01][com.facebook.buck.apple.AppleSdkDiscovery] Skipping already scanned SDK directory /Applications/Xcode.app/Contents/Developer/Platforms/WatchOS.platform/Developer/SDKs/WatchOS.sdk
[2017-10-04 15:03:48.238][debug][command:null][tid:01][com.facebook.buck.apple.AppleSdkDiscovery] Fetching SDK name for /Applications/Xcode.app/Contents/Developer/Platforms/WatchSimulator.platform/Developer/SDKs/WatchSimulator.sdk
[2017-10-04 15:03:48.239][debug][command:null][tid:01][com.facebook.buck.apple.AppleSdkDiscovery] Found SDK AppleSdk{name=watchsimulator4.0, version=4.0, applePlatform=ApplePlatform{name=watchsimulator, architectures=[i386], minVersionFlagPrefix=-mwatchos-simulator-version-min=, stubBinaryPath=Library/Application Support/WatchKit/WK, appIncludesFrameworks=false}, architectures=[i386], toolchains=[AppleToolchain{identifier=com.apple.dt.toolchain.XcodeDefault, path=/Applications/Xcode.app/Contents/Developer/Toolchains/XcodeDefault.xctoolchain}]}
[2017-10-04 15:03:48.239][debug][command:null][tid:01][com.facebook.buck.apple.AppleSdkDiscovery] Fetching SDK name for /Applications/Xcode.app/Contents/Developer/Platforms/WatchSimulator.platform/Developer/SDKs/WatchSimulator4.0.sdk
[2017-10-04 15:03:48.239][debug][command:null][tid:01][com.facebook.buck.apple.AppleSdkDiscovery] Skipping already scanned SDK directory /Applications/Xcode.app/Contents/Developer/Platforms/WatchSimulator.platform/Developer/SDKs/WatchSimulator.sdk
[2017-10-04 15:03:48.259][debug][command:null][tid:01][com.facebook.buck.cli.Main] Not using Watchman, context present: false, glob handler: PYTHON
[2017-10-04 15:03:48.267][debug][command:null][tid:17][com.facebook.buck.io.AsynchronousDirectoryContentsCleaner] Starting to clean buck-out/.trash
[2017-10-04 15:03:48.313][debug][command:null][tid:17][com.facebook.buck.io.AsynchronousDirectoryContentsCleaner] Done cleaning buck-out/.trash
[2017-10-04 15:03:48.368][debug][command:2f1cbbbb-af44-40ac-b36c-86eefac06361][tid:01][com.facebook.buck.event.listener.SuperConsoleEventBusListener] Starting render scheduler (interval 100 ms)
[2017-10-04 15:03:48.437][debug][command:2f1cbbbb-af44-40ac-b36c-86eefac06361][tid:01][com.google.common.util.concurrent.ServiceManager] Starting PerfStatsTracking [RUNNING].
[2017-10-04 15:03:48.438][debug][command:2f1cbbbb-af44-40ac-b36c-86eefac06361][tid:01][com.google.common.util.concurrent.ServiceManager] Started PerfStatsTracking [RUNNING] in 404.6 Î¼s.
[2017-10-04 15:03:48.442][debug][command:2f1cbbbb-af44-40ac-b36c-86eefac06361][tid:01][com.google.common.util.concurrent.ServiceManager] Starting ProcessTracker [STARTING].
[2017-10-04 15:03:48.442][debug][command:null][tid:22][com.facebook.buck.util.perf.ProcessTracker] startUp
[2017-10-04 15:03:48.442][debug][command:2f1cbbbb-af44-40ac-b36c-86eefac06361][tid:01][com.facebook.buck.cli.Main] InvocationInfo BuildId=[2f1cbbbb-af44-40ac-b36c-86eefac06361] Args=[build, //Apps/BuckSwiftDemo:BuckSwiftDemo]
[2017-10-04 15:03:48.462][debug][command:2f1cbbbb-af44-40ac-b36c-86eefac06361][tid:01][com.facebook.buck.util.environment.MacWifiSsidFinder] Getting current SSID..
[2017-10-04 15:03:48.517][debug][command:2f1cbbbb-af44-40ac-b36c-86eefac06361][tid:01][com.facebook.buck.util.environment.MacWifiSsidFinder] Getting SSID from Wi-Fi interface: <CWInterface: 0x7ff8addbd420> [interfaceName=en0]
[2017-10-04 15:03:48.518][debug][command:2f1cbbbb-af44-40ac-b36c-86eefac06361][tid:01][com.facebook.buck.util.environment.MacWifiSsidFinder] Found SSID: SciFi
[2017-10-04 15:03:48.533][debug][command:null][tid:22][com.google.common.util.concurrent.ServiceManager] Started ProcessTracker [RUNNING] in 91.32 ms.
[2017-10-04 15:03:49.204][debug][command:2f1cbbbb-af44-40ac-b36c-86eefac06361][tid:01][com.facebook.buck.cli.Main] new Buck daemon
[2017-10-04 15:03:49.204][warn ][command:null][tid:25][com.facebook.buck.event.listener.PublicAnnouncementManager] Failed to get public announcements. Reason: Failed to establish connection to server.
[2017-10-04 15:03:49.225][info ][command:null][tid:27][com.facebook.buck.util.versioncontrol.VersionControlStatsGenerator] Starting generation of version control stats.
[2017-10-04 15:03:49.229][debug][command:null][tid:27][com.facebook.buck.util.versioncontrol.VersionControlCmdLineInterface] Executing command: hg log -l 1 --template {node|short}
[2017-10-04 15:03:49.235][warn ][command:null][tid:27][com.facebook.buck.util.versioncontrol.DelegatingVersionControlCmdLineInterface] Mercurial is the only VCS supported for VCS stats generation, however current project (which has enabled VCS stats generation in its .buckconfig) does not appear to be a Mercurial repository: 
com.facebook.buck.util.versioncontrol.VersionControlCommandFailedException: java.io.IOException: Cannot run program "hg" (in directory "/Users/kieranlafferty/Desktop/BuckTest"): error=2, No such file or directory
[2017-10-04 15:03:49.236][debug][command:null][tid:27][com.facebook.buck.util.versioncontrol.DelegatingVersionControlCmdLineInterface] Using NoOpCmdLineInterface.
[2017-10-04 15:03:49.237][warn ][command:null][tid:27][com.facebook.buck.util.versioncontrol.VersionControlStatsGenerator] Skipping generation of version control stats as unsupported repository type.
[2017-10-04 15:03:49.242][debug][command:null][tid:27][com.facebook.buck.util.environment.MacNetworkConfiguration] Determine network service order and extract device names
[2017-10-04 15:03:49.271][debug][command:null][tid:27][com.facebook.buck.util.ListeningProcessExecutor] Launching process with params ProcessExecutorParams{command=[networksetup, -listnetworkserviceorder, ]}
[2017-10-04 15:03:49.322][debug][command:null][tid:27][com.facebook.buck.util.ListeningProcessExecutor] Successfully launched process com.zaxxer.nuprocess.osx.OsxProcess@36ea143
[2017-10-04 15:03:49.324][debug][command:null][tid:27][com.facebook.buck.util.ListeningProcessExecutor] Waiting for process com.facebook.buck.util.ListeningProcessExecutor$LaunchedProcessImpl@612d67ff timeout 1000 MILLISECONDS
[2017-10-04 15:03:49.379][debug][command:null][tid:27][com.facebook.buck.util.ListeningProcessExecutor] Wait for process returned 0
[2017-10-04 15:03:49.380][debug][command:null][tid:27][com.facebook.buck.util.ListeningProcessExecutor] Destroying process com.facebook.buck.util.ListeningProcessExecutor$LaunchedProcessImpl@612d67ff (force true)
[2017-10-04 15:03:49.380][debug][command:null][tid:27][com.facebook.buck.util.environment.MacNetworkConfiguration] Determine active state of media for device
[2017-10-04 15:03:49.380][debug][command:null][tid:27][com.facebook.buck.util.ListeningProcessExecutor] Launching process with params ProcessExecutorParams{command=[networksetup, -getMedia, usbmodem14110]}
[2017-10-04 15:03:49.386][debug][command:null][tid:27][com.facebook.buck.util.ListeningProcessExecutor] Successfully launched process com.zaxxer.nuprocess.osx.OsxProcess@173fa620
[2017-10-04 15:03:49.388][debug][command:null][tid:27][com.facebook.buck.util.ListeningProcessExecutor] Waiting for process com.facebook.buck.util.ListeningProcessExecutor$LaunchedProcessImpl@53840b7 timeout 1000 MILLISECONDS
[2017-10-04 15:03:49.424][debug][command:null][tid:27][com.facebook.buck.util.ListeningProcessExecutor] Wait for process returned 4
[2017-10-04 15:03:49.424][debug][command:null][tid:27][com.facebook.buck.util.ListeningProcessExecutor] Destroying process com.facebook.buck.util.ListeningProcessExecutor$LaunchedProcessImpl@53840b7 (force true)
[2017-10-04 15:03:49.424][debug][command:null][tid:27][com.facebook.buck.util.environment.MacNetworkConfiguration] Determine active state of media for device
[2017-10-04 15:03:49.425][debug][command:null][tid:27][com.facebook.buck.util.ListeningProcessExecutor] Launching process with params ProcessExecutorParams{command=[networksetup, -getMedia, lpss-serial1]}
[2017-10-04 15:03:49.426][debug][command:null][tid:27][com.facebook.buck.util.ListeningProcessExecutor] Successfully launched process com.zaxxer.nuprocess.osx.OsxProcess@53cf6e32
[2017-10-04 15:03:49.428][debug][command:null][tid:27][com.facebook.buck.util.ListeningProcessExecutor] Waiting for process com.facebook.buck.util.ListeningProcessExecutor$LaunchedProcessImpl@5957f92b timeout 1000 MILLISECONDS
[2017-10-04 15:03:49.465][debug][command:null][tid:27][com.facebook.buck.util.ListeningProcessExecutor] Wait for process returned 4
[2017-10-04 15:03:49.465][debug][command:null][tid:27][com.facebook.buck.util.ListeningProcessExecutor] Destroying process com.facebook.buck.util.ListeningProcessExecutor$LaunchedProcessImpl@5957f92b (force true)
[2017-10-04 15:03:49.466][debug][command:null][tid:27][com.facebook.buck.util.environment.MacNetworkConfiguration] Determine active state of media for device
[2017-10-04 15:03:49.466][debug][command:null][tid:27][com.facebook.buck.util.ListeningProcessExecutor] Launching process with params ProcessExecutorParams{command=[networksetup, -getMedia, lpss-serial2]}
[2017-10-04 15:03:49.468][debug][command:null][tid:27][com.facebook.buck.util.ListeningProcessExecutor] Successfully launched process com.zaxxer.nuprocess.osx.OsxProcess@33335a87
[2017-10-04 15:03:49.469][debug][command:null][tid:27][com.facebook.buck.util.ListeningProcessExecutor] Waiting for process com.facebook.buck.util.ListeningProcessExecutor$LaunchedProcessImpl@74c999ae timeout 1000 MILLISECONDS
[2017-10-04 15:03:49.502][debug][command:null][tid:27][com.facebook.buck.util.ListeningProcessExecutor] Wait for process returned 4
[2017-10-04 15:03:49.502][debug][command:null][tid:27][com.facebook.buck.util.ListeningProcessExecutor] Destroying process com.facebook.buck.util.ListeningProcessExecutor$LaunchedProcessImpl@74c999ae (force true)
[2017-10-04 15:03:49.502][debug][command:null][tid:27][com.facebook.buck.util.environment.MacNetworkConfiguration] Determine active state of media for device
[2017-10-04 15:03:49.502][debug][command:null][tid:27][com.facebook.buck.util.ListeningProcessExecutor] Launching process with params ProcessExecutorParams{command=[networksetup, -getMedia, en8]}
[2017-10-04 15:03:49.504][debug][command:null][tid:27][com.facebook.buck.util.ListeningProcessExecutor] Successfully launched process com.zaxxer.nuprocess.osx.OsxProcess@5cdfc7fb
[2017-10-04 15:03:49.506][debug][command:null][tid:27][com.facebook.buck.util.ListeningProcessExecutor] Waiting for process com.facebook.buck.util.ListeningProcessExecutor$LaunchedProcessImpl@3aa7f3ea timeout 1000 MILLISECONDS
[2017-10-04 15:03:49.535][info ][command:2f1cbbbb-af44-40ac-b36c-86eefac06361][tid:26][com.facebook.buck.event.listener.LoggingBuildListener] Build started at 2017-10-04 15:03:49.535
[2017-10-04 15:03:49.542][debug][command:null][tid:27][com.facebook.buck.util.ListeningProcessExecutor] Wait for process returned 4
[2017-10-04 15:03:49.542][debug][command:null][tid:27][com.facebook.buck.util.ListeningProcessExecutor] Destroying process com.facebook.buck.util.ListeningProcessExecutor$LaunchedProcessImpl@3aa7f3ea (force true)
[2017-10-04 15:03:49.542][debug][command:null][tid:27][com.facebook.buck.util.environment.MacNetworkConfiguration] Determine active state of media for device
[2017-10-04 15:03:49.542][debug][command:null][tid:27][com.facebook.buck.util.ListeningProcessExecutor] Launching process with params ProcessExecutorParams{command=[networksetup, -getMedia, en9]}
[2017-10-04 15:03:49.544][debug][command:null][tid:27][com.facebook.buck.util.ListeningProcessExecutor] Successfully launched process com.zaxxer.nuprocess.osx.OsxProcess@13e9615b
[2017-10-04 15:03:49.546][debug][command:null][tid:27][com.facebook.buck.util.ListeningProcessExecutor] Waiting for process com.facebook.buck.util.ListeningProcessExecutor$LaunchedProcessImpl@2b558e61 timeout 1000 MILLISECONDS
[2017-10-04 15:03:49.578][debug][command:null][tid:27][com.facebook.buck.util.ListeningProcessExecutor] Wait for process returned 4
[2017-10-04 15:03:49.578][debug][command:null][tid:27][com.facebook.buck.util.ListeningProcessExecutor] Destroying process com.facebook.buck.util.ListeningProcessExecutor$LaunchedProcessImpl@2b558e61 (force true)
[2017-10-04 15:03:49.578][debug][command:null][tid:27][com.facebook.buck.util.environment.MacNetworkConfiguration] Determine active state of media for device
[2017-10-04 15:03:49.578][debug][command:null][tid:27][com.facebook.buck.util.ListeningProcessExecutor] Launching process with params ProcessExecutorParams{command=[networksetup, -getMedia, en12]}
[2017-10-04 15:03:49.581][debug][command:null][tid:27][com.facebook.buck.util.ListeningProcessExecutor] Successfully launched process com.zaxxer.nuprocess.osx.OsxProcess@91764ef
[2017-10-04 15:03:49.582][debug][command:null][tid:27][com.facebook.buck.util.ListeningProcessExecutor] Waiting for process com.facebook.buck.util.ListeningProcessExecutor$LaunchedProcessImpl@5411b5f3 timeout 1000 MILLISECONDS
[2017-10-04 15:03:49.617][debug][command:null][tid:27][com.facebook.buck.util.ListeningProcessExecutor] Wait for process returned 4
[2017-10-04 15:03:49.618][debug][command:null][tid:27][com.facebook.buck.util.ListeningProcessExecutor] Destroying process com.facebook.buck.util.ListeningProcessExecutor$LaunchedProcessImpl@5411b5f3 (force true)
[2017-10-04 15:03:49.618][debug][command:null][tid:27][com.facebook.buck.util.environment.MacNetworkConfiguration] Determine active state of media for device
[2017-10-04 15:03:49.618][debug][command:null][tid:27][com.facebook.buck.util.ListeningProcessExecutor] Launching process with params ProcessExecutorParams{command=[networksetup, -getMedia, en10]}
[2017-10-04 15:03:49.620][debug][command:null][tid:27][com.facebook.buck.util.ListeningProcessExecutor] Successfully launched process com.zaxxer.nuprocess.osx.OsxProcess@53300f96
[2017-10-04 15:03:49.621][debug][command:null][tid:27][com.facebook.buck.util.ListeningProcessExecutor] Waiting for process com.facebook.buck.util.ListeningProcessExecutor$LaunchedProcessImpl@61b23903 timeout 1000 MILLISECONDS
[2017-10-04 15:03:49.659][debug][command:null][tid:27][com.facebook.buck.util.ListeningProcessExecutor] Wait for process returned 4
[2017-10-04 15:03:49.659][debug][command:null][tid:27][com.facebook.buck.util.ListeningProcessExecutor] Destroying process com.facebook.buck.util.ListeningProcessExecutor$LaunchedProcessImpl@61b23903 (force true)
[2017-10-04 15:03:49.659][debug][command:null][tid:27][com.facebook.buck.util.environment.MacNetworkConfiguration] Determine active state of media for device
[2017-10-04 15:03:49.660][debug][command:null][tid:27][com.facebook.buck.util.ListeningProcessExecutor] Launching process with params ProcessExecutorParams{command=[networksetup, -getMedia, fw0]}
[2017-10-04 15:03:49.661][debug][command:null][tid:27][com.facebook.buck.util.ListeningProcessExecutor] Successfully launched process com.zaxxer.nuprocess.osx.OsxProcess@3a37b56f
[2017-10-04 15:03:49.663][debug][command:null][tid:27][com.facebook.buck.util.ListeningProcessExecutor] Waiting for process com.facebook.buck.util.ListeningProcessExecutor$LaunchedProcessImpl@63d031f7 timeout 1000 MILLISECONDS
[2017-10-04 15:03:49.665][debug][command:2f1cbbbb-af44-40ac-b36c-86eefac06361][tid:01][com.facebook.buck.parser.DaemonicParserState] Starting to invalidate caches for /Users/kieranlafferty/Desktop/BuckTest..
[2017-10-04 15:03:49.666][debug][command:2f1cbbbb-af44-40ac-b36c-86eefac06361][tid:01][com.facebook.buck.parser.DaemonicParserState] Cell caches were empty, no data invalidated.
[2017-10-04 15:03:49.695][debug][command:2f1cbbbb-af44-40ac-b36c-86eefac06361][tid:33][com.facebook.buck.io.ExecutableFinder] Executable 'python2' mapped to 'Optional.empty'
[2017-10-04 15:03:49.696][debug][command:2f1cbbbb-af44-40ac-b36c-86eefac06361][tid:33][com.facebook.buck.io.ExecutableFinder] Executable 'python' mapped to 'Optional[/usr/bin/python]'
[2017-10-04 15:03:49.699][debug][command:null][tid:27][com.facebook.buck.util.ListeningProcessExecutor] Wait for process returned 4
[2017-10-04 15:03:49.699][debug][command:null][tid:27][com.facebook.buck.util.ListeningProcessExecutor] Destroying process com.facebook.buck.util.ListeningProcessExecutor$LaunchedProcessImpl@63d031f7 (force true)
[2017-10-04 15:03:49.699][debug][command:null][tid:27][com.facebook.buck.util.environment.MacNetworkConfiguration] Determine active state of media for device
[2017-10-04 15:03:49.699][debug][command:null][tid:27][com.facebook.buck.util.ListeningProcessExecutor] Launching process with params ProcessExecutorParams{command=[networksetup, -getMedia, en0]}
[2017-10-04 15:03:49.701][debug][command:null][tid:27][com.facebook.buck.util.ListeningProcessExecutor] Successfully launched process com.zaxxer.nuprocess.osx.OsxProcess@30cfdea4
[2017-10-04 15:03:49.702][debug][command:null][tid:27][com.facebook.buck.util.ListeningProcessExecutor] Waiting for process com.facebook.buck.util.ListeningProcessExecutor$LaunchedProcessImpl@4045939f timeout 1000 MILLISECONDS
[2017-10-04 15:03:49.731][debug][command:2f1cbbbb-af44-40ac-b36c-86eefac06361][tid:33][com.facebook.buck.apple.AppleCxxPlatforms] SDK AppleSdk{name=appletvos11.0, version=11.0, applePlatform=ApplePlatform{name=appletvos, provisioningProfileName=tvOS, architectures=[arm64], minVersionFlagPrefix=-mtvos-version-min=, appIncludesFrameworks=false}, architectures=[arm64], toolchains=[AppleToolchain{identifier=com.apple.dt.toolchain.XcodeDefault, path=/Applications/Xcode.app/Contents/Developer/Toolchains/XcodeDefault.xctoolchain}]} using default version 11.0
[2017-10-04 15:03:49.738][debug][command:null][tid:27][com.facebook.buck.util.ListeningProcessExecutor] Wait for process returned 0
[2017-10-04 15:03:49.739][debug][command:null][tid:27][com.facebook.buck.util.ListeningProcessExecutor] Destroying process com.facebook.buck.util.ListeningProcessExecutor$LaunchedProcessImpl@4045939f (force true)
[2017-10-04 15:03:49.739][debug][command:null][tid:27][com.facebook.buck.util.environment.MacNetworkConfiguration] Determine WiFi SSID of device
[2017-10-04 15:03:49.739][debug][command:2f1cbbbb-af44-40ac-b36c-86eefac06361][tid:33][com.facebook.buck.apple.AppleCxxPlatforms] Xcode build version is: 9A235
[2017-10-04 15:03:49.739][debug][command:null][tid:27][com.facebook.buck.util.ListeningProcessExecutor] Launching process with params ProcessExecutorParams{command=[networksetup, -getairportnetwork, en0]}
[2017-10-04 15:03:49.741][debug][command:null][tid:27][com.facebook.buck.util.ListeningProcessExecutor] Successfully launched process com.zaxxer.nuprocess.osx.OsxProcess@47deca35
[2017-10-04 15:03:49.742][debug][command:null][tid:27][com.facebook.buck.util.ListeningProcessExecutor] Waiting for process com.facebook.buck.util.ListeningProcessExecutor$LaunchedProcessImpl@25e314b0 timeout 1000 MILLISECONDS
[2017-10-04 15:03:49.772][debug][command:2f1cbbbb-af44-40ac-b36c-86eefac06361][tid:33][com.facebook.buck.apple.AppleCxxPlatforms] Apple toolchain path: /Applications/Xcode.app/Contents/Developer/Toolchains/XcodeDefault.xctoolchain
[2017-10-04 15:03:49.779][debug][command:2f1cbbbb-af44-40ac-b36c-86eefac06361][tid:33][com.facebook.buck.apple.AppleCxxPlatforms] Headers verification platform whitelist: [^\Q/Applications/Xcode.app/Contents/Developer/Platforms/AppleTVOS.platform/Developer/Library/Frameworks\E\/.*, ^\Q/Applications/Xcode.app/Contents/Developer/Platforms/AppleTVOS.platform/Developer/SDKs/AppleTVOS.sdk\E\/.*, ^\Q/Applications/Xcode.app/Contents/Developer/Toolchains/XcodeDefault.xctoolchain\E\/.*]
[2017-10-04 15:03:49.782][debug][command:null][tid:27][com.facebook.buck.util.ListeningProcessExecutor] Wait for process returned 0
[2017-10-04 15:03:49.782][debug][command:null][tid:27][com.facebook.buck.util.ListeningProcessExecutor] Destroying process com.facebook.buck.util.ListeningProcessExecutor$LaunchedProcessImpl@25e314b0 (force true)
[2017-10-04 15:03:49.785][info ][command:null][tid:27][com.facebook.buck.util.versioncontrol.VersionControlStatsGenerator] Starting generation of version control stats.
[2017-10-04 15:03:49.785][warn ][command:null][tid:27][com.facebook.buck.util.versioncontrol.VersionControlStatsGenerator] Skipping generation of version control stats as unsupported repository type.
[2017-10-04 15:03:49.815][debug][command:2f1cbbbb-af44-40ac-b36c-86eefac06361][tid:33][com.facebook.buck.apple.AppleCxxPlatforms] SDK AppleSdk{name=appletvsimulator11.0, version=11.0, applePlatform=ApplePlatform{name=appletvsimulator, swiftName=tvos, architectures=[x86_64], minVersionFlagPrefix=-mtvos-simulator-version-min=, appIncludesFrameworks=false}, architectures=[x86_64], toolchains=[AppleToolchain{identifier=com.apple.dt.toolchain.XcodeDefault, path=/Applications/Xcode.app/Contents/Developer/Toolchains/XcodeDefault.xctoolchain}]} using default version 11.0
[2017-10-04 15:03:49.817][debug][command:2f1cbbbb-af44-40ac-b36c-86eefac06361][tid:33][com.facebook.buck.apple.AppleCxxPlatforms] Xcode build version is: 9A235
[2017-10-04 15:03:49.820][warn ][command:2f1cbbbb-af44-40ac-b36c-86eefac06361][tid:33][com.facebook.buck.apple.AppleCxxPlatforms] /Applications/Xcode.app/Contents/Developer/Platforms/AppleTVSimulator.platform/version.plist does not exist. Build version will be unset for this platform.
[2017-10-04 15:03:49.820][debug][command:2f1cbbbb-af44-40ac-b36c-86eefac06361][tid:33][com.facebook.buck.apple.AppleCxxPlatforms] Apple toolchain path: /Applications/Xcode.app/Contents/Developer/Toolchains/XcodeDefault.xctoolchain
[2017-10-04 15:03:49.821][debug][command:2f1cbbbb-af44-40ac-b36c-86eefac06361][tid:33][com.facebook.buck.apple.AppleCxxPlatforms] Headers verification platform whitelist: [^\Q/Applications/Xcode.app/Contents/Developer/Platforms/AppleTVSimulator.platform/Developer/Library/Frameworks\E\/.*, ^\Q/Applications/Xcode.app/Contents/Developer/Platforms/AppleTVSimulator.platform/Developer/SDKs/AppleTVSimulator.sdk\E\/.*, ^\Q/Applications/Xcode.app/Contents/Developer/Toolchains/XcodeDefault.xctoolchain\E\/.*]
[2017-10-04 15:03:49.823][debug][command:2f1cbbbb-af44-40ac-b36c-86eefac06361][tid:33][com.facebook.buck.apple.AppleCxxPlatforms] SDK AppleSdk{name=iphoneos11.0, version=11.0, applePlatform=ApplePlatform{name=iphoneos, swiftName=ios, provisioningProfileName=iOS, architectures=[armv7, arm64], minVersionFlagPrefix=-mios-version-min=, stubBinaryPath=Library/Application Support/WatchKit/WK, appIncludesFrameworks=false}, architectures=[armv7, arm64], toolchains=[AppleToolchain{identifier=com.apple.dt.toolchain.XcodeDefault, path=/Applications/Xcode.app/Contents/Developer/Toolchains/XcodeDefault.xctoolchain}]} using default version 10.0
[2017-10-04 15:03:49.824][debug][command:2f1cbbbb-af44-40ac-b36c-86eefac06361][tid:33][com.facebook.buck.apple.AppleCxxPlatforms] Xcode build version is: 9A235
[2017-10-04 15:03:49.828][debug][command:2f1cbbbb-af44-40ac-b36c-86eefac06361][tid:33][com.facebook.buck.apple.AppleCxxPlatforms] Apple toolchain path: /Applications/Xcode.app/Contents/Developer/Toolchains/XcodeDefault.xctoolchain
[2017-10-04 15:03:49.828][debug][command:2f1cbbbb-af44-40ac-b36c-86eefac06361][tid:33][com.facebook.buck.apple.AppleCxxPlatforms] Headers verification platform whitelist: [^\Q/Applications/Xcode.app/Contents/Developer/Platforms/iPhoneOS.platform/Developer/Library/Frameworks\E\/.*, ^\Q/Applications/Xcode.app/Contents/Developer/Platforms/iPhoneOS.platform/Developer/SDKs/iPhoneOS.sdk\E\/.*, ^\Q/Applications/Xcode.app/Contents/Developer/Toolchains/XcodeDefault.xctoolchain\E\/.*]
[2017-10-04 15:03:49.830][debug][command:2f1cbbbb-af44-40ac-b36c-86eefac06361][tid:33][com.facebook.buck.apple.AppleCxxPlatforms] Xcode build version is: 9A235
[2017-10-04 15:03:49.834][debug][command:2f1cbbbb-af44-40ac-b36c-86eefac06361][tid:33][com.facebook.buck.apple.AppleCxxPlatforms] Apple toolchain path: /Applications/Xcode.app/Contents/Developer/Toolchains/XcodeDefault.xctoolchain
[2017-10-04 15:03:49.835][debug][command:2f1cbbbb-af44-40ac-b36c-86eefac06361][tid:33][com.facebook.buck.apple.AppleCxxPlatforms] Headers verification platform whitelist: [^\Q/Applications/Xcode.app/Contents/Developer/Platforms/iPhoneOS.platform/Developer/Library/Frameworks\E\/.*, ^\Q/Applications/Xcode.app/Contents/Developer/Platforms/iPhoneOS.platform/Developer/SDKs/iPhoneOS.sdk\E\/.*, ^\Q/Applications/Xcode.app/Contents/Developer/Toolchains/XcodeDefault.xctoolchain\E\/.*]
[2017-10-04 15:03:49.836][debug][command:2f1cbbbb-af44-40ac-b36c-86eefac06361][tid:33][com.facebook.buck.apple.AppleCxxPlatforms] SDK AppleSdk{name=iphonesimulator11.0, version=11.0, applePlatform=ApplePlatform{name=iphonesimulator, swiftName=ios, architectures=[i386, x86_64], minVersionFlagPrefix=-mios-simulator-version-min=, stubBinaryPath=Library/Application Support/WatchKit/WK, appIncludesFrameworks=false}, architectures=[i386, x86_64], toolchains=[AppleToolchain{identifier=com.apple.dt.toolchain.XcodeDefault, path=/Applications/Xcode.app/Contents/Developer/Toolchains/XcodeDefault.xctoolchain}]} using default version 10.0
[2017-10-04 15:03:49.837][debug][command:2f1cbbbb-af44-40ac-b36c-86eefac06361][tid:33][com.facebook.buck.apple.AppleCxxPlatforms] Xcode build version is: 9A235
[2017-10-04 15:03:49.840][warn ][command:2f1cbbbb-af44-40ac-b36c-86eefac06361][tid:33][com.facebook.buck.apple.AppleCxxPlatforms] /Applications/Xcode.app/Contents/Developer/Platforms/iPhoneSimulator.platform/version.plist does not exist. Build version will be unset for this platform.
[2017-10-04 15:03:49.840][debug][command:2f1cbbbb-af44-40ac-b36c-86eefac06361][tid:33][com.facebook.buck.apple.AppleCxxPlatforms] Apple toolchain path: /Applications/Xcode.app/Contents/Developer/Toolchains/XcodeDefault.xctoolchain
[2017-10-04 15:03:49.840][debug][command:2f1cbbbb-af44-40ac-b36c-86eefac06361][tid:33][com.facebook.buck.apple.AppleCxxPlatforms] Headers verification platform whitelist: [^\Q/Applications/Xcode.app/Contents/Developer/Platforms/iPhoneSimulator.platform/Developer/Library/Frameworks\E\/.*, ^\Q/Applications/Xcode.app/Contents/Developer/Platforms/iPhoneSimulator.platform/Developer/SDKs/iPhoneSimulator.sdk\E\/.*, ^\Q/Applications/Xcode.app/Contents/Developer/Toolchains/XcodeDefault.xctoolchain\E\/.*]
[2017-10-04 15:03:49.843][debug][command:2f1cbbbb-af44-40ac-b36c-86eefac06361][tid:33][com.facebook.buck.apple.AppleCxxPlatforms] Xcode build version is: 9A235
[2017-10-04 15:03:49.845][warn ][command:2f1cbbbb-af44-40ac-b36c-86eefac06361][tid:33][com.facebook.buck.apple.AppleCxxPlatforms] /Applications/Xcode.app/Contents/Developer/Platforms/iPhoneSimulator.platform/version.plist does not exist. Build version will be unset for this platform.
[2017-10-04 15:03:49.846][debug][command:2f1cbbbb-af44-40ac-b36c-86eefac06361][tid:33][com.facebook.buck.apple.AppleCxxPlatforms] Apple toolchain path: /Applications/Xcode.app/Contents/Developer/Toolchains/XcodeDefault.xctoolchain
[2017-10-04 15:03:49.846][debug][command:2f1cbbbb-af44-40ac-b36c-86eefac06361][tid:33][com.facebook.buck.apple.AppleCxxPlatforms] Headers verification platform whitelist: [^\Q/Applications/Xcode.app/Contents/Developer/Platforms/iPhoneSimulator.platform/Developer/Library/Frameworks\E\/.*, ^\Q/Applications/Xcode.app/Contents/Developer/Platforms/iPhoneSimulator.platform/Developer/SDKs/iPhoneSimulator.sdk\E\/.*, ^\Q/Applications/Xcode.app/Contents/Developer/Toolchains/XcodeDefault.xctoolchain\E\/.*]
[2017-10-04 15:03:49.848][debug][command:2f1cbbbb-af44-40ac-b36c-86eefac06361][tid:33][com.facebook.buck.apple.AppleCxxPlatforms] SDK AppleSdk{name=macosx10.13, version=10.13, applePlatform=ApplePlatform{name=macosx, architectures=[i386, x86_64], minVersionFlagPrefix=-mmacosx-version-min=, appIncludesFrameworks=true}, architectures=[i386, x86_64], toolchains=[AppleToolchain{identifier=com.apple.dt.toolchain.XcodeDefault, path=/Applications/Xcode.app/Contents/Developer/Toolchains/XcodeDefault.xctoolchain}]} using default version 10.13
[2017-10-04 15:03:49.849][debug][command:2f1cbbbb-af44-40ac-b36c-86eefac06361][tid:33][com.facebook.buck.apple.AppleCxxPlatforms] Xcode build version is: 9A235
[2017-10-04 15:03:49.852][warn ][command:2f1cbbbb-af44-40ac-b36c-86eefac06361][tid:33][com.facebook.buck.apple.AppleCxxPlatforms] In /Applications/Xcode.app/Contents/Developer/Platforms/MacOSX.platform/version.plist, missing ProductBuildVersion. Build version will be unset for this platform.
[2017-10-04 15:03:49.852][debug][command:2f1cbbbb-af44-40ac-b36c-86eefac06361][tid:33][com.facebook.buck.apple.AppleCxxPlatforms] Apple toolchain path: /Applications/Xcode.app/Contents/Developer/Toolchains/XcodeDefault.xctoolchain
[2017-10-04 15:03:49.852][debug][command:2f1cbbbb-af44-40ac-b36c-86eefac06361][tid:33][com.facebook.buck.apple.AppleCxxPlatforms] Headers verification platform whitelist: [^\Q/Applications/Xcode.app/Contents/Developer/Platforms/MacOSX.platform/Developer/Library/Frameworks\E\/.*, ^\Q/Applications/Xcode.app/Contents/Developer/Platforms/MacOSX.platform/Developer/SDKs/MacOSX.sdk\E\/.*, ^\Q/Applications/Xcode.app/Contents/Developer/Toolchains/XcodeDefault.xctoolchain\E\/.*]
[2017-10-04 15:03:49.854][debug][command:2f1cbbbb-af44-40ac-b36c-86eefac06361][tid:33][com.facebook.buck.apple.AppleCxxPlatforms] Xcode build version is: 9A235
[2017-10-04 15:03:49.858][warn ][command:2f1cbbbb-af44-40ac-b36c-86eefac06361][tid:33][com.facebook.buck.apple.AppleCxxPlatforms] In /Applications/Xcode.app/Contents/Developer/Platforms/MacOSX.platform/version.plist, missing ProductBuildVersion. Build version will be unset for this platform.
[2017-10-04 15:03:49.858][debug][command:2f1cbbbb-af44-40ac-b36c-86eefac06361][tid:33][com.facebook.buck.apple.AppleCxxPlatforms] Apple toolchain path: /Applications/Xcode.app/Contents/Developer/Toolchains/XcodeDefault.xctoolchain
[2017-10-04 15:03:49.861][debug][command:2f1cbbbb-af44-40ac-b36c-86eefac06361][tid:33][com.facebook.buck.apple.AppleCxxPlatforms] Headers verification platform whitelist: [^\Q/Applications/Xcode.app/Contents/Developer/Platforms/MacOSX.platform/Developer/Library/Frameworks\E\/.*, ^\Q/Applications/Xcode.app/Contents/Developer/Platforms/MacOSX.platform/Developer/SDKs/MacOSX.sdk\E\/.*, ^\Q/Applications/Xcode.app/Contents/Developer/Toolchains/XcodeDefault.xctoolchain\E\/.*]
[2017-10-04 15:03:49.863][debug][command:2f1cbbbb-af44-40ac-b36c-86eefac06361][tid:33][com.facebook.buck.apple.AppleCxxPlatforms] SDK AppleSdk{name=watchos4.0, version=4.0, applePlatform=ApplePlatform{name=watchos, provisioningProfileName=iOS, architectures=[armv7k], minVersionFlagPrefix=-mwatchos-version-min=, stubBinaryPath=Library/Application Support/WatchKit/WK, appIncludesFrameworks=false}, architectures=[armv7k], toolchains=[AppleToolchain{identifier=com.apple.dt.toolchain.XcodeDefault, path=/Applications/Xcode.app/Contents/Developer/Toolchains/XcodeDefault.xctoolchain}]} using default version 4.0
[2017-10-04 15:03:49.864][debug][command:2f1cbbbb-af44-40ac-b36c-86eefac06361][tid:33][com.facebook.buck.apple.AppleCxxPlatforms] Xcode build version is: 9A235
[2017-10-04 15:03:49.867][debug][command:2f1cbbbb-af44-40ac-b36c-86eefac06361][tid:33][com.facebook.buck.apple.AppleCxxPlatforms] Apple toolchain path: /Applications/Xcode.app/Contents/Developer/Toolchains/XcodeDefault.xctoolchain
[2017-10-04 15:03:49.868][debug][command:2f1cbbbb-af44-40ac-b36c-86eefac06361][tid:33][com.facebook.buck.apple.AppleCxxPlatforms] Headers verification platform whitelist: [^\Q/Applications/Xcode.app/Contents/Developer/Platforms/WatchOS.platform/Developer/Library/Frameworks\E\/.*, ^\Q/Applications/Xcode.app/Contents/Developer/Platforms/WatchOS.platform/Developer/SDKs/WatchOS.sdk\E\/.*, ^\Q/Applications/Xcode.app/Contents/Developer/Toolchains/XcodeDefault.xctoolchain\E\/.*]
[2017-10-04 15:03:49.870][debug][command:2f1cbbbb-af44-40ac-b36c-86eefac06361][tid:33][com.facebook.buck.apple.AppleCxxPlatforms] SDK AppleSdk{name=watchsimulator4.0, version=4.0, applePlatform=ApplePlatform{name=watchsimulator, architectures=[i386], minVersionFlagPrefix=-mwatchos-simulator-version-min=, stubBinaryPath=Library/Application Support/WatchKit/WK, appIncludesFrameworks=false}, architectures=[i386], toolchains=[AppleToolchain{identifier=com.apple.dt.toolchain.XcodeDefault, path=/Applications/Xcode.app/Contents/Developer/Toolchains/XcodeDefault.xctoolchain}]} using default version 4.0
[2017-10-04 15:03:49.871][debug][command:2f1cbbbb-af44-40ac-b36c-86eefac06361][tid:33][com.facebook.buck.apple.AppleCxxPlatforms] Xcode build version is: 9A235
[2017-10-04 15:03:49.874][debug][command:2f1cbbbb-af44-40ac-b36c-86eefac06361][tid:33][com.facebook.buck.apple.AppleCxxPlatforms] Apple toolchain path: /Applications/Xcode.app/Contents/Developer/Toolchains/XcodeDefault.xctoolchain
[2017-10-04 15:03:49.875][debug][command:2f1cbbbb-af44-40ac-b36c-86eefac06361][tid:33][com.facebook.buck.apple.AppleCxxPlatforms] Headers verification platform whitelist: [^\Q/Applications/Xcode.app/Contents/Developer/Platforms/WatchSimulator.platform/Developer/Library/Frameworks\E\/.*, ^\Q/Applications/Xcode.app/Contents/Developer/Platforms/WatchSimulator.platform/Developer/SDKs/WatchSimulator.sdk\E\/.*, ^\Q/Applications/Xcode.app/Contents/Developer/Toolchains/XcodeDefault.xctoolchain\E\/.*]
[2017-10-04 15:03:49.876][debug][command:2f1cbbbb-af44-40ac-b36c-86eefac06361][tid:33][com.facebook.buck.apple.AppleCxxPlatforms] SDK AppleSdk{name=appletvos, version=11.0, applePlatform=ApplePlatform{name=appletvos, provisioningProfileName=tvOS, architectures=[arm64], minVersionFlagPrefix=-mtvos-version-min=, appIncludesFrameworks=false}, architectures=[arm64], toolchains=[AppleToolchain{identifier=com.apple.dt.toolchain.XcodeDefault, path=/Applications/Xcode.app/Contents/Developer/Toolchains/XcodeDefault.xctoolchain}]} using default version 11.0
[2017-10-04 15:03:49.877][debug][command:2f1cbbbb-af44-40ac-b36c-86eefac06361][tid:33][com.facebook.buck.apple.AppleCxxPlatforms] Xcode build version is: 9A235
[2017-10-04 15:03:49.881][debug][command:2f1cbbbb-af44-40ac-b36c-86eefac06361][tid:33][com.facebook.buck.apple.AppleCxxPlatforms] Apple toolchain path: /Applications/Xcode.app/Contents/Developer/Toolchains/XcodeDefault.xctoolchain
[2017-10-04 15:03:49.881][debug][command:2f1cbbbb-af44-40ac-b36c-86eefac06361][tid:33][com.facebook.buck.apple.AppleCxxPlatforms] Headers verification platform whitelist: [^\Q/Applications/Xcode.app/Contents/Developer/Platforms/AppleTVOS.platform/Developer/Library/Frameworks\E\/.*, ^\Q/Applications/Xcode.app/Contents/Developer/Platforms/AppleTVOS.platform/Developer/SDKs/AppleTVOS.sdk\E\/.*, ^\Q/Applications/Xcode.app/Contents/Developer/Toolchains/XcodeDefault.xctoolchain\E\/.*]
[2017-10-04 15:03:49.883][debug][command:2f1cbbbb-af44-40ac-b36c-86eefac06361][tid:33][com.facebook.buck.apple.AppleCxxPlatforms] SDK AppleSdk{name=appletvsimulator, version=11.0, applePlatform=ApplePlatform{name=appletvsimulator, swiftName=tvos, architectures=[x86_64], minVersionFlagPrefix=-mtvos-simulator-version-min=, appIncludesFrameworks=false}, architectures=[x86_64], toolchains=[AppleToolchain{identifier=com.apple.dt.toolchain.XcodeDefault, path=/Applications/Xcode.app/Contents/Developer/Toolchains/XcodeDefault.xctoolchain}]} using default version 11.0
[2017-10-04 15:03:49.886][debug][command:2f1cbbbb-af44-40ac-b36c-86eefac06361][tid:33][com.facebook.buck.apple.AppleCxxPlatforms] Xcode build version is: 9A235
[2017-10-04 15:03:49.888][warn ][command:2f1cbbbb-af44-40ac-b36c-86eefac06361][tid:33][com.facebook.buck.apple.AppleCxxPlatforms] /Applications/Xcode.app/Contents/Developer/Platforms/AppleTVSimulator.platform/version.plist does not exist. Build version will be unset for this platform.
[2017-10-04 15:03:49.888][debug][command:2f1cbbbb-af44-40ac-b36c-86eefac06361][tid:33][com.facebook.buck.apple.AppleCxxPlatforms] Apple toolchain path: /Applications/Xcode.app/Contents/Developer/Toolchains/XcodeDefault.xctoolchain
[2017-10-04 15:03:49.888][debug][command:2f1cbbbb-af44-40ac-b36c-86eefac06361][tid:33][com.facebook.buck.apple.AppleCxxPlatforms] Headers verification platform whitelist: [^\Q/Applications/Xcode.app/Contents/Developer/Platforms/AppleTVSimulator.platform/Developer/Library/Frameworks\E\/.*, ^\Q/Applications/Xcode.app/Contents/Developer/Platforms/AppleTVSimulator.platform/Developer/SDKs/AppleTVSimulator.sdk\E\/.*, ^\Q/Applications/Xcode.app/Contents/Developer/Toolchains/XcodeDefault.xctoolchain\E\/.*]
[2017-10-04 15:03:49.889][debug][command:2f1cbbbb-af44-40ac-b36c-86eefac06361][tid:33][com.facebook.buck.apple.AppleCxxPlatforms] SDK AppleSdk{name=iphoneos, version=11.0, applePlatform=ApplePlatform{name=iphoneos, swiftName=ios, provisioningProfileName=iOS, architectures=[armv7, arm64], minVersionFlagPrefix=-mios-version-min=, stubBinaryPath=Library/Application Support/WatchKit/WK, appIncludesFrameworks=false}, architectures=[armv7, arm64], toolchains=[AppleToolchain{identifier=com.apple.dt.toolchain.XcodeDefault, path=/Applications/Xcode.app/Contents/Developer/Toolchains/XcodeDefault.xctoolchain}]} using default version 10.0
[2017-10-04 15:03:49.891][debug][command:2f1cbbbb-af44-40ac-b36c-86eefac06361][tid:33][com.facebook.buck.apple.AppleCxxPlatforms] Xcode build version is: 9A235
[2017-10-04 15:03:49.893][debug][command:2f1cbbbb-af44-40ac-b36c-86eefac06361][tid:33][com.facebook.buck.apple.AppleCxxPlatforms] Apple toolchain path: /Applications/Xcode.app/Contents/Developer/Toolchains/XcodeDefault.xctoolchain
[2017-10-04 15:03:49.893][debug][command:2f1cbbbb-af44-40ac-b36c-86eefac06361][tid:33][com.facebook.buck.apple.AppleCxxPlatforms] Headers verification platform whitelist: [^\Q/Applications/Xcode.app/Contents/Developer/Platforms/iPhoneOS.platform/Developer/Library/Frameworks\E\/.*, ^\Q/Applications/Xcode.app/Contents/Developer/Platforms/iPhoneOS.platform/Developer/SDKs/iPhoneOS.sdk\E\/.*, ^\Q/Applications/Xcode.app/Contents/Developer/Toolchains/XcodeDefault.xctoolchain\E\/.*]
[2017-10-04 15:03:49.895][debug][command:2f1cbbbb-af44-40ac-b36c-86eefac06361][tid:33][com.facebook.buck.apple.AppleCxxPlatforms] Xcode build version is: 9A235
[2017-10-04 15:03:49.897][debug][command:2f1cbbbb-af44-40ac-b36c-86eefac06361][tid:33][com.facebook.buck.apple.AppleCxxPlatforms] Apple toolchain path: /Applications/Xcode.app/Contents/Developer/Toolchains/XcodeDefault.xctoolchain
[2017-10-04 15:03:49.898][debug][command:2f1cbbbb-af44-40ac-b36c-86eefac06361][tid:33][com.facebook.buck.apple.AppleCxxPlatforms] Headers verification platform whitelist: [^\Q/Applications/Xcode.app/Contents/Developer/Platforms/iPhoneOS.platform/Developer/Library/Frameworks\E\/.*, ^\Q/Applications/Xcode.app/Contents/Developer/Platforms/iPhoneOS.platform/Developer/SDKs/iPhoneOS.sdk\E\/.*, ^\Q/Applications/Xcode.app/Contents/Developer/Toolchains/XcodeDefault.xctoolchain\E\/.*]
[2017-10-04 15:03:49.898][debug][command:2f1cbbbb-af44-40ac-b36c-86eefac06361][tid:33][com.facebook.buck.apple.AppleCxxPlatforms] SDK AppleSdk{name=iphonesimulator, version=11.0, applePlatform=ApplePlatform{name=iphonesimulator, swiftName=ios, architectures=[i386, x86_64], minVersionFlagPrefix=-mios-simulator-version-min=, stubBinaryPath=Library/Application Support/WatchKit/WK, appIncludesFrameworks=false}, architectures=[i386, x86_64], toolchains=[AppleToolchain{identifier=com.apple.dt.toolchain.XcodeDefault, path=/Applications/Xcode.app/Contents/Developer/Toolchains/XcodeDefault.xctoolchain}]} using default version 10.0
[2017-10-04 15:03:49.900][debug][command:2f1cbbbb-af44-40ac-b36c-86eefac06361][tid:33][com.facebook.buck.apple.AppleCxxPlatforms] Xcode build version is: 9A235
[2017-10-04 15:03:49.901][warn ][command:2f1cbbbb-af44-40ac-b36c-86eefac06361][tid:33][com.facebook.buck.apple.AppleCxxPlatforms] /Applications/Xcode.app/Contents/Developer/Platforms/iPhoneSimulator.platform/version.plist does not exist. Build version will be unset for this platform.
[2017-10-04 15:03:49.902][debug][command:2f1cbbbb-af44-40ac-b36c-86eefac06361][tid:33][com.facebook.buck.apple.AppleCxxPlatforms] Apple toolchain path: /Applications/Xcode.app/Contents/Developer/Toolchains/XcodeDefault.xctoolchain
[2017-10-04 15:03:49.902][debug][command:2f1cbbbb-af44-40ac-b36c-86eefac06361][tid:33][com.facebook.buck.apple.AppleCxxPlatforms] Headers verification platform whitelist: [^\Q/Applications/Xcode.app/Contents/Developer/Platforms/iPhoneSimulator.platform/Developer/Library/Frameworks\E\/.*, ^\Q/Applications/Xcode.app/Contents/Developer/Platforms/iPhoneSimulator.platform/Developer/SDKs/iPhoneSimulator.sdk\E\/.*, ^\Q/Applications/Xcode.app/Contents/Developer/Toolchains/XcodeDefault.xctoolchain\E\/.*]
[2017-10-04 15:03:49.904][debug][command:2f1cbbbb-af44-40ac-b36c-86eefac06361][tid:33][com.facebook.buck.apple.AppleCxxPlatforms] Xcode build version is: 9A235
[2017-10-04 15:03:49.905][warn ][command:2f1cbbbb-af44-40ac-b36c-86eefac06361][tid:33][com.facebook.buck.apple.AppleCxxPlatforms] /Applications/Xcode.app/Contents/Developer/Platforms/iPhoneSimulator.platform/version.plist does not exist. Build version will be unset for this platform.
[2017-10-04 15:03:49.905][debug][command:2f1cbbbb-af44-40ac-b36c-86eefac06361][tid:33][com.facebook.buck.apple.AppleCxxPlatforms] Apple toolchain path: /Applications/Xcode.app/Contents/Developer/Toolchains/XcodeDefault.xctoolchain
[2017-10-04 15:03:49.905][debug][command:2f1cbbbb-af44-40ac-b36c-86eefac06361][tid:33][com.facebook.buck.apple.AppleCxxPlatforms] Headers verification platform whitelist: [^\Q/Applications/Xcode.app/Contents/Developer/Platforms/iPhoneSimulator.platform/Developer/Library/Frameworks\E\/.*, ^\Q/Applications/Xcode.app/Contents/Developer/Platforms/iPhoneSimulator.platform/Developer/SDKs/iPhoneSimulator.sdk\E\/.*, ^\Q/Applications/Xcode.app/Contents/Developer/Toolchains/XcodeDefault.xctoolchain\E\/.*]
[2017-10-04 15:03:49.906][debug][command:2f1cbbbb-af44-40ac-b36c-86eefac06361][tid:33][com.facebook.buck.apple.AppleCxxPlatforms] SDK AppleSdk{name=macosx, version=10.13, applePlatform=ApplePlatform{name=macosx, architectures=[i386, x86_64], minVersionFlagPrefix=-mmacosx-version-min=, appIncludesFrameworks=true}, architectures=[i386, x86_64], toolchains=[AppleToolchain{identifier=com.apple.dt.toolchain.XcodeDefault, path=/Applications/Xcode.app/Contents/Developer/Toolchains/XcodeDefault.xctoolchain}]} using default version 10.13
[2017-10-04 15:03:49.907][debug][command:2f1cbbbb-af44-40ac-b36c-86eefac06361][tid:33][com.facebook.buck.apple.AppleCxxPlatforms] Xcode build version is: 9A235
[2017-10-04 15:03:49.909][warn ][command:2f1cbbbb-af44-40ac-b36c-86eefac06361][tid:33][com.facebook.buck.apple.AppleCxxPlatforms] In /Applications/Xcode.app/Contents/Developer/Platforms/MacOSX.platform/version.plist, missing ProductBuildVersion. Build version will be unset for this platform.
[2017-10-04 15:03:49.910][debug][command:2f1cbbbb-af44-40ac-b36c-86eefac06361][tid:33][com.facebook.buck.apple.AppleCxxPlatforms] Apple toolchain path: /Applications/Xcode.app/Contents/Developer/Toolchains/XcodeDefault.xctoolchain
[2017-10-04 15:03:49.910][debug][command:2f1cbbbb-af44-40ac-b36c-86eefac06361][tid:33][com.facebook.buck.apple.AppleCxxPlatforms] Headers verification platform whitelist: [^\Q/Applications/Xcode.app/Contents/Developer/Platforms/MacOSX.platform/Developer/Library/Frameworks\E\/.*, ^\Q/Applications/Xcode.app/Contents/Developer/Platforms/MacOSX.platform/Developer/SDKs/MacOSX.sdk\E\/.*, ^\Q/Applications/Xcode.app/Contents/Developer/Toolchains/XcodeDefault.xctoolchain\E\/.*]
[2017-10-04 15:03:49.912][debug][command:2f1cbbbb-af44-40ac-b36c-86eefac06361][tid:33][com.facebook.buck.apple.AppleCxxPlatforms] Xcode build version is: 9A235
[2017-10-04 15:03:49.915][warn ][command:2f1cbbbb-af44-40ac-b36c-86eefac06361][tid:33][com.facebook.buck.apple.AppleCxxPlatforms] In /Applications/Xcode.app/Contents/Developer/Platforms/MacOSX.platform/version.plist, missing ProductBuildVersion. Build version will be unset for this platform.
[2017-10-04 15:03:49.915][debug][command:2f1cbbbb-af44-40ac-b36c-86eefac06361][tid:33][com.facebook.buck.apple.AppleCxxPlatforms] Apple toolchain path: /Applications/Xcode.app/Contents/Developer/Toolchains/XcodeDefault.xctoolchain
[2017-10-04 15:03:49.915][debug][command:2f1cbbbb-af44-40ac-b36c-86eefac06361][tid:33][com.facebook.buck.apple.AppleCxxPlatforms] Headers verification platform whitelist: [^\Q/Applications/Xcode.app/Contents/Developer/Platforms/MacOSX.platform/Developer/Library/Frameworks\E\/.*, ^\Q/Applications/Xcode.app/Contents/Developer/Platforms/MacOSX.platform/Developer/SDKs/MacOSX.sdk\E\/.*, ^\Q/Applications/Xcode.app/Contents/Developer/Toolchains/XcodeDefault.xctoolchain\E\/.*]
[2017-10-04 15:03:49.916][debug][command:2f1cbbbb-af44-40ac-b36c-86eefac06361][tid:33][com.facebook.buck.apple.AppleCxxPlatforms] SDK AppleSdk{name=watchos, version=4.0, applePlatform=ApplePlatform{name=watchos, provisioningProfileName=iOS, architectures=[armv7k], minVersionFlagPrefix=-mwatchos-version-min=, stubBinaryPath=Library/Application Support/WatchKit/WK, appIncludesFrameworks=false}, architectures=[armv7k], toolchains=[AppleToolchain{identifier=com.apple.dt.toolchain.XcodeDefault, path=/Applications/Xcode.app/Contents/Developer/Toolchains/XcodeDefault.xctoolchain}]} using default version 4.0
[2017-10-04 15:03:49.917][debug][command:2f1cbbbb-af44-40ac-b36c-86eefac06361][tid:33][com.facebook.buck.apple.AppleCxxPlatforms] Xcode build version is: 9A235
[2017-10-04 15:03:49.920][debug][command:2f1cbbbb-af44-40ac-b36c-86eefac06361][tid:33][com.facebook.buck.apple.AppleCxxPlatforms] Apple toolchain path: /Applications/Xcode.app/Contents/Developer/Toolchains/XcodeDefault.xctoolchain
[2017-10-04 15:03:49.920][debug][command:2f1cbbbb-af44-40ac-b36c-86eefac06361][tid:33][com.facebook.buck.apple.AppleCxxPlatforms] Headers verification platform whitelist: [^\Q/Applications/Xcode.app/Contents/Developer/Platforms/WatchOS.platform/Developer/Library/Frameworks\E\/.*, ^\Q/Applications/Xcode.app/Contents/Developer/Platforms/WatchOS.platform/Developer/SDKs/WatchOS.sdk\E\/.*, ^\Q/Applications/Xcode.app/Contents/Developer/Toolchains/XcodeDefault.xctoolchain\E\/.*]
[2017-10-04 15:03:49.920][debug][command:2f1cbbbb-af44-40ac-b36c-86eefac06361][tid:33][com.facebook.buck.apple.AppleCxxPlatforms] SDK AppleSdk{name=watchsimulator, version=4.0, applePlatform=ApplePlatform{name=watchsimulator, architectures=[i386], minVersionFlagPrefix=-mwatchos-simulator-version-min=, stubBinaryPath=Library/Application Support/WatchKit/WK, appIncludesFrameworks=false}, architectures=[i386], toolchains=[AppleToolchain{identifier=com.apple.dt.toolchain.XcodeDefault, path=/Applications/Xcode.app/Contents/Developer/Toolchains/XcodeDefault.xctoolchain}]} using default version 4.0
[2017-10-04 15:03:49.921][debug][command:2f1cbbbb-af44-40ac-b36c-86eefac06361][tid:33][com.facebook.buck.apple.AppleCxxPlatforms] Xcode build version is: 9A235
[2017-10-04 15:03:49.924][debug][command:2f1cbbbb-af44-40ac-b36c-86eefac06361][tid:33][com.facebook.buck.apple.AppleCxxPlatforms] Apple toolchain path: /Applications/Xcode.app/Contents/Developer/Toolchains/XcodeDefault.xctoolchain
[2017-10-04 15:03:49.924][debug][command:2f1cbbbb-af44-40ac-b36c-86eefac06361][tid:33][com.facebook.buck.apple.AppleCxxPlatforms] Headers verification platform whitelist: [^\Q/Applications/Xcode.app/Contents/Developer/Platforms/WatchSimulator.platform/Developer/Library/Frameworks\E\/.*, ^\Q/Applications/Xcode.app/Contents/Developer/Platforms/WatchSimulator.platform/Developer/SDKs/WatchSimulator.sdk\E\/.*, ^\Q/Applications/Xcode.app/Contents/Developer/Toolchains/XcodeDefault.xctoolchain\E\/.*]
[2017-10-04 15:03:49.940][debug][command:2f1cbbbb-af44-40ac-b36c-86eefac06361][tid:33][com.facebook.buck.io.ExecutableFinder] Executable 'clang' mapped to 'Optional[/usr/bin/clang]'
[2017-10-04 15:03:49.942][debug][command:2f1cbbbb-af44-40ac-b36c-86eefac06361][tid:33][com.facebook.buck.io.ExecutableFinder] Executable 'clang++' mapped to 'Optional[/usr/bin/clang++]'
[2017-10-04 15:03:49.942][debug][command:2f1cbbbb-af44-40ac-b36c-86eefac06361][tid:33][com.facebook.buck.io.ExecutableFinder] Executable 'ar' mapped to 'Optional[/usr/bin/ar]'
[2017-10-04 15:03:49.944][debug][command:2f1cbbbb-af44-40ac-b36c-86eefac06361][tid:33][com.facebook.buck.io.ExecutableFinder] Executable 'strip' mapped to 'Optional[/usr/bin/strip]'
[2017-10-04 15:03:49.944][debug][command:2f1cbbbb-af44-40ac-b36c-86eefac06361][tid:33][com.facebook.buck.io.ExecutableFinder] Executable 'ranlib' mapped to 'Optional[/usr/bin/ranlib]'
[2017-10-04 15:03:49.945][debug][command:2f1cbbbb-af44-40ac-b36c-86eefac06361][tid:33][com.facebook.buck.io.ExecutableFinder] Executable 'nm' mapped to 'Optional[/usr/bin/nm]'
[2017-10-04 15:03:49.946][debug][command:2f1cbbbb-af44-40ac-b36c-86eefac06361][tid:33][com.facebook.buck.cxx.toolchain.CxxPlatforms] Using config default C++ platform CxxPlatform{flavor=iphonesimulator-x86_64, as=com.facebook.buck.cxx.toolchain.CompilerProvider@24f365e8, asflags=[-isysroot, /Applications/Xcode.app/Contents/Developer/Platforms/iPhoneSimulator.platform/Developer/SDKs/iPhoneSimulator.sdk, -arch, x86_64, -mios-simulator-version-min=10.0, -iquote, /Users/kieranlafferty/Desktop/BuckTest], aspp=com.facebook.buck.cxx.toolchain.PreprocessorProvider@4a79767a, asppflags=[], cc=com.facebook.buck.cxx.toolchain.CompilerProvider@5c44305b, cflags=[-isysroot, /Applications/Xcode.app/Contents/Developer/Platforms/iPhoneSimulator.platform/Developer/SDKs/iPhoneSimulator.sdk, -arch, x86_64, -mios-simulator-version-min=10.0, -iquote, /Users/kieranlafferty/Desktop/BuckTest, -g, -fmodules, -fobjc-arc, -D, BUCK, -w], cxx=com.facebook.buck.cxx.toolchain.CompilerProvider@56c965d6, cxxflags=[-isysroot, /Applications/Xcode.app/Contents/Developer/Platforms/iPhoneSimulator.platform/Developer/SDKs/iPhoneSimulator.sdk, -arch, x86_64, -mios-simulator-version-min=10.0, -iquote, /Users/kieranlafferty/Desktop/BuckTest], cpp=com.facebook.buck.cxx.toolchain.PreprocessorProvider@692a96c2, cppflags=[], cxxpp=com.facebook.buck.cxx.toolchain.PreprocessorProvider@68e1f73b, cxxppflags=[], cudappflags=[], cudaflags=[], asmppflags=[], asmflags=[], ld=com.facebook.buck.cxx.toolchain.linker.DefaultLinkerProvider@15dad494, ldflags=[-isysroot, /Applications/Xcode.app/Contents/Developer/Platforms/iPhoneSimulator.platform/Developer/SDKs/iPhoneSimulator.sdk, -arch, x86_64, -mios-simulator-version-min=10.0, -iquote, /Users/kieranlafferty/Desktop/BuckTest, -Wl,-sdk_version, -Wl,11.0, -Wl,-ObjC], runtimeLdflags={}, strip=VersionedTool{path=/Applications/Xcode.app/Contents/Developer/Toolchains/XcodeDefault.xctoolchain/usr/bin/strip, extraArgs=[], name=apple-strip, version=11.0:9A235}, stripFlags=[], ar=com.facebook.buck.cxx.toolchain.ArchiverProvider$1@820f42c, arflags=[], ranlib=com.facebook.buck.rules.ConstantToolProvider@3581ff6c, ranlibflags=[], symbolNameTool=com.facebook.buck.cxx.toolchain.LazyDelegatingSymbolNameTool@52be9ec8, sharedLibraryExtension=dylib, sharedLibraryVersionedExtensionFormat=%s.dylib, staticLibraryExtension=a, objectFileExtension=o, compilerDebugPathSanitizer=com.facebook.buck.cxx.toolchain.PrefixMapDebugPathSanitizer@11838e7f, assemblerDebugPathSanitizer=com.facebook.buck.cxx.toolchain.MungingDebugPathSanitizer@1e8d89f7, headerVerification=HeaderVerification{mode=IGNORE, whitelist=[], platformWhitelist=[^\Q/Applications/Xcode.app/Contents/Developer/Platforms/iPhoneSimulator.platform/Developer/Library/Frameworks\E\/.*, ^\Q/Applications/Xcode.app/Contents/Developer/Platforms/iPhoneSimulator.platform/Developer/SDKs/iPhoneSimulator.sdk\E\/.*, ^\Q/Applications/Xcode.app/Contents/Developer/Toolchains/XcodeDefault.xctoolchain\E\/.*], whitelistPatterns=[^\Q/Applications/Xcode.app/Contents/Developer/Platforms/iPhoneSimulator.platform/Developer/Library/Frameworks\E\/.*, ^\Q/Applications/Xcode.app/Contents/Developer/Platforms/iPhoneSimulator.platform/Developer/SDKs/iPhoneSimulator.sdk\E\/.*, ^\Q/Applications/Xcode.app/Contents/Developer/Toolchains/XcodeDefault.xctoolchain\E\/.*]}, flagMacros={SDKROOT=/Applications/Xcode.app/Contents/Developer/Platforms/iPhoneSimulator.platform/Developer/SDKs/iPhoneSimulator.sdk, PLATFORM_DIR=/Applications/Xcode.app/Contents/Developer/Platforms/iPhoneSimulator.platform, CURRENT_ARCH=x86_64, DEVELOPER_DIR=/Applications/Xcode.app/Contents/Developer}, publicHeadersSymlinksEnabled=true, privateHeadersSymlinksEnabled=true}
[2017-10-04 15:03:49.960][debug][command:2f1cbbbb-af44-40ac-b36c-86eefac06361][tid:33][com.facebook.buck.io.ExecutableFinder] Executable 'python2' mapped to 'Optional.empty'
[2017-10-04 15:03:49.960][debug][command:2f1cbbbb-af44-40ac-b36c-86eefac06361][tid:33][com.facebook.buck.io.ExecutableFinder] Executable 'python' mapped to 'Optional[/usr/bin/python]'
[2017-10-04 15:03:50.096][debug][command:2f1cbbbb-af44-40ac-b36c-86eefac06361][tid:33][com.facebook.buck.apple.ProvisioningProfileStore] Provisioning profile search path: /Users/kieranlafferty/Library/MobileDevice/Provisioning Profiles
[2017-10-04 15:03:50.350][debug][command:2f1cbbbb-af44-40ac-b36c-86eefac06361][tid:33][com.facebook.buck.json.BuckPythonProgram] Writing python rules stub to /Users/kieranlafferty/Desktop/BuckTest/buck-out/tmp/buck_run.BpOIi6/buck_python_program6919286923234885049.
[2017-10-04 15:03:51.095][debug][command:2f1cbbbb-af44-40ac-b36c-86eefac06361][tid:33][com.facebook.buck.json.BuckPythonProgram] Created temporary buck.py instance at /Users/kieranlafferty/Desktop/BuckTest/buck-out/tmp/buck_run.BpOIi6/buck_python_program6919286923234885049.
[2017-10-04 15:03:51.101][debug][command:2f1cbbbb-af44-40ac-b36c-86eefac06361][tid:33][com.facebook.buck.json.PythonDslProjectBuildFileParser] Starting buck.py command: [/usr/bin/python, -u, /Users/kieranlafferty/Desktop/BuckTest/buck-out/tmp/buck_run.BpOIi6/buck_python_program6919286923234885049/__main__.py, --allow_empty_globs, --watchman_glob_stat_results, --project_root, /Users/kieranlafferty/Desktop/BuckTest, --cell_name, , --build_file_name, BUCK, --quiet, --config, /Users/kieranlafferty/Desktop/BuckTest/buck-out/tmp/buck_run.BpOIi6/raw_config2981976571236871011.json, --ignore_paths, /Users/kieranlafferty/Desktop/BuckTest/buck-out/tmp/buck_run.BpOIi6/ignore_paths8725401784226137893.json] environment: Optional[{IRBRC=/Users/kieranlafferty/.rvm/rubies/ruby-2.4.0/.irbrc, PATH=/Users/kieranlafferty/.rvm/gems/ruby-2.4.0/bin:/Users/kieranlafferty/.rvm/gems/ruby-2.4.0@global/bin:/Users/kieranlafferty/.rvm/rubies/ruby-2.4.0/bin:/usr/local/bin:/usr/bin:/bin:/usr/sbin:/sbin:/Users/kieranlafferty/.rvm/bin:/Users/kieranlafferty/.rvm/bin, JAVA_ARCH=x86_64, _system_arch=x86_64, rvm_bin_path=/Users/kieranlafferty/.rvm/bin, BUCK_CLASSPATH=/Users/kieranlafferty/Desktop/BuckTest/.buckd/resources/v2017.09.04.01/buck_server, TERM=xterm-256color, rvm_prefix=/Users/kieranlafferty, LANG=en_US.UTF-8, VERSIONER_PYTHON_VERSION=2.7, BUCK_BUILD_ID=2f1cbbbb-af44-40ac-b36c-86eefac06361, COLUMNS=80, LOGNAME=kieranlafferty, rvm_version=1.29.2 (latest), XPC_SERVICE_NAME=0, PWD=/Users/kieranlafferty/Desktop/BuckTest, TERM_PROGRAM_VERSION=388.1.1, _=./buck/bin/buck, JAVA_MAIN_CLASS_14302=com.facebook.buck.cli.bootstrapper.ClassLoaderBootstrapper, SHELL=/bin/bash, NVM_DIR=/Users/kieranlafferty/.nvm, TERM_PROGRAM=Apple_Terminal, _system_type=Darwin, MY_RUBY_HOME=/Users/kieranlafferty/.rvm/rubies/ruby-2.4.0, BUCK_PYTHON_SPACE_INIT_TIME=5, _system_version=10.12, OLDPWD=/Users/kieranlafferty/Desktop/BuckTest/Apps, GEM_HOME=/Users/kieranlafferty/.rvm/gems/ruby-2.4.0, USER=kieranlafferty, VERSIONER_PYTHON_PREFER_32_BIT=no, CLASSPATH=/Users/kieranlafferty/Desktop/BuckTest/.buckd/resources/v2017.09.04.01/bootstrapper_jar, TMPDIR=/var/folders/zz/v2fpp8m54y1dq0qh5yt0hqvr0000gn/T/, rvm_path=/Users/kieranlafferty/.rvm, SSH_AUTH_SOCK=/private/tmp/com.apple.launchd.6ZK0SrMSVY/Listeners, GEM_PATH=/Users/kieranlafferty/.rvm/gems/ruby-2.4.0:/Users/kieranlafferty/.rvm/gems/ruby-2.4.0@global, XPC_FLAGS=0x0, RUBY_VERSION=ruby-2.4.0, TERM_SESSION_ID=CB4A996C-E3FC-48E1-BE88-F3365BBC9D63, BUCK_TTY=1, _system_name=OSX, __CF_USER_TEXT_ENCODING=0x1F5:0x0:0x0, Apple_PubSub_Socket_Render=/private/tmp/com.apple.launchd.2MgsOd4gbP/Render, com.apple.java.jvmTask=CommandLine, SHLVL=1, HOME=/Users/kieranlafferty}]
[2017-10-04 15:03:51.105][debug][command:2f1cbbbb-af44-40ac-b36c-86eefac06361][tid:33][com.facebook.buck.json.PythonDslProjectBuildFileParser] Started process com.facebook.buck.util.ProcessExecutor$LaunchedProcessImpl@1955957 successfully
[2017-10-04 15:03:51.495][debug][command:null][tid:44][com.facebook.buck.json.PythonDslProjectBuildFileParser] Closing buck.py process stdin
[2017-10-04 15:03:51.496][debug][command:2f1cbbbb-af44-40ac-b36c-86eefac06361][tid:01][com.facebook.buck.rules.ActionGraphCache] Computing TargetGraph HashCode...
[2017-10-04 15:03:51.497][info ][command:2f1cbbbb-af44-40ac-b36c-86eefac06361][tid:01][com.facebook.buck.rules.ActionGraphCache] ActionGraph cache miss. Cache was empty.
[2017-10-04 15:03:51.512][debug][command:null][tid:44][com.facebook.buck.json.PythonDslProjectBuildFileParser] Waiting for process com.facebook.buck.util.ProcessExecutor$LaunchedProcessImpl@1955957 to exit...
[2017-10-04 15:03:51.513][debug][command:null][tid:44][com.facebook.buck.json.PythonDslProjectBuildFileParser] Process com.facebook.buck.util.ProcessExecutor$LaunchedProcessImpl@1955957 exited cleanly.
[2017-10-04 15:03:51.774][info ][command:2f1cbbbb-af44-40ac-b36c-86eefac06361][tid:01][com.facebook.buck.rules.ActionGraphCache] ActionGraph cache assignment. skipActionGraphCache? false
[2017-10-04 15:03:51.797][debug][command:2f1cbbbb-af44-40ac-b36c-86eefac06361][tid:01][com.facebook.buck.cli.MetadataChecker] Checking metadata_storage for /Users/kieranlafferty/Desktop/BuckTest
[2017-10-04 15:03:51.953][warn ][command:2f1cbbbb-af44-40ac-b36c-86eefac06361][tid:42][com.facebook.buck.rules.keys.RuleKeyBuilder] Attempting to add absolute path to rule key. Only using file name: /usr/bin/codesign
[2017-10-04 15:03:51.999][debug][command:2f1cbbbb-af44-40ac-b36c-86eefac06361][tid:41][com.facebook.buck.rules.CachingBuildRuleBuilder] Cache miss for '//Apps/BuckSwiftDemo:BuckSwiftDemo#dwarf-and-dsym,no-include-frameworks' with rulekey 'f2f08d0a85ea1868d45e31e3423b7493495bfc27'
[2017-10-04 15:03:52.009][debug][command:2f1cbbbb-af44-40ac-b36c-86eefac06361][tid:42][com.facebook.buck.rules.CachingBuildRuleBuilder] Cache miss for '//Apps/BuckSwiftDemo:BuckSwiftDemoBinary#iphonesimulator-x86_64,strip-non-global' with rulekey '41f6c1dd89eade1df3576065fdfe3ac1a627af4d'
[2017-10-04 15:03:52.010][debug][command:2f1cbbbb-af44-40ac-b36c-86eefac06361][tid:37][com.facebook.buck.rules.CachingBuildRuleBuilder] Cache miss for '//Apps/BuckSwiftDemo:BuckSwiftDemoBinary#apple-dsym,iphonesimulator-x86_64' with rulekey '90b9bf9215e79af87d2e73fdda27e70bc7aaebb3'
[2017-10-04 15:03:52.010][debug][command:2f1cbbbb-af44-40ac-b36c-86eefac06361][tid:43][com.facebook.buck.rules.CachingBuildRuleBuilder] Cache miss for '//Apps/BuckSwiftDemo:BuckSwiftDemoBinary#iphonesimulator-x86_64,strip-non-global,stripped' with rulekey '72a20108edc1926f1a19f67691c91a5e555c4299'
[2017-10-04 15:03:52.013][debug][command:2f1cbbbb-af44-40ac-b36c-86eefac06361][tid:42][com.facebook.buck.rules.CachingBuildRuleBuilder] Cache miss for '//Apps/BuckSwiftDemo:BuckSwiftDemoBinary#binary,iphonesimulator-x86_64' with rulekey 'be36bd282fa33d707409de1acc3d87434b8b3d42'
[2017-10-04 15:03:52.013][debug][command:2f1cbbbb-af44-40ac-b36c-86eefac06361][tid:38][com.facebook.buck.rules.CachingBuildRuleBuilder] Cache miss for '//Apps/BuckSwiftDemo:BuckSwiftDemoBinary#compile-main.m.oefe8068e,iphonesimulator-x86_64' with rulekey 'f8fab261fb1c3b6ed74a6cc82e977843a24f9dfc'
[2017-10-04 15:03:52.015][debug][command:2f1cbbbb-af44-40ac-b36c-86eefac06361][tid:43][com.facebook.buck.rules.CachingBuildRuleBuilder] Cache miss for '//Apps/BuckSwiftDemo:BuckSwiftDemoBinary#iphonesimulator-x86_64' with rulekey '4e7e56dcad9490ccbe4ebf1624c0f9e2e34870c1'
[2017-10-04 15:03:52.018][debug][command:2f1cbbbb-af44-40ac-b36c-86eefac06361][tid:38][com.facebook.buck.rules.CachingBuildRuleBuilder] Cache miss for '//Apps/BuckSwiftDemo:BuckSwiftDemoLibrary#iphonesimulator-x86_64,swift-compile' with rulekey '0f5d29044c5b2ddad6c799f88fcb23fa367541f2'
[2017-10-04 15:03:52.019][debug][command:2f1cbbbb-af44-40ac-b36c-86eefac06361][tid:39][com.facebook.buck.rules.CachingBuildRuleBuilder] Cache miss for '//Apps/BuckSwiftDemo:BuckSwiftDemoBinary#apple-debuggable-binary,dwarf-and-dsym,iphonesimulator-x86_64,strip-non-global' with rulekey '4e10f111b139ad85628c4b0d473f531453e78b5a'
[2017-10-04 15:03:52.027][debug][command:2f1cbbbb-af44-40ac-b36c-86eefac06361][tid:42][com.facebook.buck.rules.CachingBuildRuleBuilder] Building locally: //Apps/BuckSwiftDemo:BuckSwiftDemoLibrary#iphonesimulator-x86_64,swift-compile
[2017-10-04 15:03:52.028][debug][command:2f1cbbbb-af44-40ac-b36c-86eefac06361][tid:43][com.facebook.buck.rules.CachingBuildRuleBuilder] Building locally: //Apps/BuckSwiftDemo:BuckSwiftDemoLibrary#swift-companion
[2017-10-04 15:03:52.028][debug][command:2f1cbbbb-af44-40ac-b36c-86eefac06361][tid:33][com.facebook.buck.rules.CachingBuildRuleBuilder] Building locally: //Apps/BuckSwiftDemo:BuckSwiftDemoBinary#iphonesimulator-x86_64,private-headers
[2017-10-04 15:03:52.032][debug][command:2f1cbbbb-af44-40ac-b36c-86eefac06361][tid:43][com.facebook.buck.rules.CachingBuildRuleBuilder] Build completed: swift_library //Apps/BuckSwiftDemo:BuckSwiftDemoLibrary#swift-companion (3679288ns)
[2017-10-04 15:03:52.033][debug][command:2f1cbbbb-af44-40ac-b36c-86eefac06361][tid:33][com.facebook.buck.cxx.HeaderSymlinkTreeWithHeaderMap] Generating post-build steps to write header map to buck-out/gen/Apps/BuckSwiftDemo/BuckSwiftDemoBinary#iphonesimulator-x86_64,private-headers.hmap
[2017-10-04 15:03:52.047][debug][command:2f1cbbbb-af44-40ac-b36c-86eefac06361][tid:38][com.facebook.buck.rules.CachingBuildRuleBuilder] Building locally: //Apps/BuckSwiftDemo:BuckSwiftDemoLibrary
[2017-10-04 15:03:52.048][debug][command:2f1cbbbb-af44-40ac-b36c-86eefac06361][tid:38][com.facebook.buck.rules.CachingBuildRuleBuilder] Build completed: cxx_library //Apps/BuckSwiftDemo:BuckSwiftDemoLibrary (48782ns)
[2017-10-04 15:03:52.055][debug][command:2f1cbbbb-af44-40ac-b36c-86eefac06361][tid:42][com.facebook.buck.swift.SwiftCompileStep] [/Applications/Xcode.app/Contents/Developer/Toolchains/XcodeDefault.xctoolchain/usr/bin/swiftc, -frontend, -sdk, /Applications/Xcode.app/Contents/Developer/Platforms/iPhoneSimulator.platform/Developer/SDKs/iPhoneSimulator.sdk, -target, x86_64-apple-ios10.0, -F, /Applications/Xcode.app/Contents/Developer/Platforms/iPhoneSimulator.platform/Developer/SDKs/iPhoneSimulator.sdk/System/Library/Frameworks, -F, /Applications/Xcode.app/Contents/Developer/Platforms/iPhoneSimulator.platform/Developer/SDKs/iPhoneSimulator.sdk/System/Library/Frameworks, -DBUCK, -whole-module-optimization, -enable-testing, -suppress-warnings, -c, -enable-objc-interop, -parse-as-library, -module-name, BuckSwiftDemoLibrary, -emit-module, -emit-module-path, buck-out/gen/Apps/BuckSwiftDemo/BuckSwiftDemoLibrary#iphonesimulator-x86_64,swift-compile/BuckSwiftDemoLibrary.swiftmodule, -o, buck-out/gen/Apps/BuckSwiftDemo/BuckSwiftDemoLibrary#iphonesimulator-x86_64,swift-compile/BuckSwiftDemoLibrary.o, -emit-objc-header-path, buck-out/gen/Apps/BuckSwiftDemo/BuckSwiftDemoLibrary#iphonesimulator-x86_64,swift-compile/BuckSwiftDemoLibrary-Swift.h, -swift-version, 3, Apps/BuckSwiftDemo/BuckSwiftDemo/AppDelegate.swift, Apps/BuckSwiftDemo/BuckSwiftDemo/ViewController.swift]
[2017-10-04 15:03:52.055][debug][command:2f1cbbbb-af44-40ac-b36c-86eefac06361][tid:42][com.facebook.buck.util.ListeningProcessExecutor] Launching process with params ProcessExecutorParams{command=[/Applications/Xcode.app/Contents/Developer/Toolchains/XcodeDefault.xctoolchain/usr/bin/swiftc, -frontend, -sdk, /Applications/Xcode.app/Contents/Developer/Platforms/iPhoneSimulator.platform/Developer/SDKs/iPhoneSimulator.sdk, -target, x86_64-apple-ios10.0, -F, /Applications/Xcode.app/Contents/Developer/Platforms/iPhoneSimulator.platform/Developer/SDKs/iPhoneSimulator.sdk/System/Library/Frameworks, -F, /Applications/Xcode.app/Contents/Developer/Platforms/iPhoneSimulator.platform/Developer/SDKs/iPhoneSimulator.sdk/System/Library/Frameworks, -DBUCK, -whole-module-optimization, -enable-testing, -suppress-warnings, -c, -enable-objc-interop, -parse-as-library, -module-name, BuckSwiftDemoLibrary, -emit-module, -emit-module-path, buck-out/gen/Apps/BuckSwiftDemo/BuckSwiftDemoLibrary#iphonesimulator-x86_64,swift-compile/BuckSwiftDemoLibrary.swiftmodule, -o, buck-out/gen/Apps/BuckSwiftDemo/BuckSwiftDemoLibrary#iphonesimulator-x86_64,swift-compile/BuckSwiftDemoLibrary.o, -emit-objc-header-path, buck-out/gen/Apps/BuckSwiftDemo/BuckSwiftDemoLibrary#iphonesimulator-x86_64,swift-compile/BuckSwiftDemoLibrary-Swift.h, -swift-version, 3, Apps/BuckSwiftDemo/BuckSwiftDemo/AppDelegate.swift, Apps/BuckSwiftDemo/BuckSwiftDemo/ViewController.swift], directory=/Users/kieranlafferty/Desktop/BuckTest, environment={}}
[2017-10-04 15:03:52.055][debug][command:2f1cbbbb-af44-40ac-b36c-86eefac06361][tid:33][com.facebook.buck.cxx.HeaderMapStep] Writing header map with 0 entries to buck-out/gen/Apps/BuckSwiftDemo/BuckSwiftDemoBinary#iphonesimulator-x86_64,private-headers.hmap
[2017-10-04 15:03:52.061][debug][command:2f1cbbbb-af44-40ac-b36c-86eefac06361][tid:42][com.facebook.buck.util.ListeningProcessExecutor] Successfully launched process com.zaxxer.nuprocess.osx.OsxProcess@709d04a1
[2017-10-04 15:03:52.061][debug][command:2f1cbbbb-af44-40ac-b36c-86eefac06361][tid:33][com.facebook.buck.rules.CachingBuildRuleBuilder] Build completed: symlink_tree //Apps/BuckSwiftDemo:BuckSwiftDemoBinary#iphonesimulator-x86_64,private-headers (32902983ns)
[2017-10-04 15:03:52.062][debug][command:2f1cbbbb-af44-40ac-b36c-86eefac06361][tid:42][com.facebook.buck.util.ListeningProcessExecutor] Waiting for process com.facebook.buck.util.ListeningProcessExecutor$LaunchedProcessImpl@30142063 timeout 0 SECONDS
[2017-10-04 15:03:52.384][debug][command:2f1cbbbb-af44-40ac-b36c-86eefac06361][tid:42][com.facebook.buck.util.ListeningProcessExecutor] Wait for process returned 0
[2017-10-04 15:03:52.385][debug][command:2f1cbbbb-af44-40ac-b36c-86eefac06361][tid:42][com.facebook.buck.rules.CachingBuildRuleBuilder] Build completed: swift_compile //Apps/BuckSwiftDemo:BuckSwiftDemoLibrary#iphonesimulator-x86_64,swift-compile (357080893ns)
[2017-10-04 15:03:52.401][debug][command:2f1cbbbb-af44-40ac-b36c-86eefac06361][tid:43][com.facebook.buck.rules.CachingBuildRuleBuilder] Building locally: //Apps/BuckSwiftDemo:BuckSwiftDemoBinary#iphonesimulator-x86_64,preprocessor-deps
[2017-10-04 15:03:52.402][debug][command:2f1cbbbb-af44-40ac-b36c-86eefac06361][tid:43][com.facebook.buck.rules.CachingBuildRuleBuilder] Build completed: dependency_aggregation //Apps/BuckSwiftDemo:BuckSwiftDemoBinary#iphonesimulator-x86_64,preprocessor-deps (63678ns)
[2017-10-04 15:03:52.411][debug][command:2f1cbbbb-af44-40ac-b36c-86eefac06361][tid:37][com.facebook.buck.rules.CachingBuildRuleBuilder] Cache miss for '//Apps/BuckSwiftDemo:BuckSwiftDemoBinary#compile-main.m.oefe8068e,iphonesimulator-x86_64' with rulekey 'c7984a99402b48b4fcc744c23d82e09306047e30'
[2017-10-04 15:03:52.413][debug][command:2f1cbbbb-af44-40ac-b36c-86eefac06361][tid:37][com.facebook.buck.rules.CachingBuildRuleBuilder] Building locally: //Apps/BuckSwiftDemo:BuckSwiftDemoBinary#compile-main.m.oefe8068e,iphonesimulator-x86_64
[2017-10-04 15:03:52.437][debug][command:2f1cbbbb-af44-40ac-b36c-86eefac06361][tid:37][com.facebook.buck.cxx.CxxPreprocessAndCompileStep] preprocess_and_compile Apps/BuckSwiftDemo/BuckSwiftDemo/main.m -> buck-out/gen/Apps/BuckSwiftDemo/BuckSwiftDemoBinary#compile-main.m.oefe8068e,iphonesimulator-x86_64/BuckSwiftDemo/main.m.o
[2017-10-04 15:03:52.446][debug][command:2f1cbbbb-af44-40ac-b36c-86eefac06361][tid:37][com.facebook.buck.cxx.CxxPreprocessAndCompileStep] Running command (pwd=Optional[/Users/kieranlafferty/Desktop/BuckTest]): (verbosity level disables command output)
[2017-10-04 15:03:52.776][warn ][command:2f1cbbbb-af44-40ac-b36c-86eefac06361][tid:37][com.facebook.buck.cxx.CxxPreprocessAndCompileStep] error 1 preprocess_and_compile Apps/BuckSwiftDemo/BuckSwiftDemo/main.m
[2017-10-04 15:03:52.776][warn ][command:2f1cbbbb-af44-40ac-b36c-86eefac06361][tid:26][com.facebook.buck.event.listener.LoggingBuildListener] [1mApps/BuckSwiftDemo/BuckSwiftDemo/main.m:10:9: [0m[0;1;31mfatal error: [0m[1m'BuckSwiftDemoLibrary/BuckSwiftDemoLibrary-swift.h' file not found[0m
#import <BuckSwiftDemoLibrary/BuckSwiftDemoLibrary-swift.h>
[0;1;32m        ^~~~~~~~~~~~~~~~~~~~~~~~~~~~~~~~~~~~~~~~~~~~~~~~~~~
[0m1 error generated.
[2017-10-04 15:03:52.777][debug][command:2f1cbbbb-af44-40ac-b36c-86eefac06361][tid:37][com.facebook.buck.rules.CachingBuildRuleBuilder] Building rule [//Apps/BuckSwiftDemo:BuckSwiftDemoBinary#compile-main.m.oefe8068e,iphonesimulator-x86_64] failed.
com.facebook.buck.step.StepFailedException: //Apps/BuckSwiftDemo:BuckSwiftDemoBinary#compile-main.m.oefe8068e,iphonesimulator-x86_64 failed with exit code 1:
objective-c preprocess_and_compile
stderr: [1mApps/BuckSwiftDemo/BuckSwiftDemo/main.m:10:9: [0m[0;1;31mfatal error: [0m[1m'BuckSwiftDemoLibrary/BuckSwiftDemoLibrary-swift.h' file not found[0m
#import <BuckSwiftDemoLibrary/BuckSwiftDemoLibrary-swift.h>
[0;1;32m        ^~~~~~~~~~~~~~~~~~~~~~~~~~~~~~~~~~~~~~~~~~~~~~~~~~~
[0m1 error generated.
	at com.facebook.buck.step.StepFailedException.createForFailingStepWithExitCode(StepFailedException.java:63)
	at com.facebook.buck.step.DefaultStepRunner.runStepForBuildTarget(DefaultStepRunner.java:54)
	at com.facebook.buck.rules.CachingBuildRuleBuilder$BuildRuleSteps.executeCommandsNowThatDepsAreBuilt(CachingBuildRuleBuilder.java:1682)
	at com.facebook.buck.rules.CachingBuildRuleBuilder$BuildRuleSteps.run(CachingBuildRuleBuilder.java:1638)
	at com.facebook.buck.util.concurrent.WeightedListeningExecutorService.lambda$submit$2(WeightedListeningExecutorService.java:104)
	at com.facebook.buck.util.concurrent.WeightedListeningExecutorService.lambda$submitWithSemaphore$0(WeightedListeningExecutorService.java:78)
	at com.google.common.util.concurrent.AbstractTransformFuture$AsyncTransformFuture.doTransform(AbstractTransformFuture.java:211)
	at com.google.common.util.concurrent.AbstractTransformFuture$AsyncTransformFuture.doTransform(AbstractTransformFuture.java:200)
	at com.google.common.util.concurrent.AbstractTransformFuture.run(AbstractTransformFuture.java:130)
	at com.google.common.util.concurrent.MoreExecutors$5$1.run(MoreExecutors.java:988)
	at java.util.concurrent.ThreadPoolExecutor.runWorker(ThreadPoolExecutor.java:1142)
	at java.util.concurrent.ThreadPoolExecutor$Worker.run(ThreadPoolExecutor.java:617)
	at java.lang.Thread.run(Thread.java:748)

[2017-10-04 15:03:52.779][debug][command:2f1cbbbb-af44-40ac-b36c-86eefac06361][tid:01][com.facebook.buck.command.Build] Got an exception during the build.
com.facebook.buck.step.StepFailedException: //Apps/BuckSwiftDemo:BuckSwiftDemoBinary#compile-main.m.oefe8068e,iphonesimulator-x86_64 failed with exit code 1:
objective-c preprocess_and_compile
stderr: [1mApps/BuckSwiftDemo/BuckSwiftDemo/main.m:10:9: [0m[0;1;31mfatal error: [0m[1m'BuckSwiftDemoLibrary/BuckSwiftDemoLibrary-swift.h' file not found[0m
#import <BuckSwiftDemoLibrary/BuckSwiftDemoLibrary-swift.h>
[0;1;32m        ^~~~~~~~~~~~~~~~~~~~~~~~~~~~~~~~~~~~~~~~~~~~~~~~~~~
[0m1 error generated.
	at com.facebook.buck.step.StepFailedException.createForFailingStepWithExitCode(StepFailedException.java:63)
	at com.facebook.buck.step.DefaultStepRunner.runStepForBuildTarget(DefaultStepRunner.java:54)
	at com.facebook.buck.rules.CachingBuildRuleBuilder$BuildRuleSteps.executeCommandsNowThatDepsAreBuilt(CachingBuildRuleBuilder.java:1682)
	at com.facebook.buck.rules.CachingBuildRuleBuilder$BuildRuleSteps.run(CachingBuildRuleBuilder.java:1638)
	at com.facebook.buck.util.concurrent.WeightedListeningExecutorService.lambda$submit$2(WeightedListeningExecutorService.java:104)
	at com.facebook.buck.util.concurrent.WeightedListeningExecutorService.lambda$submitWithSemaphore$0(WeightedListeningExecutorService.java:78)
	at com.google.common.util.concurrent.AbstractTransformFuture$AsyncTransformFuture.doTransform(AbstractTransformFuture.java:211)
	at com.google.common.util.concurrent.AbstractTransformFuture$AsyncTransformFuture.doTransform(AbstractTransformFuture.java:200)
	at com.google.common.util.concurrent.AbstractTransformFuture.run(AbstractTransformFuture.java:130)
	at com.google.common.util.concurrent.MoreExecutors$5$1.run(MoreExecutors.java:988)
	at java.util.concurrent.ThreadPoolExecutor.runWorker(ThreadPoolExecutor.java:1142)
	at java.util.concurrent.ThreadPoolExecutor$Worker.run(ThreadPoolExecutor.java:617)
	at java.lang.Thread.run(Thread.java:748)

[2017-10-04 15:03:52.780][warn ][command:2f1cbbbb-af44-40ac-b36c-86eefac06361][tid:26][com.facebook.buck.event.listener.LoggingBuildListener] BUILD FAILED: //Apps/BuckSwiftDemo:BuckSwiftDemoBinary#compile-main.m.oefe8068e,iphonesimulator-x86_64 failed with exit code 1:
objective-c preprocess_and_compile
stderr: [1mApps/BuckSwiftDemo/BuckSwiftDemo/main.m:10:9: [0m[0;1;31mfatal error: [0m[1m'BuckSwiftDemoLibrary/BuckSwiftDemoLibrary-swift.h' file not found[0m
#import <BuckSwiftDemoLibrary/BuckSwiftDemoLibrary-swift.h>
[0;1;32m        ^~~~~~~~~~~~~~~~~~~~~~~~~~~~~~~~~~~~~~~~~~~~~~~~~~~
[0m1 error generated.
[2017-10-04 15:03:52.785][info ][command:2f1cbbbb-af44-40ac-b36c-86eefac06361][tid:26][com.facebook.buck.event.listener.LoggingBuildListener] Build finished at 2017-10-04 15:03:52.782
[2017-10-04 15:03:52.785][info ][command:2f1cbbbb-af44-40ac-b36c-86eefac06361][tid:01][com.facebook.buck.cli.Main] Awaiting termination of HTTP Write executor service. Waiting for all jobs to complete, or up to maximum of 1800 seconds...
[2017-10-04 15:03:52.786][info ][command:2f1cbbbb-af44-40ac-b36c-86eefac06361][tid:01][com.facebook.buck.cli.Main] Awaiting termination of CounterAggregatorExecutor executor service. Waiting for all jobs to complete, or up to maximum of 20 seconds...
[2017-10-04 15:03:52.788][debug][command:2f1cbbbb-af44-40ac-b36c-86eefac06361][tid:22][com.facebook.buck.util.perf.ProcessTracker] shutDown
[2017-10-04 15:03:52.789][debug][command:2f1cbbbb-af44-40ac-b36c-86eefac06361][tid:21][com.google.common.util.concurrent.ServiceManager] Service PerfStatsTracking [TERMINATED] has terminated. Previous state was: STOPPING
[2017-10-04 15:03:52.789][debug][command:2f1cbbbb-af44-40ac-b36c-86eefac06361][tid:01][com.facebook.buck.event.listener.SuperConsoleEventBusListener] Stopping render scheduler
[2017-10-04 15:03:52.790][debug][command:2f1cbbbb-af44-40ac-b36c-86eefac06361][tid:22][com.google.common.util.concurrent.ServiceManager] Service ProcessTracker [TERMINATED] has terminated. Previous state was: STOPPING
[2017-10-04 15:03:52.797][info ][command:null][tid:01][com.facebook.buck.cli.Main] Awaiting termination of CPU executor service. Waiting for all jobs to complete, or up to maximum of 60 seconds...
[2017-10-04 15:03:52.797][info ][command:null][tid:01][com.facebook.buck.cli.Main] Awaiting termination of PROJECT executor service. Waiting for all jobs to complete, or up to maximum of 60 seconds...
[2017-10-04 15:03:52.797][info ][command:null][tid:01][com.facebook.buck.cli.Main] Awaiting termination of NETWORK executor service. Waiting for all jobs to complete, or up to maximum of 60 seconds...
[2017-10-04 15:03:52.797][info ][command:null][tid:01][com.facebook.buck.cli.Main] Awaiting termination of ScheduledExecutorService executor service. Waiting for all jobs to complete, or up to maximum of 60 seconds...
[2017-10-04 15:03:52.797][info ][command:null][tid:01][com.facebook.buck.cli.Main] Awaiting termination of Disk IO executor service. Waiting for all jobs to complete, or up to maximum of 10 seconds...
[2017-10-04 15:03:52.797][debug][command:null][tid:01][com.facebook.buck.event.listener.SuperConsoleEventBusListener] Stopping render scheduler
[2017-10-04 15:03:52.798][debug][command:null][tid:01][com.facebook.buck.event.listener.ChromeTraceBuildListener] Writing Chrome trace to buck-out/log/2017-10-04_22h03m48s_buildcommand_2f1cbbbb-af44-40ac-b36c-86eefac06361/build.2017-10-04.15-03-48.2f1cbbbb-af44-40ac-b36c-86eefac06361.trace
[2017-10-04 15:03:52.822][debug][command:null][tid:01][com.facebook.buck.cli.Main] Done.
