[2017-10-04 14:53:31.588][debug][command:null][tid:01][com.facebook.buck.cli.Main] Starting up (build date 2017-10-01 22:48:39 -0700, rev v2017.10.01.01), args: [build, //Apps/BuckSwiftDemo:BuckSwiftDemo]
[2017-10-04 14:53:31.590][debug][command:null][tid:01][com.facebook.buck.cli.Main] System properties: {java.vendor=Oracle Corporation, sun.java.launcher=SUN_STANDARD, sun.management.compiler=HotSpot 64-Bit Tiered Compilers, jnidispatch.path=/Users/kieranlafferty/Desktop/BuckTest/buck-out/tmp/buck_run.ZccEk1/jna-1773210207/jna6376183841198762113.tmp, os.name=Mac OS X, buck.enable_objc=true, sun.boot.class.path=/Library/Java/JavaVirtualMachines/jdk1.8.0_131.jdk/Contents/Home/jre/lib/resources.jar:/Library/Java/JavaVirtualMachines/jdk1.8.0_131.jdk/Contents/Home/jre/lib/rt.jar:/Library/Java/JavaVirtualMachines/jdk1.8.0_131.jdk/Contents/Home/jre/lib/sunrsasign.jar:/Library/Java/JavaVirtualMachines/jdk1.8.0_131.jdk/Contents/Home/jre/lib/jsse.jar:/Library/Java/JavaVirtualMachines/jdk1.8.0_131.jdk/Contents/Home/jre/lib/jce.jar:/Library/Java/JavaVirtualMachines/jdk1.8.0_131.jdk/Contents/Home/jre/lib/charsets.jar:/Library/Java/JavaVirtualMachines/jdk1.8.0_131.jdk/Contents/Home/jre/lib/jfr.jar:/Library/Java/JavaVirtualMachines/jdk1.8.0_131.jdk/Contents/Home/jre/classes, buck.resource_lock_path=/Users/kieranlafferty/Desktop/BuckTest/.buckd/resources/v2017.10.01.01/.buck_lock, java.vm.specification.vendor=Oracle Corporation, java.runtime.version=1.8.0_131-b11, jna.loaded=true, buck.testrunner_classes=/Users/kieranlafferty/Desktop/BuckTest/.buckd/resources/v2017.10.01.01/testrunner_classes, buck.logging_config_file=/Users/kieranlafferty/Desktop/BuckTest/.buckd/resources/v2017.10.01.01/logging_config_file, buck.path_to_sh_binary_template=/Users/kieranlafferty/Desktop/BuckTest/.buckd/resources/v2017.10.01.01/path_to_sh_binary_template, user.name=kieranlafferty, buck.path_to_pywatchman=/Users/kieranlafferty/Desktop/BuckTest/.buckd/resources/v2017.10.01.01/path_to_pywatchman, buck.report_generator_jar=/Users/kieranlafferty/Desktop/BuckTest/.buckd/resources/v2017.10.01.01/report_generator_jar, buck.git_commit=v2017.10.01.01, user.language=en, sun.boot.library.path=/Library/Java/JavaVirtualMachines/jdk1.8.0_131.jdk/Contents/Home/jre/lib, java.version=1.8.0_131, user.timezone=America/Los_Angeles, buck.test_util_no_tests_dir=true, sun.arch.data.model=64, http.nonProxyHosts=local|*.local|169.254/16|*.169.254/16, java.endorsed.dirs=/Library/Java/JavaVirtualMachines/jdk1.8.0_131.jdk/Contents/Home/jre/lib/endorsed, sun.cpu.isalist=, sun.jnu.encoding=UTF-8, file.encoding.pkg=sun.io, file.separator=/, java.specification.name=Java Platform API Specification, buck.jacoco_agent_jar=/Users/kieranlafferty/Desktop/BuckTest/.buckd/resources/v2017.10.01.01/jacoco_agent_jar, java.class.version=52.0, user.country=US, java.home=/Library/Java/JavaVirtualMachines/jdk1.8.0_131.jdk/Contents/Home/jre, java.vm.info=mixed mode, os.version=10.12.6, buck.external_executor_jar=/Users/kieranlafferty/Desktop/BuckTest/.buckd/resources/v2017.10.01.01/external_executor_jar, buck.version_uid=v2017.10.01.01, org.eclipse.jetty.util.log.class=org.eclipse.jetty.util.log.JavaUtilLog, path.separator=:, java.vm.version=25.131-b11, java.awt.printerjob=sun.lwawt.macosx.CPrinterJob, sun.io.unicode.encoding=UnicodeBig, awt.toolkit=sun.lwawt.macosx.LWCToolkit, socksNonProxyHosts=local|*.local|169.254/16|*.169.254/16, buck.buck_build_type_info=/Users/kieranlafferty/Desktop/BuckTest/.buckd/resources/v2017.10.01.01/buck_build_type_info, ftp.nonProxyHosts=local|*.local|169.254/16|*.169.254/16, buck.dx=/Users/kieranlafferty/Desktop/BuckTest/.buckd/resources/v2017.10.01.01/dx, buck.git_commit_timestamp=1506923319, user.home=/Users/kieranlafferty, buck.path_to_asm_jar=/Users/kieranlafferty/Desktop/BuckTest/.buckd/resources/v2017.10.01.01/path_to_asm_jar, java.specification.vendor=Oracle Corporation, buck.git_dirty=0, java.library.path=/Users/kieranlafferty/Desktop/BuckTest/.buckd/resources/v2017.10.01.01, java.vendor.url=http://java.oracle.com/, java.vm.vendor=Oracle Corporation, gopherProxySet=false, java.runtime.name=Java(TM) SE Runtime Environment, sun.java.command=com.facebook.buck.cli.bootstrapper.ClassLoaderBootstrapper com.facebook.buck.cli.Main build //Apps/BuckSwiftDemo:BuckSwiftDemo, java.class.path=/Users/kieranlafferty/Desktop/BuckTest/.buckd/resources/v2017.10.01.01/bootstrapper_jar, buck.buckd_dir=/Users/kieranlafferty/Desktop/BuckTest/.buckd, buck.path_to_pathlib_py=/Users/kieranlafferty/Desktop/BuckTest/.buckd/resources/v2017.10.01.01/pathlib.py, java.vm.specification.name=Java Virtual Machine Specification, java.vm.specification.version=1.8, sun.cpu.endian=little, buck.path_to_rawmanifest_py=/Users/kieranlafferty/Desktop/BuckTest/.buckd/resources/v2017.10.01.01/rawmanifest.py, sun.os.patch.level=unknown, java.awt.headless=true, java.io.tmpdir=/Users/kieranlafferty/Desktop/BuckTest/buck-out/tmp/buck_run.ZccEk1, buck.android_agent_path=/Users/kieranlafferty/Desktop/BuckTest/.buckd/resources/v2017.10.01.01/android_agent_path, java.vendor.url.bug=http://bugreport.sun.com/bugreport/, buck.path_to_python_dsl=, os.arch=x86_64, java.awt.graphicsenv=sun.awt.CGraphicsEnvironment, buck.path_to_pex=/Users/kieranlafferty/Desktop/BuckTest/.buckd/resources/v2017.10.01.01/path_to_pex, java.ext.dirs=/Users/kieranlafferty/Library/Java/Extensions:/Library/Java/JavaVirtualMachines/jdk1.8.0_131.jdk/Contents/Home/jre/lib/ext:/Library/Java/Extensions:/Network/Library/Java/Extensions:/System/Library/Java/Extensions:/usr/lib/java, java.util.logging.config.class=com.facebook.buck.cli.bootstrapper.LogConfig, user.dir=/Users/kieranlafferty/Desktop/BuckTest, line.separator=
, java.vm.name=Java HotSpot(TM) 64-Bit Server VM, buck.path_to_typing=/Users/kieranlafferty/Desktop/BuckTest/.buckd/resources/v2017.10.01.01/path_to_typing, buck.native_exopackage_fake_path=/Users/kieranlafferty/Desktop/BuckTest/.buckd/resources/v2017.10.01.01/native_exopackage_fake_path, file.encoding=UTF-8, java.specification.version=1.8}
[2017-10-04 14:53:31.600][debug][command:null][tid:01][com.facebook.buck.util.config.Configs] Loading configuration for /Users/kieranlafferty/Desktop/BuckTest
[2017-10-04 14:53:31.651][debug][command:null][tid:01][com.facebook.buck.util.config.Configs] Loaded a configuration file /Users/kieranlafferty/Desktop/BuckTest/.buckconfig: {project={ide_force_kill=always}, cxx={default_platform=iphonesimulator-x86_64, cflags=-g -fmodules -fobjc-arc -D BUCK -w, combined_preprocess_and_compile=true}, swift={version=3.0, compiler_flags=-DBUCK -whole-module-optimization -enable-testing -suppress-warnings}, apple={iphonesimulator_target_sdk_version=10.0, iphoneos_target_sdk_version=10.0, use_swift_delegate=false}}
[2017-10-04 14:53:31.651][debug][command:null][tid:01][com.facebook.buck.util.config.Configs] Adding configuration overrides RawConfig{values={}}
[2017-10-04 14:53:31.715][debug][command:null][tid:01][com.facebook.buck.util.config.Configs] Loading configuration for /Users/kieranlafferty/Desktop/BuckTest
[2017-10-04 14:53:31.716][debug][command:null][tid:01][com.facebook.buck.util.config.Configs] Loaded a configuration file /Users/kieranlafferty/Desktop/BuckTest/.buckconfig: {project={ide_force_kill=always}, cxx={default_platform=iphonesimulator-x86_64, cflags=-g -fmodules -fobjc-arc -D BUCK -w, combined_preprocess_and_compile=true}, swift={version=3.0, compiler_flags=-DBUCK -whole-module-optimization -enable-testing -suppress-warnings}, apple={iphonesimulator_target_sdk_version=10.0, iphoneos_target_sdk_version=10.0, use_swift_delegate=false}}
[2017-10-04 14:53:31.717][debug][command:null][tid:01][com.facebook.buck.util.config.Configs] Adding configuration overrides RawConfig{values={}}
[2017-10-04 14:53:31.927][debug][command:null][tid:01][com.facebook.buck.apple.AppleToolchainDiscovery] Searching for Xcode toolchains under /Applications/Xcode.app/Contents/Developer/Toolchains
[2017-10-04 14:53:31.928][debug][command:null][tid:01][com.facebook.buck.apple.AppleToolchainDiscovery] Searching for Xcode toolchains in /Applications/Xcode.app/Contents/Developer/Toolchains
[2017-10-04 14:53:31.929][debug][command:null][tid:01][com.facebook.buck.apple.AppleToolchainDiscovery] Getting identifier for for Xcode toolchain under /Applications/Xcode.app/Contents/Developer/Toolchains/XcodeDefault.xctoolchain
[2017-10-04 14:53:31.945][debug][command:null][tid:01][com.facebook.buck.apple.AppleToolchainDiscovery] Mapped SDK identifier com.apple.dt.toolchain.XcodeDefault to path /Applications/Xcode.app/Contents/Developer/Toolchains/XcodeDefault.xctoolchain
[2017-10-04 14:53:31.953][debug][command:null][tid:01][com.facebook.buck.apple.AppleSdkDiscovery] Searching for Xcode platforms under /Applications/Xcode.app/Contents/Developer/Platforms
[2017-10-04 14:53:31.957][debug][command:null][tid:01][com.facebook.buck.apple.AppleSdkDiscovery] Searching for Xcode SDKs in /Applications/Xcode.app/Contents/Developer/Platforms
[2017-10-04 14:53:31.957][debug][command:null][tid:01][com.facebook.buck.apple.AppleSdkDiscovery] Fetching SDK name for /Applications/Xcode.app/Contents/Developer/Platforms/AppleTVOS.platform/Developer/SDKs/AppleTVOS.sdk
[2017-10-04 14:53:31.964][debug][command:null][tid:01][com.facebook.buck.apple.AppleSdkDiscovery] Found SDK AppleSdk{name=appletvos11.0, version=11.0, applePlatform=ApplePlatform{name=appletvos, provisioningProfileName=tvOS, architectures=[arm64], minVersionFlagPrefix=-mtvos-version-min=, appIncludesFrameworks=false}, architectures=[arm64], toolchains=[AppleToolchain{identifier=com.apple.dt.toolchain.XcodeDefault, path=/Applications/Xcode.app/Contents/Developer/Toolchains/XcodeDefault.xctoolchain}]}
[2017-10-04 14:53:31.966][debug][command:null][tid:01][com.facebook.buck.apple.AppleSdkDiscovery] Fetching SDK name for /Applications/Xcode.app/Contents/Developer/Platforms/AppleTVOS.platform/Developer/SDKs/AppleTVOS11.0.sdk
[2017-10-04 14:53:31.966][debug][command:null][tid:01][com.facebook.buck.apple.AppleSdkDiscovery] Skipping already scanned SDK directory /Applications/Xcode.app/Contents/Developer/Platforms/AppleTVOS.platform/Developer/SDKs/AppleTVOS.sdk
[2017-10-04 14:53:31.966][debug][command:null][tid:01][com.facebook.buck.apple.AppleSdkDiscovery] Fetching SDK name for /Applications/Xcode.app/Contents/Developer/Platforms/AppleTVSimulator.platform/Developer/SDKs/AppleTVSimulator.sdk
[2017-10-04 14:53:31.967][debug][command:null][tid:01][com.facebook.buck.apple.AppleSdkDiscovery] Found SDK AppleSdk{name=appletvsimulator11.0, version=11.0, applePlatform=ApplePlatform{name=appletvsimulator, swiftName=tvos, architectures=[x86_64], minVersionFlagPrefix=-mtvos-simulator-version-min=, appIncludesFrameworks=false}, architectures=[x86_64], toolchains=[AppleToolchain{identifier=com.apple.dt.toolchain.XcodeDefault, path=/Applications/Xcode.app/Contents/Developer/Toolchains/XcodeDefault.xctoolchain}]}
[2017-10-04 14:53:31.967][debug][command:null][tid:01][com.facebook.buck.apple.AppleSdkDiscovery] Fetching SDK name for /Applications/Xcode.app/Contents/Developer/Platforms/AppleTVSimulator.platform/Developer/SDKs/AppleTVSimulator11.0.sdk
[2017-10-04 14:53:31.967][debug][command:null][tid:01][com.facebook.buck.apple.AppleSdkDiscovery] Skipping already scanned SDK directory /Applications/Xcode.app/Contents/Developer/Platforms/AppleTVSimulator.platform/Developer/SDKs/AppleTVSimulator.sdk
[2017-10-04 14:53:31.968][debug][command:null][tid:01][com.facebook.buck.apple.AppleSdkDiscovery] Fetching SDK name for /Applications/Xcode.app/Contents/Developer/Platforms/iPhoneOS.platform/Developer/SDKs/iPhoneOS.sdk
[2017-10-04 14:53:31.968][debug][command:null][tid:01][com.facebook.buck.apple.AppleSdkDiscovery] Found SDK AppleSdk{name=iphoneos11.0, version=11.0, applePlatform=ApplePlatform{name=iphoneos, swiftName=ios, provisioningProfileName=iOS, architectures=[armv7, arm64], minVersionFlagPrefix=-mios-version-min=, stubBinaryPath=Library/Application Support/WatchKit/WK, appIncludesFrameworks=false}, architectures=[armv7, arm64], toolchains=[AppleToolchain{identifier=com.apple.dt.toolchain.XcodeDefault, path=/Applications/Xcode.app/Contents/Developer/Toolchains/XcodeDefault.xctoolchain}]}
[2017-10-04 14:53:31.969][debug][command:null][tid:01][com.facebook.buck.apple.AppleSdkDiscovery] Fetching SDK name for /Applications/Xcode.app/Contents/Developer/Platforms/iPhoneOS.platform/Developer/SDKs/iPhoneOS11.0.sdk
[2017-10-04 14:53:31.969][debug][command:null][tid:01][com.facebook.buck.apple.AppleSdkDiscovery] Skipping already scanned SDK directory /Applications/Xcode.app/Contents/Developer/Platforms/iPhoneOS.platform/Developer/SDKs/iPhoneOS.sdk
[2017-10-04 14:53:31.969][debug][command:null][tid:01][com.facebook.buck.apple.AppleSdkDiscovery] Fetching SDK name for /Applications/Xcode.app/Contents/Developer/Platforms/iPhoneSimulator.platform/Developer/SDKs/iPhoneSimulator.sdk
[2017-10-04 14:53:31.970][debug][command:null][tid:01][com.facebook.buck.apple.AppleSdkDiscovery] Found SDK AppleSdk{name=iphonesimulator11.0, version=11.0, applePlatform=ApplePlatform{name=iphonesimulator, swiftName=ios, architectures=[i386, x86_64], minVersionFlagPrefix=-mios-simulator-version-min=, stubBinaryPath=Library/Application Support/WatchKit/WK, appIncludesFrameworks=false}, architectures=[i386, x86_64], toolchains=[AppleToolchain{identifier=com.apple.dt.toolchain.XcodeDefault, path=/Applications/Xcode.app/Contents/Developer/Toolchains/XcodeDefault.xctoolchain}]}
[2017-10-04 14:53:31.970][debug][command:null][tid:01][com.facebook.buck.apple.AppleSdkDiscovery] Fetching SDK name for /Applications/Xcode.app/Contents/Developer/Platforms/iPhoneSimulator.platform/Developer/SDKs/iPhoneSimulator11.0.sdk
[2017-10-04 14:53:31.970][debug][command:null][tid:01][com.facebook.buck.apple.AppleSdkDiscovery] Skipping already scanned SDK directory /Applications/Xcode.app/Contents/Developer/Platforms/iPhoneSimulator.platform/Developer/SDKs/iPhoneSimulator.sdk
[2017-10-04 14:53:31.970][debug][command:null][tid:01][com.facebook.buck.apple.AppleSdkDiscovery] Fetching SDK name for /Applications/Xcode.app/Contents/Developer/Platforms/MacOSX.platform/Developer/SDKs/MacOSX.sdk
[2017-10-04 14:53:32.003][debug][command:null][tid:01][com.facebook.buck.apple.AppleSdkDiscovery] Found SDK AppleSdk{name=macosx10.13, version=10.13, applePlatform=ApplePlatform{name=macosx, architectures=[i386, x86_64], minVersionFlagPrefix=-mmacosx-version-min=, appIncludesFrameworks=true}, architectures=[i386, x86_64], toolchains=[AppleToolchain{identifier=com.apple.dt.toolchain.XcodeDefault, path=/Applications/Xcode.app/Contents/Developer/Toolchains/XcodeDefault.xctoolchain}]}
[2017-10-04 14:53:32.004][debug][command:null][tid:01][com.facebook.buck.apple.AppleSdkDiscovery] Fetching SDK name for /Applications/Xcode.app/Contents/Developer/Platforms/MacOSX.platform/Developer/SDKs/MacOSX10.13.sdk
[2017-10-04 14:53:32.004][debug][command:null][tid:01][com.facebook.buck.apple.AppleSdkDiscovery] Skipping already scanned SDK directory /Applications/Xcode.app/Contents/Developer/Platforms/MacOSX.platform/Developer/SDKs/MacOSX.sdk
[2017-10-04 14:53:32.004][debug][command:null][tid:01][com.facebook.buck.apple.AppleSdkDiscovery] Fetching SDK name for /Applications/Xcode.app/Contents/Developer/Platforms/WatchOS.platform/Developer/SDKs/WatchOS.sdk
[2017-10-04 14:53:32.005][debug][command:null][tid:01][com.facebook.buck.apple.AppleSdkDiscovery] Found SDK AppleSdk{name=watchos4.0, version=4.0, applePlatform=ApplePlatform{name=watchos, provisioningProfileName=iOS, architectures=[armv7k], minVersionFlagPrefix=-mwatchos-version-min=, stubBinaryPath=Library/Application Support/WatchKit/WK, appIncludesFrameworks=false}, architectures=[armv7k], toolchains=[AppleToolchain{identifier=com.apple.dt.toolchain.XcodeDefault, path=/Applications/Xcode.app/Contents/Developer/Toolchains/XcodeDefault.xctoolchain}]}
[2017-10-04 14:53:32.005][debug][command:null][tid:01][com.facebook.buck.apple.AppleSdkDiscovery] Fetching SDK name for /Applications/Xcode.app/Contents/Developer/Platforms/WatchOS.platform/Developer/SDKs/WatchOS4.0.sdk
[2017-10-04 14:53:32.005][debug][command:null][tid:01][com.facebook.buck.apple.AppleSdkDiscovery] Skipping already scanned SDK directory /Applications/Xcode.app/Contents/Developer/Platforms/WatchOS.platform/Developer/SDKs/WatchOS.sdk
[2017-10-04 14:53:32.005][debug][command:null][tid:01][com.facebook.buck.apple.AppleSdkDiscovery] Fetching SDK name for /Applications/Xcode.app/Contents/Developer/Platforms/WatchSimulator.platform/Developer/SDKs/WatchSimulator.sdk
[2017-10-04 14:53:32.006][debug][command:null][tid:01][com.facebook.buck.apple.AppleSdkDiscovery] Found SDK AppleSdk{name=watchsimulator4.0, version=4.0, applePlatform=ApplePlatform{name=watchsimulator, architectures=[i386], minVersionFlagPrefix=-mwatchos-simulator-version-min=, stubBinaryPath=Library/Application Support/WatchKit/WK, appIncludesFrameworks=false}, architectures=[i386], toolchains=[AppleToolchain{identifier=com.apple.dt.toolchain.XcodeDefault, path=/Applications/Xcode.app/Contents/Developer/Toolchains/XcodeDefault.xctoolchain}]}
[2017-10-04 14:53:32.006][debug][command:null][tid:01][com.facebook.buck.apple.AppleSdkDiscovery] Fetching SDK name for /Applications/Xcode.app/Contents/Developer/Platforms/WatchSimulator.platform/Developer/SDKs/WatchSimulator4.0.sdk
[2017-10-04 14:53:32.006][debug][command:null][tid:01][com.facebook.buck.apple.AppleSdkDiscovery] Skipping already scanned SDK directory /Applications/Xcode.app/Contents/Developer/Platforms/WatchSimulator.platform/Developer/SDKs/WatchSimulator.sdk
[2017-10-04 14:53:32.017][debug][command:null][tid:01][com.facebook.buck.cli.Main] Not using Watchman, context present: false, glob handler: PYTHON
[2017-10-04 14:53:32.120][debug][command:2ed67644-47b6-48ea-bccf-97dd5f0b555a][tid:01][com.facebook.buck.event.listener.SuperConsoleEventBusListener] Starting render scheduler (interval 100 ms)
[2017-10-04 14:53:32.185][debug][command:2ed67644-47b6-48ea-bccf-97dd5f0b555a][tid:01][com.google.common.util.concurrent.ServiceManager] Starting PerfStatsTracking [RUNNING].
[2017-10-04 14:53:32.185][debug][command:2ed67644-47b6-48ea-bccf-97dd5f0b555a][tid:01][com.google.common.util.concurrent.ServiceManager] Started PerfStatsTracking [RUNNING] in 476.8 Î¼s.
[2017-10-04 14:53:32.189][debug][command:2ed67644-47b6-48ea-bccf-97dd5f0b555a][tid:01][com.google.common.util.concurrent.ServiceManager] Starting ProcessTracker [STARTING].
[2017-10-04 14:53:32.189][debug][command:null][tid:21][com.facebook.buck.util.perf.ProcessTracker] startUp
[2017-10-04 14:53:32.190][debug][command:2ed67644-47b6-48ea-bccf-97dd5f0b555a][tid:01][com.facebook.buck.cli.Main] InvocationInfo BuildId=[2ed67644-47b6-48ea-bccf-97dd5f0b555a] Args=[build, //Apps/BuckSwiftDemo:BuckSwiftDemo]
[2017-10-04 14:53:32.207][debug][command:2ed67644-47b6-48ea-bccf-97dd5f0b555a][tid:01][com.facebook.buck.util.environment.MacWifiSsidFinder] Getting current SSID..
[2017-10-04 14:53:32.255][debug][command:2ed67644-47b6-48ea-bccf-97dd5f0b555a][tid:01][com.facebook.buck.util.environment.MacWifiSsidFinder] Getting SSID from Wi-Fi interface: <CWInterface: 0x7fbca74029d0> [interfaceName=en0]
[2017-10-04 14:53:32.256][debug][command:2ed67644-47b6-48ea-bccf-97dd5f0b555a][tid:01][com.facebook.buck.util.environment.MacWifiSsidFinder] Found SSID: SciFi
[2017-10-04 14:53:32.271][debug][command:null][tid:21][com.google.common.util.concurrent.ServiceManager] Started ProcessTracker [RUNNING] in 82.17 ms.
[2017-10-04 14:53:32.886][debug][command:2ed67644-47b6-48ea-bccf-97dd5f0b555a][tid:01][com.facebook.buck.cli.Main] new Buck daemon
[2017-10-04 14:53:32.887][warn ][command:null][tid:24][com.facebook.buck.event.listener.PublicAnnouncementManager] Failed to get public announcements. Reason: Failed to establish connection to server.
[2017-10-04 14:53:32.912][info ][command:null][tid:26][com.facebook.buck.util.versioncontrol.VersionControlStatsGenerator] Starting generation of version control stats.
[2017-10-04 14:53:32.917][debug][command:null][tid:26][com.facebook.buck.util.versioncontrol.VersionControlCmdLineInterface] Executing command: hg log -l 1 --template {node|short}
[2017-10-04 14:53:32.925][warn ][command:null][tid:26][com.facebook.buck.util.versioncontrol.DelegatingVersionControlCmdLineInterface] Mercurial is the only VCS supported for VCS stats generation, however current project (which has enabled VCS stats generation in its .buckconfig) does not appear to be a Mercurial repository: 
com.facebook.buck.util.versioncontrol.VersionControlCommandFailedException: java.io.IOException: Cannot run program "hg" (in directory "/Users/kieranlafferty/Desktop/BuckTest"): error=2, No such file or directory
[2017-10-04 14:53:32.925][debug][command:null][tid:26][com.facebook.buck.util.versioncontrol.DelegatingVersionControlCmdLineInterface] Using NoOpCmdLineInterface.
[2017-10-04 14:53:32.927][warn ][command:null][tid:26][com.facebook.buck.util.versioncontrol.VersionControlStatsGenerator] Skipping generation of version control stats as unsupported repository type.
[2017-10-04 14:53:32.938][debug][command:null][tid:26][com.facebook.buck.util.environment.MacNetworkConfiguration] Determine network service order and extract device names
[2017-10-04 14:53:32.966][debug][command:null][tid:26][com.facebook.buck.util.ListeningProcessExecutor] Launching process with params ProcessExecutorParams{command=[networksetup, -listnetworkserviceorder, ]}
[2017-10-04 14:53:33.027][debug][command:null][tid:26][com.facebook.buck.util.ListeningProcessExecutor] Successfully launched process com.zaxxer.nuprocess.osx.OsxProcess@7553a555
[2017-10-04 14:53:33.031][debug][command:null][tid:26][com.facebook.buck.util.ListeningProcessExecutor] Waiting for process com.facebook.buck.util.ListeningProcessExecutor$LaunchedProcessImpl@30de1562 timeout 1000 MILLISECONDS
[2017-10-04 14:53:33.075][debug][command:null][tid:26][com.facebook.buck.util.ListeningProcessExecutor] Wait for process returned 0
[2017-10-04 14:53:33.075][debug][command:null][tid:26][com.facebook.buck.util.ListeningProcessExecutor] Destroying process com.facebook.buck.util.ListeningProcessExecutor$LaunchedProcessImpl@30de1562 (force true)
[2017-10-04 14:53:33.075][debug][command:null][tid:26][com.facebook.buck.util.environment.MacNetworkConfiguration] Determine active state of media for device
[2017-10-04 14:53:33.075][debug][command:null][tid:26][com.facebook.buck.util.ListeningProcessExecutor] Launching process with params ProcessExecutorParams{command=[networksetup, -getMedia, usbmodem14110]}
[2017-10-04 14:53:33.077][debug][command:null][tid:26][com.facebook.buck.util.ListeningProcessExecutor] Successfully launched process com.zaxxer.nuprocess.osx.OsxProcess@584f6721
[2017-10-04 14:53:33.079][debug][command:null][tid:26][com.facebook.buck.util.ListeningProcessExecutor] Waiting for process com.facebook.buck.util.ListeningProcessExecutor$LaunchedProcessImpl@4a4b6896 timeout 1000 MILLISECONDS
[2017-10-04 14:53:33.093][info ][command:2ed67644-47b6-48ea-bccf-97dd5f0b555a][tid:25][com.facebook.buck.event.listener.LoggingBuildListener] Build started at 2017-10-04 14:53:33.092
[2017-10-04 14:53:33.116][debug][command:null][tid:26][com.facebook.buck.util.ListeningProcessExecutor] Wait for process returned 4
[2017-10-04 14:53:33.116][debug][command:null][tid:26][com.facebook.buck.util.ListeningProcessExecutor] Destroying process com.facebook.buck.util.ListeningProcessExecutor$LaunchedProcessImpl@4a4b6896 (force true)
[2017-10-04 14:53:33.116][debug][command:null][tid:26][com.facebook.buck.util.environment.MacNetworkConfiguration] Determine active state of media for device
[2017-10-04 14:53:33.116][debug][command:null][tid:26][com.facebook.buck.util.ListeningProcessExecutor] Launching process with params ProcessExecutorParams{command=[networksetup, -getMedia, lpss-serial1]}
[2017-10-04 14:53:33.119][debug][command:null][tid:26][com.facebook.buck.util.ListeningProcessExecutor] Successfully launched process com.zaxxer.nuprocess.osx.OsxProcess@7361f7a1
[2017-10-04 14:53:33.121][debug][command:null][tid:26][com.facebook.buck.util.ListeningProcessExecutor] Waiting for process com.facebook.buck.util.ListeningProcessExecutor$LaunchedProcessImpl@33d499aa timeout 1000 MILLISECONDS
[2017-10-04 14:53:33.166][debug][command:null][tid:26][com.facebook.buck.util.ListeningProcessExecutor] Wait for process returned 4
[2017-10-04 14:53:33.167][debug][command:null][tid:26][com.facebook.buck.util.ListeningProcessExecutor] Destroying process com.facebook.buck.util.ListeningProcessExecutor$LaunchedProcessImpl@33d499aa (force true)
[2017-10-04 14:53:33.167][debug][command:null][tid:26][com.facebook.buck.util.environment.MacNetworkConfiguration] Determine active state of media for device
[2017-10-04 14:53:33.167][debug][command:null][tid:26][com.facebook.buck.util.ListeningProcessExecutor] Launching process with params ProcessExecutorParams{command=[networksetup, -getMedia, lpss-serial2]}
[2017-10-04 14:53:33.178][debug][command:null][tid:26][com.facebook.buck.util.ListeningProcessExecutor] Successfully launched process com.zaxxer.nuprocess.osx.OsxProcess@1001869e
[2017-10-04 14:53:33.180][debug][command:null][tid:26][com.facebook.buck.util.ListeningProcessExecutor] Waiting for process com.facebook.buck.util.ListeningProcessExecutor$LaunchedProcessImpl@11f43d0 timeout 1000 MILLISECONDS
[2017-10-04 14:53:33.215][debug][command:null][tid:26][com.facebook.buck.util.ListeningProcessExecutor] Wait for process returned 4
[2017-10-04 14:53:33.216][debug][command:null][tid:26][com.facebook.buck.util.ListeningProcessExecutor] Destroying process com.facebook.buck.util.ListeningProcessExecutor$LaunchedProcessImpl@11f43d0 (force true)
[2017-10-04 14:53:33.216][debug][command:null][tid:26][com.facebook.buck.util.environment.MacNetworkConfiguration] Determine active state of media for device
[2017-10-04 14:53:33.216][debug][command:null][tid:26][com.facebook.buck.util.ListeningProcessExecutor] Launching process with params ProcessExecutorParams{command=[networksetup, -getMedia, en8]}
[2017-10-04 14:53:33.218][debug][command:null][tid:26][com.facebook.buck.util.ListeningProcessExecutor] Successfully launched process com.zaxxer.nuprocess.osx.OsxProcess@7d3f70ad
[2017-10-04 14:53:33.219][debug][command:null][tid:26][com.facebook.buck.util.ListeningProcessExecutor] Waiting for process com.facebook.buck.util.ListeningProcessExecutor$LaunchedProcessImpl@6ab1af69 timeout 1000 MILLISECONDS
[2017-10-04 14:53:33.227][debug][command:2ed67644-47b6-48ea-bccf-97dd5f0b555a][tid:01][com.facebook.buck.parser.DaemonicParserState] Starting to invalidate caches for /Users/kieranlafferty/Desktop/BuckTest..
[2017-10-04 14:53:33.227][debug][command:2ed67644-47b6-48ea-bccf-97dd5f0b555a][tid:01][com.facebook.buck.parser.DaemonicParserState] Cell caches were empty, no data invalidated.
[2017-10-04 14:53:33.258][debug][command:2ed67644-47b6-48ea-bccf-97dd5f0b555a][tid:32][com.facebook.buck.io.ExecutableFinder] Executable 'python2' mapped to 'Optional.empty'
[2017-10-04 14:53:33.259][debug][command:null][tid:26][com.facebook.buck.util.ListeningProcessExecutor] Wait for process returned 4
[2017-10-04 14:53:33.259][debug][command:null][tid:26][com.facebook.buck.util.ListeningProcessExecutor] Destroying process com.facebook.buck.util.ListeningProcessExecutor$LaunchedProcessImpl@6ab1af69 (force true)
[2017-10-04 14:53:33.259][debug][command:null][tid:26][com.facebook.buck.util.environment.MacNetworkConfiguration] Determine active state of media for device
[2017-10-04 14:53:33.259][debug][command:null][tid:26][com.facebook.buck.util.ListeningProcessExecutor] Launching process with params ProcessExecutorParams{command=[networksetup, -getMedia, en9]}
[2017-10-04 14:53:33.260][debug][command:2ed67644-47b6-48ea-bccf-97dd5f0b555a][tid:32][com.facebook.buck.io.ExecutableFinder] Executable 'python' mapped to 'Optional[/usr/bin/python]'
[2017-10-04 14:53:33.261][debug][command:null][tid:26][com.facebook.buck.util.ListeningProcessExecutor] Successfully launched process com.zaxxer.nuprocess.osx.OsxProcess@7618f1d7
[2017-10-04 14:53:33.263][debug][command:null][tid:26][com.facebook.buck.util.ListeningProcessExecutor] Waiting for process com.facebook.buck.util.ListeningProcessExecutor$LaunchedProcessImpl@b5e9e1e timeout 1000 MILLISECONDS
[2017-10-04 14:53:33.295][debug][command:2ed67644-47b6-48ea-bccf-97dd5f0b555a][tid:32][com.facebook.buck.apple.AppleCxxPlatforms] SDK AppleSdk{name=appletvos11.0, version=11.0, applePlatform=ApplePlatform{name=appletvos, provisioningProfileName=tvOS, architectures=[arm64], minVersionFlagPrefix=-mtvos-version-min=, appIncludesFrameworks=false}, architectures=[arm64], toolchains=[AppleToolchain{identifier=com.apple.dt.toolchain.XcodeDefault, path=/Applications/Xcode.app/Contents/Developer/Toolchains/XcodeDefault.xctoolchain}]} using default version 11.0
[2017-10-04 14:53:33.304][debug][command:null][tid:26][com.facebook.buck.util.ListeningProcessExecutor] Wait for process returned 4
[2017-10-04 14:53:33.304][debug][command:null][tid:26][com.facebook.buck.util.ListeningProcessExecutor] Destroying process com.facebook.buck.util.ListeningProcessExecutor$LaunchedProcessImpl@b5e9e1e (force true)
[2017-10-04 14:53:33.305][debug][command:null][tid:26][com.facebook.buck.util.environment.MacNetworkConfiguration] Determine active state of media for device
[2017-10-04 14:53:33.305][debug][command:null][tid:26][com.facebook.buck.util.ListeningProcessExecutor] Launching process with params ProcessExecutorParams{command=[networksetup, -getMedia, en12]}
[2017-10-04 14:53:33.305][debug][command:2ed67644-47b6-48ea-bccf-97dd5f0b555a][tid:32][com.facebook.buck.apple.AppleCxxPlatforms] Xcode build version is: 9A235
[2017-10-04 14:53:33.306][debug][command:null][tid:26][com.facebook.buck.util.ListeningProcessExecutor] Successfully launched process com.zaxxer.nuprocess.osx.OsxProcess@6cf3a2fb
[2017-10-04 14:53:33.308][debug][command:null][tid:26][com.facebook.buck.util.ListeningProcessExecutor] Waiting for process com.facebook.buck.util.ListeningProcessExecutor$LaunchedProcessImpl@5dd460fb timeout 1000 MILLISECONDS
[2017-10-04 14:53:33.342][debug][command:2ed67644-47b6-48ea-bccf-97dd5f0b555a][tid:32][com.facebook.buck.apple.AppleCxxPlatforms] Apple toolchain path: /Applications/Xcode.app/Contents/Developer/Toolchains/XcodeDefault.xctoolchain
[2017-10-04 14:53:33.346][debug][command:null][tid:26][com.facebook.buck.util.ListeningProcessExecutor] Wait for process returned 4
[2017-10-04 14:53:33.346][debug][command:null][tid:26][com.facebook.buck.util.ListeningProcessExecutor] Destroying process com.facebook.buck.util.ListeningProcessExecutor$LaunchedProcessImpl@5dd460fb (force true)
[2017-10-04 14:53:33.346][debug][command:null][tid:26][com.facebook.buck.util.environment.MacNetworkConfiguration] Determine active state of media for device
[2017-10-04 14:53:33.346][debug][command:null][tid:26][com.facebook.buck.util.ListeningProcessExecutor] Launching process with params ProcessExecutorParams{command=[networksetup, -getMedia, en10]}
[2017-10-04 14:53:33.348][debug][command:2ed67644-47b6-48ea-bccf-97dd5f0b555a][tid:32][com.facebook.buck.apple.AppleCxxPlatforms] Headers verification platform whitelist: [^\Q/Applications/Xcode.app/Contents/Developer/Platforms/AppleTVOS.platform/Developer/Library/Frameworks\E\/.*, ^\Q/Applications/Xcode.app/Contents/Developer/Platforms/AppleTVOS.platform/Developer/SDKs/AppleTVOS.sdk\E\/.*, ^\Q/Applications/Xcode.app/Contents/Developer/Toolchains/XcodeDefault.xctoolchain\E\/.*]
[2017-10-04 14:53:33.348][debug][command:null][tid:26][com.facebook.buck.util.ListeningProcessExecutor] Successfully launched process com.zaxxer.nuprocess.osx.OsxProcess@4142e443
[2017-10-04 14:53:33.349][debug][command:null][tid:26][com.facebook.buck.util.ListeningProcessExecutor] Waiting for process com.facebook.buck.util.ListeningProcessExecutor$LaunchedProcessImpl@3e932c1b timeout 1000 MILLISECONDS
[2017-10-04 14:53:33.384][debug][command:2ed67644-47b6-48ea-bccf-97dd5f0b555a][tid:32][com.facebook.buck.apple.AppleCxxPlatforms] SDK AppleSdk{name=appletvsimulator11.0, version=11.0, applePlatform=ApplePlatform{name=appletvsimulator, swiftName=tvos, architectures=[x86_64], minVersionFlagPrefix=-mtvos-simulator-version-min=, appIncludesFrameworks=false}, architectures=[x86_64], toolchains=[AppleToolchain{identifier=com.apple.dt.toolchain.XcodeDefault, path=/Applications/Xcode.app/Contents/Developer/Toolchains/XcodeDefault.xctoolchain}]} using default version 11.0
[2017-10-04 14:53:33.386][debug][command:2ed67644-47b6-48ea-bccf-97dd5f0b555a][tid:32][com.facebook.buck.apple.AppleCxxPlatforms] Xcode build version is: 9A235
[2017-10-04 14:53:33.389][warn ][command:2ed67644-47b6-48ea-bccf-97dd5f0b555a][tid:32][com.facebook.buck.apple.AppleCxxPlatforms] /Applications/Xcode.app/Contents/Developer/Platforms/AppleTVSimulator.platform/version.plist does not exist. Build version will be unset for this platform.
[2017-10-04 14:53:33.389][debug][command:2ed67644-47b6-48ea-bccf-97dd5f0b555a][tid:32][com.facebook.buck.apple.AppleCxxPlatforms] Apple toolchain path: /Applications/Xcode.app/Contents/Developer/Toolchains/XcodeDefault.xctoolchain
[2017-10-04 14:53:33.390][debug][command:2ed67644-47b6-48ea-bccf-97dd5f0b555a][tid:32][com.facebook.buck.apple.AppleCxxPlatforms] Headers verification platform whitelist: [^\Q/Applications/Xcode.app/Contents/Developer/Platforms/AppleTVSimulator.platform/Developer/Library/Frameworks\E\/.*, ^\Q/Applications/Xcode.app/Contents/Developer/Platforms/AppleTVSimulator.platform/Developer/SDKs/AppleTVSimulator.sdk\E\/.*, ^\Q/Applications/Xcode.app/Contents/Developer/Toolchains/XcodeDefault.xctoolchain\E\/.*]
[2017-10-04 14:53:33.390][debug][command:null][tid:26][com.facebook.buck.util.ListeningProcessExecutor] Wait for process returned 4
[2017-10-04 14:53:33.390][debug][command:null][tid:26][com.facebook.buck.util.ListeningProcessExecutor] Destroying process com.facebook.buck.util.ListeningProcessExecutor$LaunchedProcessImpl@3e932c1b (force true)
[2017-10-04 14:53:33.391][debug][command:null][tid:26][com.facebook.buck.util.environment.MacNetworkConfiguration] Determine active state of media for device
[2017-10-04 14:53:33.391][debug][command:null][tid:26][com.facebook.buck.util.ListeningProcessExecutor] Launching process with params ProcessExecutorParams{command=[networksetup, -getMedia, fw0]}
[2017-10-04 14:53:33.392][debug][command:2ed67644-47b6-48ea-bccf-97dd5f0b555a][tid:32][com.facebook.buck.apple.AppleCxxPlatforms] SDK AppleSdk{name=iphoneos11.0, version=11.0, applePlatform=ApplePlatform{name=iphoneos, swiftName=ios, provisioningProfileName=iOS, architectures=[armv7, arm64], minVersionFlagPrefix=-mios-version-min=, stubBinaryPath=Library/Application Support/WatchKit/WK, appIncludesFrameworks=false}, architectures=[armv7, arm64], toolchains=[AppleToolchain{identifier=com.apple.dt.toolchain.XcodeDefault, path=/Applications/Xcode.app/Contents/Developer/Toolchains/XcodeDefault.xctoolchain}]} using default version 10.0
[2017-10-04 14:53:33.393][debug][command:null][tid:26][com.facebook.buck.util.ListeningProcessExecutor] Successfully launched process com.zaxxer.nuprocess.osx.OsxProcess@4f06b548
[2017-10-04 14:53:33.393][debug][command:2ed67644-47b6-48ea-bccf-97dd5f0b555a][tid:32][com.facebook.buck.apple.AppleCxxPlatforms] Xcode build version is: 9A235
[2017-10-04 14:53:33.394][debug][command:null][tid:26][com.facebook.buck.util.ListeningProcessExecutor] Waiting for process com.facebook.buck.util.ListeningProcessExecutor$LaunchedProcessImpl@312bd7eb timeout 1000 MILLISECONDS
[2017-10-04 14:53:33.398][debug][command:2ed67644-47b6-48ea-bccf-97dd5f0b555a][tid:32][com.facebook.buck.apple.AppleCxxPlatforms] Apple toolchain path: /Applications/Xcode.app/Contents/Developer/Toolchains/XcodeDefault.xctoolchain
[2017-10-04 14:53:33.398][debug][command:2ed67644-47b6-48ea-bccf-97dd5f0b555a][tid:32][com.facebook.buck.apple.AppleCxxPlatforms] Headers verification platform whitelist: [^\Q/Applications/Xcode.app/Contents/Developer/Platforms/iPhoneOS.platform/Developer/Library/Frameworks\E\/.*, ^\Q/Applications/Xcode.app/Contents/Developer/Platforms/iPhoneOS.platform/Developer/SDKs/iPhoneOS.sdk\E\/.*, ^\Q/Applications/Xcode.app/Contents/Developer/Toolchains/XcodeDefault.xctoolchain\E\/.*]
[2017-10-04 14:53:33.400][debug][command:2ed67644-47b6-48ea-bccf-97dd5f0b555a][tid:32][com.facebook.buck.apple.AppleCxxPlatforms] Xcode build version is: 9A235
[2017-10-04 14:53:33.404][debug][command:2ed67644-47b6-48ea-bccf-97dd5f0b555a][tid:32][com.facebook.buck.apple.AppleCxxPlatforms] Apple toolchain path: /Applications/Xcode.app/Contents/Developer/Toolchains/XcodeDefault.xctoolchain
[2017-10-04 14:53:33.405][debug][command:2ed67644-47b6-48ea-bccf-97dd5f0b555a][tid:32][com.facebook.buck.apple.AppleCxxPlatforms] Headers verification platform whitelist: [^\Q/Applications/Xcode.app/Contents/Developer/Platforms/iPhoneOS.platform/Developer/Library/Frameworks\E\/.*, ^\Q/Applications/Xcode.app/Contents/Developer/Platforms/iPhoneOS.platform/Developer/SDKs/iPhoneOS.sdk\E\/.*, ^\Q/Applications/Xcode.app/Contents/Developer/Toolchains/XcodeDefault.xctoolchain\E\/.*]
[2017-10-04 14:53:33.407][debug][command:2ed67644-47b6-48ea-bccf-97dd5f0b555a][tid:32][com.facebook.buck.apple.AppleCxxPlatforms] SDK AppleSdk{name=iphonesimulator11.0, version=11.0, applePlatform=ApplePlatform{name=iphonesimulator, swiftName=ios, architectures=[i386, x86_64], minVersionFlagPrefix=-mios-simulator-version-min=, stubBinaryPath=Library/Application Support/WatchKit/WK, appIncludesFrameworks=false}, architectures=[i386, x86_64], toolchains=[AppleToolchain{identifier=com.apple.dt.toolchain.XcodeDefault, path=/Applications/Xcode.app/Contents/Developer/Toolchains/XcodeDefault.xctoolchain}]} using default version 10.0
[2017-10-04 14:53:33.408][debug][command:2ed67644-47b6-48ea-bccf-97dd5f0b555a][tid:32][com.facebook.buck.apple.AppleCxxPlatforms] Xcode build version is: 9A235
[2017-10-04 14:53:33.411][warn ][command:2ed67644-47b6-48ea-bccf-97dd5f0b555a][tid:32][com.facebook.buck.apple.AppleCxxPlatforms] /Applications/Xcode.app/Contents/Developer/Platforms/iPhoneSimulator.platform/version.plist does not exist. Build version will be unset for this platform.
[2017-10-04 14:53:33.412][debug][command:2ed67644-47b6-48ea-bccf-97dd5f0b555a][tid:32][com.facebook.buck.apple.AppleCxxPlatforms] Apple toolchain path: /Applications/Xcode.app/Contents/Developer/Toolchains/XcodeDefault.xctoolchain
[2017-10-04 14:53:33.412][debug][command:2ed67644-47b6-48ea-bccf-97dd5f0b555a][tid:32][com.facebook.buck.apple.AppleCxxPlatforms] Headers verification platform whitelist: [^\Q/Applications/Xcode.app/Contents/Developer/Platforms/iPhoneSimulator.platform/Developer/Library/Frameworks\E\/.*, ^\Q/Applications/Xcode.app/Contents/Developer/Platforms/iPhoneSimulator.platform/Developer/SDKs/iPhoneSimulator.sdk\E\/.*, ^\Q/Applications/Xcode.app/Contents/Developer/Toolchains/XcodeDefault.xctoolchain\E\/.*]
[2017-10-04 14:53:33.415][debug][command:2ed67644-47b6-48ea-bccf-97dd5f0b555a][tid:32][com.facebook.buck.apple.AppleCxxPlatforms] Xcode build version is: 9A235
[2017-10-04 14:53:33.417][warn ][command:2ed67644-47b6-48ea-bccf-97dd5f0b555a][tid:32][com.facebook.buck.apple.AppleCxxPlatforms] /Applications/Xcode.app/Contents/Developer/Platforms/iPhoneSimulator.platform/version.plist does not exist. Build version will be unset for this platform.
[2017-10-04 14:53:33.418][debug][command:2ed67644-47b6-48ea-bccf-97dd5f0b555a][tid:32][com.facebook.buck.apple.AppleCxxPlatforms] Apple toolchain path: /Applications/Xcode.app/Contents/Developer/Toolchains/XcodeDefault.xctoolchain
[2017-10-04 14:53:33.418][debug][command:2ed67644-47b6-48ea-bccf-97dd5f0b555a][tid:32][com.facebook.buck.apple.AppleCxxPlatforms] Headers verification platform whitelist: [^\Q/Applications/Xcode.app/Contents/Developer/Platforms/iPhoneSimulator.platform/Developer/Library/Frameworks\E\/.*, ^\Q/Applications/Xcode.app/Contents/Developer/Platforms/iPhoneSimulator.platform/Developer/SDKs/iPhoneSimulator.sdk\E\/.*, ^\Q/Applications/Xcode.app/Contents/Developer/Toolchains/XcodeDefault.xctoolchain\E\/.*]
[2017-10-04 14:53:33.419][debug][command:2ed67644-47b6-48ea-bccf-97dd5f0b555a][tid:32][com.facebook.buck.apple.AppleCxxPlatforms] SDK AppleSdk{name=macosx10.13, version=10.13, applePlatform=ApplePlatform{name=macosx, architectures=[i386, x86_64], minVersionFlagPrefix=-mmacosx-version-min=, appIncludesFrameworks=true}, architectures=[i386, x86_64], toolchains=[AppleToolchain{identifier=com.apple.dt.toolchain.XcodeDefault, path=/Applications/Xcode.app/Contents/Developer/Toolchains/XcodeDefault.xctoolchain}]} using default version 10.13
[2017-10-04 14:53:33.421][debug][command:2ed67644-47b6-48ea-bccf-97dd5f0b555a][tid:32][com.facebook.buck.apple.AppleCxxPlatforms] Xcode build version is: 9A235
[2017-10-04 14:53:33.426][warn ][command:2ed67644-47b6-48ea-bccf-97dd5f0b555a][tid:32][com.facebook.buck.apple.AppleCxxPlatforms] In /Applications/Xcode.app/Contents/Developer/Platforms/MacOSX.platform/version.plist, missing ProductBuildVersion. Build version will be unset for this platform.
[2017-10-04 14:53:33.426][debug][command:2ed67644-47b6-48ea-bccf-97dd5f0b555a][tid:32][com.facebook.buck.apple.AppleCxxPlatforms] Apple toolchain path: /Applications/Xcode.app/Contents/Developer/Toolchains/XcodeDefault.xctoolchain
[2017-10-04 14:53:33.426][debug][command:2ed67644-47b6-48ea-bccf-97dd5f0b555a][tid:32][com.facebook.buck.apple.AppleCxxPlatforms] Headers verification platform whitelist: [^\Q/Applications/Xcode.app/Contents/Developer/Platforms/MacOSX.platform/Developer/Library/Frameworks\E\/.*, ^\Q/Applications/Xcode.app/Contents/Developer/Platforms/MacOSX.platform/Developer/SDKs/MacOSX.sdk\E\/.*, ^\Q/Applications/Xcode.app/Contents/Developer/Toolchains/XcodeDefault.xctoolchain\E\/.*]
[2017-10-04 14:53:33.429][debug][command:2ed67644-47b6-48ea-bccf-97dd5f0b555a][tid:32][com.facebook.buck.apple.AppleCxxPlatforms] Xcode build version is: 9A235
[2017-10-04 14:53:33.433][debug][command:null][tid:26][com.facebook.buck.util.ListeningProcessExecutor] Wait for process returned 4
[2017-10-04 14:53:33.433][warn ][command:2ed67644-47b6-48ea-bccf-97dd5f0b555a][tid:32][com.facebook.buck.apple.AppleCxxPlatforms] In /Applications/Xcode.app/Contents/Developer/Platforms/MacOSX.platform/version.plist, missing ProductBuildVersion. Build version will be unset for this platform.
[2017-10-04 14:53:33.433][debug][command:null][tid:26][com.facebook.buck.util.ListeningProcessExecutor] Destroying process com.facebook.buck.util.ListeningProcessExecutor$LaunchedProcessImpl@312bd7eb (force true)
[2017-10-04 14:53:33.433][debug][command:null][tid:26][com.facebook.buck.util.environment.MacNetworkConfiguration] Determine active state of media for device
[2017-10-04 14:53:33.433][debug][command:2ed67644-47b6-48ea-bccf-97dd5f0b555a][tid:32][com.facebook.buck.apple.AppleCxxPlatforms] Apple toolchain path: /Applications/Xcode.app/Contents/Developer/Toolchains/XcodeDefault.xctoolchain
[2017-10-04 14:53:33.434][debug][command:null][tid:26][com.facebook.buck.util.ListeningProcessExecutor] Launching process with params ProcessExecutorParams{command=[networksetup, -getMedia, en0]}
[2017-10-04 14:53:33.434][debug][command:2ed67644-47b6-48ea-bccf-97dd5f0b555a][tid:32][com.facebook.buck.apple.AppleCxxPlatforms] Headers verification platform whitelist: [^\Q/Applications/Xcode.app/Contents/Developer/Platforms/MacOSX.platform/Developer/Library/Frameworks\E\/.*, ^\Q/Applications/Xcode.app/Contents/Developer/Platforms/MacOSX.platform/Developer/SDKs/MacOSX.sdk\E\/.*, ^\Q/Applications/Xcode.app/Contents/Developer/Toolchains/XcodeDefault.xctoolchain\E\/.*]
[2017-10-04 14:53:33.435][debug][command:2ed67644-47b6-48ea-bccf-97dd5f0b555a][tid:32][com.facebook.buck.apple.AppleCxxPlatforms] SDK AppleSdk{name=watchos4.0, version=4.0, applePlatform=ApplePlatform{name=watchos, provisioningProfileName=iOS, architectures=[armv7k], minVersionFlagPrefix=-mwatchos-version-min=, stubBinaryPath=Library/Application Support/WatchKit/WK, appIncludesFrameworks=false}, architectures=[armv7k], toolchains=[AppleToolchain{identifier=com.apple.dt.toolchain.XcodeDefault, path=/Applications/Xcode.app/Contents/Developer/Toolchains/XcodeDefault.xctoolchain}]} using default version 4.0
[2017-10-04 14:53:33.435][debug][command:null][tid:26][com.facebook.buck.util.ListeningProcessExecutor] Successfully launched process com.zaxxer.nuprocess.osx.OsxProcess@671d5d71
[2017-10-04 14:53:33.437][debug][command:2ed67644-47b6-48ea-bccf-97dd5f0b555a][tid:32][com.facebook.buck.apple.AppleCxxPlatforms] Xcode build version is: 9A235
[2017-10-04 14:53:33.437][debug][command:null][tid:26][com.facebook.buck.util.ListeningProcessExecutor] Waiting for process com.facebook.buck.util.ListeningProcessExecutor$LaunchedProcessImpl@4049467d timeout 1000 MILLISECONDS
[2017-10-04 14:53:33.442][debug][command:2ed67644-47b6-48ea-bccf-97dd5f0b555a][tid:32][com.facebook.buck.apple.AppleCxxPlatforms] Apple toolchain path: /Applications/Xcode.app/Contents/Developer/Toolchains/XcodeDefault.xctoolchain
[2017-10-04 14:53:33.442][debug][command:2ed67644-47b6-48ea-bccf-97dd5f0b555a][tid:32][com.facebook.buck.apple.AppleCxxPlatforms] Headers verification platform whitelist: [^\Q/Applications/Xcode.app/Contents/Developer/Platforms/WatchOS.platform/Developer/Library/Frameworks\E\/.*, ^\Q/Applications/Xcode.app/Contents/Developer/Platforms/WatchOS.platform/Developer/SDKs/WatchOS.sdk\E\/.*, ^\Q/Applications/Xcode.app/Contents/Developer/Toolchains/XcodeDefault.xctoolchain\E\/.*]
[2017-10-04 14:53:33.444][debug][command:2ed67644-47b6-48ea-bccf-97dd5f0b555a][tid:32][com.facebook.buck.apple.AppleCxxPlatforms] SDK AppleSdk{name=watchsimulator4.0, version=4.0, applePlatform=ApplePlatform{name=watchsimulator, architectures=[i386], minVersionFlagPrefix=-mwatchos-simulator-version-min=, stubBinaryPath=Library/Application Support/WatchKit/WK, appIncludesFrameworks=false}, architectures=[i386], toolchains=[AppleToolchain{identifier=com.apple.dt.toolchain.XcodeDefault, path=/Applications/Xcode.app/Contents/Developer/Toolchains/XcodeDefault.xctoolchain}]} using default version 4.0
[2017-10-04 14:53:33.445][debug][command:2ed67644-47b6-48ea-bccf-97dd5f0b555a][tid:32][com.facebook.buck.apple.AppleCxxPlatforms] Xcode build version is: 9A235
[2017-10-04 14:53:33.449][debug][command:2ed67644-47b6-48ea-bccf-97dd5f0b555a][tid:32][com.facebook.buck.apple.AppleCxxPlatforms] Apple toolchain path: /Applications/Xcode.app/Contents/Developer/Toolchains/XcodeDefault.xctoolchain
[2017-10-04 14:53:33.449][debug][command:2ed67644-47b6-48ea-bccf-97dd5f0b555a][tid:32][com.facebook.buck.apple.AppleCxxPlatforms] Headers verification platform whitelist: [^\Q/Applications/Xcode.app/Contents/Developer/Platforms/WatchSimulator.platform/Developer/Library/Frameworks\E\/.*, ^\Q/Applications/Xcode.app/Contents/Developer/Platforms/WatchSimulator.platform/Developer/SDKs/WatchSimulator.sdk\E\/.*, ^\Q/Applications/Xcode.app/Contents/Developer/Toolchains/XcodeDefault.xctoolchain\E\/.*]
[2017-10-04 14:53:33.451][debug][command:2ed67644-47b6-48ea-bccf-97dd5f0b555a][tid:32][com.facebook.buck.apple.AppleCxxPlatforms] SDK AppleSdk{name=appletvos, version=11.0, applePlatform=ApplePlatform{name=appletvos, provisioningProfileName=tvOS, architectures=[arm64], minVersionFlagPrefix=-mtvos-version-min=, appIncludesFrameworks=false}, architectures=[arm64], toolchains=[AppleToolchain{identifier=com.apple.dt.toolchain.XcodeDefault, path=/Applications/Xcode.app/Contents/Developer/Toolchains/XcodeDefault.xctoolchain}]} using default version 11.0
[2017-10-04 14:53:33.452][debug][command:2ed67644-47b6-48ea-bccf-97dd5f0b555a][tid:32][com.facebook.buck.apple.AppleCxxPlatforms] Xcode build version is: 9A235
[2017-10-04 14:53:33.456][debug][command:2ed67644-47b6-48ea-bccf-97dd5f0b555a][tid:32][com.facebook.buck.apple.AppleCxxPlatforms] Apple toolchain path: /Applications/Xcode.app/Contents/Developer/Toolchains/XcodeDefault.xctoolchain
[2017-10-04 14:53:33.457][debug][command:2ed67644-47b6-48ea-bccf-97dd5f0b555a][tid:32][com.facebook.buck.apple.AppleCxxPlatforms] Headers verification platform whitelist: [^\Q/Applications/Xcode.app/Contents/Developer/Platforms/AppleTVOS.platform/Developer/Library/Frameworks\E\/.*, ^\Q/Applications/Xcode.app/Contents/Developer/Platforms/AppleTVOS.platform/Developer/SDKs/AppleTVOS.sdk\E\/.*, ^\Q/Applications/Xcode.app/Contents/Developer/Toolchains/XcodeDefault.xctoolchain\E\/.*]
[2017-10-04 14:53:33.458][debug][command:2ed67644-47b6-48ea-bccf-97dd5f0b555a][tid:32][com.facebook.buck.apple.AppleCxxPlatforms] SDK AppleSdk{name=appletvsimulator, version=11.0, applePlatform=ApplePlatform{name=appletvsimulator, swiftName=tvos, architectures=[x86_64], minVersionFlagPrefix=-mtvos-simulator-version-min=, appIncludesFrameworks=false}, architectures=[x86_64], toolchains=[AppleToolchain{identifier=com.apple.dt.toolchain.XcodeDefault, path=/Applications/Xcode.app/Contents/Developer/Toolchains/XcodeDefault.xctoolchain}]} using default version 11.0
[2017-10-04 14:53:33.459][debug][command:2ed67644-47b6-48ea-bccf-97dd5f0b555a][tid:32][com.facebook.buck.apple.AppleCxxPlatforms] Xcode build version is: 9A235
[2017-10-04 14:53:33.461][warn ][command:2ed67644-47b6-48ea-bccf-97dd5f0b555a][tid:32][com.facebook.buck.apple.AppleCxxPlatforms] /Applications/Xcode.app/Contents/Developer/Platforms/AppleTVSimulator.platform/version.plist does not exist. Build version will be unset for this platform.
[2017-10-04 14:53:33.461][debug][command:2ed67644-47b6-48ea-bccf-97dd5f0b555a][tid:32][com.facebook.buck.apple.AppleCxxPlatforms] Apple toolchain path: /Applications/Xcode.app/Contents/Developer/Toolchains/XcodeDefault.xctoolchain
[2017-10-04 14:53:33.461][debug][command:2ed67644-47b6-48ea-bccf-97dd5f0b555a][tid:32][com.facebook.buck.apple.AppleCxxPlatforms] Headers verification platform whitelist: [^\Q/Applications/Xcode.app/Contents/Developer/Platforms/AppleTVSimulator.platform/Developer/Library/Frameworks\E\/.*, ^\Q/Applications/Xcode.app/Contents/Developer/Platforms/AppleTVSimulator.platform/Developer/SDKs/AppleTVSimulator.sdk\E\/.*, ^\Q/Applications/Xcode.app/Contents/Developer/Toolchains/XcodeDefault.xctoolchain\E\/.*]
[2017-10-04 14:53:33.462][debug][command:2ed67644-47b6-48ea-bccf-97dd5f0b555a][tid:32][com.facebook.buck.apple.AppleCxxPlatforms] SDK AppleSdk{name=iphoneos, version=11.0, applePlatform=ApplePlatform{name=iphoneos, swiftName=ios, provisioningProfileName=iOS, architectures=[armv7, arm64], minVersionFlagPrefix=-mios-version-min=, stubBinaryPath=Library/Application Support/WatchKit/WK, appIncludesFrameworks=false}, architectures=[armv7, arm64], toolchains=[AppleToolchain{identifier=com.apple.dt.toolchain.XcodeDefault, path=/Applications/Xcode.app/Contents/Developer/Toolchains/XcodeDefault.xctoolchain}]} using default version 10.0
[2017-10-04 14:53:33.463][debug][command:2ed67644-47b6-48ea-bccf-97dd5f0b555a][tid:32][com.facebook.buck.apple.AppleCxxPlatforms] Xcode build version is: 9A235
[2017-10-04 14:53:33.466][debug][command:2ed67644-47b6-48ea-bccf-97dd5f0b555a][tid:32][com.facebook.buck.apple.AppleCxxPlatforms] Apple toolchain path: /Applications/Xcode.app/Contents/Developer/Toolchains/XcodeDefault.xctoolchain
[2017-10-04 14:53:33.467][debug][command:2ed67644-47b6-48ea-bccf-97dd5f0b555a][tid:32][com.facebook.buck.apple.AppleCxxPlatforms] Headers verification platform whitelist: [^\Q/Applications/Xcode.app/Contents/Developer/Platforms/iPhoneOS.platform/Developer/Library/Frameworks\E\/.*, ^\Q/Applications/Xcode.app/Contents/Developer/Platforms/iPhoneOS.platform/Developer/SDKs/iPhoneOS.sdk\E\/.*, ^\Q/Applications/Xcode.app/Contents/Developer/Toolchains/XcodeDefault.xctoolchain\E\/.*]
[2017-10-04 14:53:33.469][debug][command:2ed67644-47b6-48ea-bccf-97dd5f0b555a][tid:32][com.facebook.buck.apple.AppleCxxPlatforms] Xcode build version is: 9A235
[2017-10-04 14:53:33.473][debug][command:2ed67644-47b6-48ea-bccf-97dd5f0b555a][tid:32][com.facebook.buck.apple.AppleCxxPlatforms] Apple toolchain path: /Applications/Xcode.app/Contents/Developer/Toolchains/XcodeDefault.xctoolchain
[2017-10-04 14:53:33.474][debug][command:2ed67644-47b6-48ea-bccf-97dd5f0b555a][tid:32][com.facebook.buck.apple.AppleCxxPlatforms] Headers verification platform whitelist: [^\Q/Applications/Xcode.app/Contents/Developer/Platforms/iPhoneOS.platform/Developer/Library/Frameworks\E\/.*, ^\Q/Applications/Xcode.app/Contents/Developer/Platforms/iPhoneOS.platform/Developer/SDKs/iPhoneOS.sdk\E\/.*, ^\Q/Applications/Xcode.app/Contents/Developer/Toolchains/XcodeDefault.xctoolchain\E\/.*]
[2017-10-04 14:53:33.475][debug][command:2ed67644-47b6-48ea-bccf-97dd5f0b555a][tid:32][com.facebook.buck.apple.AppleCxxPlatforms] SDK AppleSdk{name=iphonesimulator, version=11.0, applePlatform=ApplePlatform{name=iphonesimulator, swiftName=ios, architectures=[i386, x86_64], minVersionFlagPrefix=-mios-simulator-version-min=, stubBinaryPath=Library/Application Support/WatchKit/WK, appIncludesFrameworks=false}, architectures=[i386, x86_64], toolchains=[AppleToolchain{identifier=com.apple.dt.toolchain.XcodeDefault, path=/Applications/Xcode.app/Contents/Developer/Toolchains/XcodeDefault.xctoolchain}]} using default version 10.0
[2017-10-04 14:53:33.477][debug][command:2ed67644-47b6-48ea-bccf-97dd5f0b555a][tid:32][com.facebook.buck.apple.AppleCxxPlatforms] Xcode build version is: 9A235
[2017-10-04 14:53:33.478][debug][command:null][tid:26][com.facebook.buck.util.ListeningProcessExecutor] Wait for process returned 0
[2017-10-04 14:53:33.478][debug][command:null][tid:26][com.facebook.buck.util.ListeningProcessExecutor] Destroying process com.facebook.buck.util.ListeningProcessExecutor$LaunchedProcessImpl@4049467d (force true)
[2017-10-04 14:53:33.478][debug][command:null][tid:26][com.facebook.buck.util.environment.MacNetworkConfiguration] Determine WiFi SSID of device
[2017-10-04 14:53:33.478][debug][command:null][tid:26][com.facebook.buck.util.ListeningProcessExecutor] Launching process with params ProcessExecutorParams{command=[networksetup, -getairportnetwork, en0]}
[2017-10-04 14:53:33.479][warn ][command:2ed67644-47b6-48ea-bccf-97dd5f0b555a][tid:32][com.facebook.buck.apple.AppleCxxPlatforms] /Applications/Xcode.app/Contents/Developer/Platforms/iPhoneSimulator.platform/version.plist does not exist. Build version will be unset for this platform.
[2017-10-04 14:53:33.479][debug][command:2ed67644-47b6-48ea-bccf-97dd5f0b555a][tid:32][com.facebook.buck.apple.AppleCxxPlatforms] Apple toolchain path: /Applications/Xcode.app/Contents/Developer/Toolchains/XcodeDefault.xctoolchain
[2017-10-04 14:53:33.480][debug][command:2ed67644-47b6-48ea-bccf-97dd5f0b555a][tid:32][com.facebook.buck.apple.AppleCxxPlatforms] Headers verification platform whitelist: [^\Q/Applications/Xcode.app/Contents/Developer/Platforms/iPhoneSimulator.platform/Developer/Library/Frameworks\E\/.*, ^\Q/Applications/Xcode.app/Contents/Developer/Platforms/iPhoneSimulator.platform/Developer/SDKs/iPhoneSimulator.sdk\E\/.*, ^\Q/Applications/Xcode.app/Contents/Developer/Toolchains/XcodeDefault.xctoolchain\E\/.*]
[2017-10-04 14:53:33.480][debug][command:null][tid:26][com.facebook.buck.util.ListeningProcessExecutor] Successfully launched process com.zaxxer.nuprocess.osx.OsxProcess@3a9f17c9
[2017-10-04 14:53:33.482][debug][command:null][tid:26][com.facebook.buck.util.ListeningProcessExecutor] Waiting for process com.facebook.buck.util.ListeningProcessExecutor$LaunchedProcessImpl@55e40bfe timeout 1000 MILLISECONDS
[2017-10-04 14:53:33.482][debug][command:2ed67644-47b6-48ea-bccf-97dd5f0b555a][tid:32][com.facebook.buck.apple.AppleCxxPlatforms] Xcode build version is: 9A235
[2017-10-04 14:53:33.484][warn ][command:2ed67644-47b6-48ea-bccf-97dd5f0b555a][tid:32][com.facebook.buck.apple.AppleCxxPlatforms] /Applications/Xcode.app/Contents/Developer/Platforms/iPhoneSimulator.platform/version.plist does not exist. Build version will be unset for this platform.
[2017-10-04 14:53:33.484][debug][command:2ed67644-47b6-48ea-bccf-97dd5f0b555a][tid:32][com.facebook.buck.apple.AppleCxxPlatforms] Apple toolchain path: /Applications/Xcode.app/Contents/Developer/Toolchains/XcodeDefault.xctoolchain
[2017-10-04 14:53:33.485][debug][command:2ed67644-47b6-48ea-bccf-97dd5f0b555a][tid:32][com.facebook.buck.apple.AppleCxxPlatforms] Headers verification platform whitelist: [^\Q/Applications/Xcode.app/Contents/Developer/Platforms/iPhoneSimulator.platform/Developer/Library/Frameworks\E\/.*, ^\Q/Applications/Xcode.app/Contents/Developer/Platforms/iPhoneSimulator.platform/Developer/SDKs/iPhoneSimulator.sdk\E\/.*, ^\Q/Applications/Xcode.app/Contents/Developer/Toolchains/XcodeDefault.xctoolchain\E\/.*]
[2017-10-04 14:53:33.486][debug][command:2ed67644-47b6-48ea-bccf-97dd5f0b555a][tid:32][com.facebook.buck.apple.AppleCxxPlatforms] SDK AppleSdk{name=macosx, version=10.13, applePlatform=ApplePlatform{name=macosx, architectures=[i386, x86_64], minVersionFlagPrefix=-mmacosx-version-min=, appIncludesFrameworks=true}, architectures=[i386, x86_64], toolchains=[AppleToolchain{identifier=com.apple.dt.toolchain.XcodeDefault, path=/Applications/Xcode.app/Contents/Developer/Toolchains/XcodeDefault.xctoolchain}]} using default version 10.13
[2017-10-04 14:53:33.488][debug][command:2ed67644-47b6-48ea-bccf-97dd5f0b555a][tid:32][com.facebook.buck.apple.AppleCxxPlatforms] Xcode build version is: 9A235
[2017-10-04 14:53:33.491][warn ][command:2ed67644-47b6-48ea-bccf-97dd5f0b555a][tid:32][com.facebook.buck.apple.AppleCxxPlatforms] In /Applications/Xcode.app/Contents/Developer/Platforms/MacOSX.platform/version.plist, missing ProductBuildVersion. Build version will be unset for this platform.
[2017-10-04 14:53:33.492][debug][command:2ed67644-47b6-48ea-bccf-97dd5f0b555a][tid:32][com.facebook.buck.apple.AppleCxxPlatforms] Apple toolchain path: /Applications/Xcode.app/Contents/Developer/Toolchains/XcodeDefault.xctoolchain
[2017-10-04 14:53:33.492][debug][command:2ed67644-47b6-48ea-bccf-97dd5f0b555a][tid:32][com.facebook.buck.apple.AppleCxxPlatforms] Headers verification platform whitelist: [^\Q/Applications/Xcode.app/Contents/Developer/Platforms/MacOSX.platform/Developer/Library/Frameworks\E\/.*, ^\Q/Applications/Xcode.app/Contents/Developer/Platforms/MacOSX.platform/Developer/SDKs/MacOSX.sdk\E\/.*, ^\Q/Applications/Xcode.app/Contents/Developer/Toolchains/XcodeDefault.xctoolchain\E\/.*]
[2017-10-04 14:53:33.494][debug][command:2ed67644-47b6-48ea-bccf-97dd5f0b555a][tid:32][com.facebook.buck.apple.AppleCxxPlatforms] Xcode build version is: 9A235
[2017-10-04 14:53:33.497][warn ][command:2ed67644-47b6-48ea-bccf-97dd5f0b555a][tid:32][com.facebook.buck.apple.AppleCxxPlatforms] In /Applications/Xcode.app/Contents/Developer/Platforms/MacOSX.platform/version.plist, missing ProductBuildVersion. Build version will be unset for this platform.
[2017-10-04 14:53:33.497][debug][command:2ed67644-47b6-48ea-bccf-97dd5f0b555a][tid:32][com.facebook.buck.apple.AppleCxxPlatforms] Apple toolchain path: /Applications/Xcode.app/Contents/Developer/Toolchains/XcodeDefault.xctoolchain
[2017-10-04 14:53:33.497][debug][command:2ed67644-47b6-48ea-bccf-97dd5f0b555a][tid:32][com.facebook.buck.apple.AppleCxxPlatforms] Headers verification platform whitelist: [^\Q/Applications/Xcode.app/Contents/Developer/Platforms/MacOSX.platform/Developer/Library/Frameworks\E\/.*, ^\Q/Applications/Xcode.app/Contents/Developer/Platforms/MacOSX.platform/Developer/SDKs/MacOSX.sdk\E\/.*, ^\Q/Applications/Xcode.app/Contents/Developer/Toolchains/XcodeDefault.xctoolchain\E\/.*]
[2017-10-04 14:53:33.498][debug][command:2ed67644-47b6-48ea-bccf-97dd5f0b555a][tid:32][com.facebook.buck.apple.AppleCxxPlatforms] SDK AppleSdk{name=watchos, version=4.0, applePlatform=ApplePlatform{name=watchos, provisioningProfileName=iOS, architectures=[armv7k], minVersionFlagPrefix=-mwatchos-version-min=, stubBinaryPath=Library/Application Support/WatchKit/WK, appIncludesFrameworks=false}, architectures=[armv7k], toolchains=[AppleToolchain{identifier=com.apple.dt.toolchain.XcodeDefault, path=/Applications/Xcode.app/Contents/Developer/Toolchains/XcodeDefault.xctoolchain}]} using default version 4.0
[2017-10-04 14:53:33.499][debug][command:2ed67644-47b6-48ea-bccf-97dd5f0b555a][tid:32][com.facebook.buck.apple.AppleCxxPlatforms] Xcode build version is: 9A235
[2017-10-04 14:53:33.501][debug][command:2ed67644-47b6-48ea-bccf-97dd5f0b555a][tid:32][com.facebook.buck.apple.AppleCxxPlatforms] Apple toolchain path: /Applications/Xcode.app/Contents/Developer/Toolchains/XcodeDefault.xctoolchain
[2017-10-04 14:53:33.502][debug][command:2ed67644-47b6-48ea-bccf-97dd5f0b555a][tid:32][com.facebook.buck.apple.AppleCxxPlatforms] Headers verification platform whitelist: [^\Q/Applications/Xcode.app/Contents/Developer/Platforms/WatchOS.platform/Developer/Library/Frameworks\E\/.*, ^\Q/Applications/Xcode.app/Contents/Developer/Platforms/WatchOS.platform/Developer/SDKs/WatchOS.sdk\E\/.*, ^\Q/Applications/Xcode.app/Contents/Developer/Toolchains/XcodeDefault.xctoolchain\E\/.*]
[2017-10-04 14:53:33.503][debug][command:2ed67644-47b6-48ea-bccf-97dd5f0b555a][tid:32][com.facebook.buck.apple.AppleCxxPlatforms] SDK AppleSdk{name=watchsimulator, version=4.0, applePlatform=ApplePlatform{name=watchsimulator, architectures=[i386], minVersionFlagPrefix=-mwatchos-simulator-version-min=, stubBinaryPath=Library/Application Support/WatchKit/WK, appIncludesFrameworks=false}, architectures=[i386], toolchains=[AppleToolchain{identifier=com.apple.dt.toolchain.XcodeDefault, path=/Applications/Xcode.app/Contents/Developer/Toolchains/XcodeDefault.xctoolchain}]} using default version 4.0
[2017-10-04 14:53:33.504][debug][command:2ed67644-47b6-48ea-bccf-97dd5f0b555a][tid:32][com.facebook.buck.apple.AppleCxxPlatforms] Xcode build version is: 9A235
[2017-10-04 14:53:33.507][debug][command:2ed67644-47b6-48ea-bccf-97dd5f0b555a][tid:32][com.facebook.buck.apple.AppleCxxPlatforms] Apple toolchain path: /Applications/Xcode.app/Contents/Developer/Toolchains/XcodeDefault.xctoolchain
[2017-10-04 14:53:33.508][debug][command:2ed67644-47b6-48ea-bccf-97dd5f0b555a][tid:32][com.facebook.buck.apple.AppleCxxPlatforms] Headers verification platform whitelist: [^\Q/Applications/Xcode.app/Contents/Developer/Platforms/WatchSimulator.platform/Developer/Library/Frameworks\E\/.*, ^\Q/Applications/Xcode.app/Contents/Developer/Platforms/WatchSimulator.platform/Developer/SDKs/WatchSimulator.sdk\E\/.*, ^\Q/Applications/Xcode.app/Contents/Developer/Toolchains/XcodeDefault.xctoolchain\E\/.*]
[2017-10-04 14:53:33.527][debug][command:null][tid:26][com.facebook.buck.util.ListeningProcessExecutor] Wait for process returned 0
[2017-10-04 14:53:33.527][debug][command:null][tid:26][com.facebook.buck.util.ListeningProcessExecutor] Destroying process com.facebook.buck.util.ListeningProcessExecutor$LaunchedProcessImpl@55e40bfe (force true)
[2017-10-04 14:53:33.529][debug][command:2ed67644-47b6-48ea-bccf-97dd5f0b555a][tid:32][com.facebook.buck.io.ExecutableFinder] Executable 'clang' mapped to 'Optional[/usr/bin/clang]'
[2017-10-04 14:53:33.530][debug][command:2ed67644-47b6-48ea-bccf-97dd5f0b555a][tid:32][com.facebook.buck.io.ExecutableFinder] Executable 'clang++' mapped to 'Optional[/usr/bin/clang++]'
[2017-10-04 14:53:33.530][info ][command:null][tid:26][com.facebook.buck.util.versioncontrol.VersionControlStatsGenerator] Starting generation of version control stats.
[2017-10-04 14:53:33.530][warn ][command:null][tid:26][com.facebook.buck.util.versioncontrol.VersionControlStatsGenerator] Skipping generation of version control stats as unsupported repository type.
[2017-10-04 14:53:33.531][debug][command:2ed67644-47b6-48ea-bccf-97dd5f0b555a][tid:32][com.facebook.buck.io.ExecutableFinder] Executable 'ar' mapped to 'Optional[/usr/bin/ar]'
[2017-10-04 14:53:33.532][debug][command:2ed67644-47b6-48ea-bccf-97dd5f0b555a][tid:32][com.facebook.buck.io.ExecutableFinder] Executable 'strip' mapped to 'Optional[/usr/bin/strip]'
[2017-10-04 14:53:33.533][debug][command:2ed67644-47b6-48ea-bccf-97dd5f0b555a][tid:32][com.facebook.buck.io.ExecutableFinder] Executable 'ranlib' mapped to 'Optional[/usr/bin/ranlib]'
[2017-10-04 14:53:33.535][debug][command:2ed67644-47b6-48ea-bccf-97dd5f0b555a][tid:32][com.facebook.buck.io.ExecutableFinder] Executable 'nm' mapped to 'Optional[/usr/bin/nm]'
[2017-10-04 14:53:33.536][debug][command:2ed67644-47b6-48ea-bccf-97dd5f0b555a][tid:32][com.facebook.buck.cxx.toolchain.CxxPlatforms] Using config default C++ platform CxxPlatform{flavor=iphonesimulator-x86_64, as=com.facebook.buck.cxx.toolchain.CompilerProvider@3a550aca, asflags=[-isysroot, /Applications/Xcode.app/Contents/Developer/Platforms/iPhoneSimulator.platform/Developer/SDKs/iPhoneSimulator.sdk, -arch, x86_64, -mios-simulator-version-min=10.0, -iquote, /Users/kieranlafferty/Desktop/BuckTest], aspp=com.facebook.buck.cxx.toolchain.PreprocessorProvider@2c0d6ad3, asppflags=[], cc=com.facebook.buck.cxx.toolchain.CompilerProvider@202f330b, cflags=[-isysroot, /Applications/Xcode.app/Contents/Developer/Platforms/iPhoneSimulator.platform/Developer/SDKs/iPhoneSimulator.sdk, -arch, x86_64, -mios-simulator-version-min=10.0, -iquote, /Users/kieranlafferty/Desktop/BuckTest, -g, -fmodules, -fobjc-arc, -D, BUCK, -w], cxx=com.facebook.buck.cxx.toolchain.CompilerProvider@4f1d6e2c, cxxflags=[-isysroot, /Applications/Xcode.app/Contents/Developer/Platforms/iPhoneSimulator.platform/Developer/SDKs/iPhoneSimulator.sdk, -arch, x86_64, -mios-simulator-version-min=10.0, -iquote, /Users/kieranlafferty/Desktop/BuckTest], cpp=com.facebook.buck.cxx.toolchain.PreprocessorProvider@5d8c2e5f, cppflags=[], cxxpp=com.facebook.buck.cxx.toolchain.PreprocessorProvider@1a108ccf, cxxppflags=[], cudappflags=[], cudaflags=[], asmppflags=[], asmflags=[], ld=com.facebook.buck.cxx.toolchain.linker.DefaultLinkerProvider@43fe43ed, ldflags=[-isysroot, /Applications/Xcode.app/Contents/Developer/Platforms/iPhoneSimulator.platform/Developer/SDKs/iPhoneSimulator.sdk, -arch, x86_64, -mios-simulator-version-min=10.0, -iquote, /Users/kieranlafferty/Desktop/BuckTest, -Wl,-sdk_version, -Wl,11.0, -Wl,-ObjC], runtimeLdflags={}, strip=VersionedTool{path=/Applications/Xcode.app/Contents/Developer/Toolchains/XcodeDefault.xctoolchain/usr/bin/strip, extraArgs=[], name=apple-strip, version=11.0:9A235}, stripFlags=[], ar=com.facebook.buck.cxx.toolchain.ArchiverProvider$1@67b639b0, arflags=[], ranlib=com.facebook.buck.rules.ConstantToolProvider@5b740dcf, ranlibflags=[], symbolNameTool=com.facebook.buck.cxx.toolchain.LazyDelegatingSymbolNameTool@451c949a, sharedLibraryExtension=dylib, sharedLibraryVersionedExtensionFormat=%s.dylib, staticLibraryExtension=a, objectFileExtension=o, compilerDebugPathSanitizer=com.facebook.buck.cxx.toolchain.PrefixMapDebugPathSanitizer@74cc46ff, assemblerDebugPathSanitizer=com.facebook.buck.cxx.toolchain.MungingDebugPathSanitizer@22e19a6f, headerVerification=HeaderVerification{mode=IGNORE, whitelist=[], platformWhitelist=[^\Q/Applications/Xcode.app/Contents/Developer/Platforms/iPhoneSimulator.platform/Developer/Library/Frameworks\E\/.*, ^\Q/Applications/Xcode.app/Contents/Developer/Platforms/iPhoneSimulator.platform/Developer/SDKs/iPhoneSimulator.sdk\E\/.*, ^\Q/Applications/Xcode.app/Contents/Developer/Toolchains/XcodeDefault.xctoolchain\E\/.*], whitelistPatterns=[^\Q/Applications/Xcode.app/Contents/Developer/Platforms/iPhoneSimulator.platform/Developer/Library/Frameworks\E\/.*, ^\Q/Applications/Xcode.app/Contents/Developer/Platforms/iPhoneSimulator.platform/Developer/SDKs/iPhoneSimulator.sdk\E\/.*, ^\Q/Applications/Xcode.app/Contents/Developer/Toolchains/XcodeDefault.xctoolchain\E\/.*]}, flagMacros={SDKROOT=/Applications/Xcode.app/Contents/Developer/Platforms/iPhoneSimulator.platform/Developer/SDKs/iPhoneSimulator.sdk, PLATFORM_DIR=/Applications/Xcode.app/Contents/Developer/Platforms/iPhoneSimulator.platform, CURRENT_ARCH=x86_64, DEVELOPER_DIR=/Applications/Xcode.app/Contents/Developer}, publicHeadersSymlinksEnabled=true, privateHeadersSymlinksEnabled=true}
[2017-10-04 14:53:33.553][debug][command:2ed67644-47b6-48ea-bccf-97dd5f0b555a][tid:32][com.facebook.buck.io.ExecutableFinder] Executable 'python2' mapped to 'Optional.empty'
[2017-10-04 14:53:33.554][debug][command:2ed67644-47b6-48ea-bccf-97dd5f0b555a][tid:32][com.facebook.buck.io.ExecutableFinder] Executable 'python' mapped to 'Optional[/usr/bin/python]'
[2017-10-04 14:53:33.706][debug][command:2ed67644-47b6-48ea-bccf-97dd5f0b555a][tid:32][com.facebook.buck.apple.ProvisioningProfileStore] Provisioning profile search path: /Users/kieranlafferty/Library/MobileDevice/Provisioning Profiles
[2017-10-04 14:53:33.969][debug][command:2ed67644-47b6-48ea-bccf-97dd5f0b555a][tid:32][com.facebook.buck.json.BuckPythonProgram] Writing python rules stub to /Users/kieranlafferty/Desktop/BuckTest/buck-out/tmp/buck_run.ZccEk1/buck_python_program9181758731448056631.
[2017-10-04 14:53:34.710][debug][command:2ed67644-47b6-48ea-bccf-97dd5f0b555a][tid:32][com.facebook.buck.json.BuckPythonProgram] Created temporary buck.py instance at /Users/kieranlafferty/Desktop/BuckTest/buck-out/tmp/buck_run.ZccEk1/buck_python_program9181758731448056631.
[2017-10-04 14:53:34.715][debug][command:2ed67644-47b6-48ea-bccf-97dd5f0b555a][tid:32][com.facebook.buck.json.PythonDslProjectBuildFileParser] Starting buck.py command: [/usr/bin/python, -u, /Users/kieranlafferty/Desktop/BuckTest/buck-out/tmp/buck_run.ZccEk1/buck_python_program9181758731448056631/__main__.py, --allow_empty_globs, --watchman_glob_stat_results, --project_root, /Users/kieranlafferty/Desktop/BuckTest, --cell_name, , --build_file_name, BUCK, --quiet, --config, /Users/kieranlafferty/Desktop/BuckTest/buck-out/tmp/buck_run.ZccEk1/raw_config8159026767908540209.json, --ignore_paths, /Users/kieranlafferty/Desktop/BuckTest/buck-out/tmp/buck_run.ZccEk1/ignore_paths4082755526661423084.json] environment: Optional[{IRBRC=/Users/kieranlafferty/.rvm/rubies/ruby-2.4.0/.irbrc, PATH=/Users/kieranlafferty/.rvm/gems/ruby-2.4.0/bin:/Users/kieranlafferty/.rvm/gems/ruby-2.4.0@global/bin:/Users/kieranlafferty/.rvm/rubies/ruby-2.4.0/bin:/usr/local/bin:/usr/bin:/bin:/usr/sbin:/sbin:/Users/kieranlafferty/.rvm/bin:/Users/kieranlafferty/.rvm/bin, JAVA_ARCH=x86_64, _system_arch=x86_64, rvm_bin_path=/Users/kieranlafferty/.rvm/bin, BUCK_CLASSPATH=/Users/kieranlafferty/Desktop/BuckTest/.buckd/resources/v2017.10.01.01/buck_server, TERM=xterm-256color, rvm_prefix=/Users/kieranlafferty, LANG=en_US.UTF-8, VERSIONER_PYTHON_VERSION=2.7, BUCK_BUILD_ID=2ed67644-47b6-48ea-bccf-97dd5f0b555a, LOGNAME=kieranlafferty, rvm_version=1.29.2 (latest), XPC_SERVICE_NAME=0, PWD=/Users/kieranlafferty/Desktop/BuckTest, TERM_PROGRAM_VERSION=388.1.1, _=/usr/local/bin/buck, SHELL=/bin/bash, NVM_DIR=/Users/kieranlafferty/.nvm, JAVA_MAIN_CLASS_12566=com.facebook.buck.cli.bootstrapper.ClassLoaderBootstrapper, TERM_PROGRAM=Apple_Terminal, _system_type=Darwin, MY_RUBY_HOME=/Users/kieranlafferty/.rvm/rubies/ruby-2.4.0, BUCK_PYTHON_SPACE_INIT_TIME=7, _system_version=10.12, OLDPWD=/Users/kieranlafferty/Desktop, GEM_HOME=/Users/kieranlafferty/.rvm/gems/ruby-2.4.0, USER=kieranlafferty, VERSIONER_PYTHON_PREFER_32_BIT=no, CLASSPATH=/Users/kieranlafferty/Desktop/BuckTest/.buckd/resources/v2017.10.01.01/bootstrapper_jar, BUCK_TERM_COLUMNS=235, TMPDIR=/var/folders/zz/v2fpp8m54y1dq0qh5yt0hqvr0000gn/T/, rvm_path=/Users/kieranlafferty/.rvm, SSH_AUTH_SOCK=/private/tmp/com.apple.launchd.6ZK0SrMSVY/Listeners, GEM_PATH=/Users/kieranlafferty/.rvm/gems/ruby-2.4.0:/Users/kieranlafferty/.rvm/gems/ruby-2.4.0@global, XPC_FLAGS=0x0, RUBY_VERSION=ruby-2.4.0, TERM_SESSION_ID=CB4A996C-E3FC-48E1-BE88-F3365BBC9D63, BUCK_TTY=1, _system_name=OSX, __CF_USER_TEXT_ENCODING=0x1F5:0x0:0x0, Apple_PubSub_Socket_Render=/private/tmp/com.apple.launchd.2MgsOd4gbP/Render, com.apple.java.jvmTask=CommandLine, SHLVL=1, HOME=/Users/kieranlafferty}]
[2017-10-04 14:53:34.720][debug][command:2ed67644-47b6-48ea-bccf-97dd5f0b555a][tid:32][com.facebook.buck.json.PythonDslProjectBuildFileParser] Started process com.facebook.buck.util.ProcessExecutor$LaunchedProcessImpl@68e2e0ff successfully
[2017-10-04 14:53:35.089][debug][command:null][tid:43][com.facebook.buck.json.PythonDslProjectBuildFileParser] Closing buck.py process stdin
[2017-10-04 14:53:35.092][debug][command:2ed67644-47b6-48ea-bccf-97dd5f0b555a][tid:01][com.facebook.buck.rules.ActionGraphCache] Computing TargetGraph HashCode...
[2017-10-04 14:53:35.094][info ][command:2ed67644-47b6-48ea-bccf-97dd5f0b555a][tid:01][com.facebook.buck.rules.ActionGraphCache] ActionGraph cache miss. Cache was empty.
[2017-10-04 14:53:35.114][debug][command:null][tid:43][com.facebook.buck.json.PythonDslProjectBuildFileParser] Waiting for process com.facebook.buck.util.ProcessExecutor$LaunchedProcessImpl@68e2e0ff to exit...
[2017-10-04 14:53:35.114][debug][command:null][tid:43][com.facebook.buck.json.PythonDslProjectBuildFileParser] Process com.facebook.buck.util.ProcessExecutor$LaunchedProcessImpl@68e2e0ff exited cleanly.
[2017-10-04 14:53:35.377][info ][command:2ed67644-47b6-48ea-bccf-97dd5f0b555a][tid:01][com.facebook.buck.rules.ActionGraphCache] ActionGraph cache assignment. skipActionGraphCache? false
[2017-10-04 14:53:35.406][debug][command:2ed67644-47b6-48ea-bccf-97dd5f0b555a][tid:01][com.facebook.buck.cli.MetadataChecker] Checking metadata_storage for /Users/kieranlafferty/Desktop/BuckTest
[2017-10-04 14:53:35.550][warn ][command:2ed67644-47b6-48ea-bccf-97dd5f0b555a][tid:40][com.facebook.buck.rules.keys.RuleKeyBuilder] Attempting to add absolute path to rule key. Only using file name: /usr/bin/codesign
[2017-10-04 14:53:35.599][debug][command:2ed67644-47b6-48ea-bccf-97dd5f0b555a][tid:39][com.facebook.buck.rules.CachingBuildRuleBuilder] Cache miss for '//Apps/BuckSwiftDemo:BuckSwiftDemo#dwarf-and-dsym,no-include-frameworks' with rulekey '7468ad4a43dd85e916989412b117dcdf485c9c8b'
[2017-10-04 14:53:35.609][debug][command:2ed67644-47b6-48ea-bccf-97dd5f0b555a][tid:42][com.facebook.buck.rules.CachingBuildRuleBuilder] Cache miss for '//Apps/BuckSwiftDemo:BuckSwiftDemoBinary#apple-dsym,iphonesimulator-x86_64' with rulekey 'e438b28beb51096678f25528be74d710ad58f0b0'
[2017-10-04 14:53:35.609][debug][command:2ed67644-47b6-48ea-bccf-97dd5f0b555a][tid:38][com.facebook.buck.rules.CachingBuildRuleBuilder] Cache miss for '//Apps/BuckSwiftDemo:BuckSwiftDemoBinary#iphonesimulator-x86_64,strip-non-global' with rulekey '874f92c7204c2b91a635eb5b00e4e55769bbe813'
[2017-10-04 14:53:35.611][debug][command:2ed67644-47b6-48ea-bccf-97dd5f0b555a][tid:37][com.facebook.buck.rules.CachingBuildRuleBuilder] Cache miss for '//Apps/BuckSwiftDemo:BuckSwiftDemoBinary#apple-debuggable-binary,dwarf-and-dsym,iphonesimulator-x86_64,strip-non-global' with rulekey 'c87e5892c5749db30d7f3a13422aefe20d6fdb33'
[2017-10-04 14:53:35.612][debug][command:2ed67644-47b6-48ea-bccf-97dd5f0b555a][tid:40][com.facebook.buck.rules.CachingBuildRuleBuilder] Cache miss for '//Apps/BuckSwiftDemo:BuckSwiftDemoBinary#iphonesimulator-x86_64,strip-non-global,stripped' with rulekey 'e303f600ae4a900c5720db666d9ce56f4bac46ae'
[2017-10-04 14:53:35.613][debug][command:2ed67644-47b6-48ea-bccf-97dd5f0b555a][tid:37][com.facebook.buck.rules.CachingBuildRuleBuilder] Cache miss for '//Apps/BuckSwiftDemo:BuckSwiftDemoBinary#iphonesimulator-x86_64' with rulekey '2c52785032ad9e6d8d6c39a9108f9d20368f9495'
[2017-10-04 14:53:35.613][debug][command:2ed67644-47b6-48ea-bccf-97dd5f0b555a][tid:40][com.facebook.buck.rules.CachingBuildRuleBuilder] Cache miss for '//Apps/BuckSwiftDemo:BuckSwiftDemoBinary#binary,iphonesimulator-x86_64' with rulekey '4888f1afa93ca0d938f371e18799055e3238982c'
[2017-10-04 14:53:35.613][debug][command:2ed67644-47b6-48ea-bccf-97dd5f0b555a][tid:32][com.facebook.buck.rules.CachingBuildRuleBuilder] Cache miss for '//Apps/BuckSwiftDemo:BuckSwiftDemoAppLibrary#iphonesimulator-x86_64,static' with rulekey '038fdac9e9ceacd54ad7031ee4970ea44d6ebf58'
[2017-10-04 14:53:35.614][debug][command:2ed67644-47b6-48ea-bccf-97dd5f0b555a][tid:32][com.facebook.buck.rules.CachingBuildRuleBuilder] Cache miss for '//Apps/BuckSwiftDemo:BuckSwiftDemoBinary#compile-main.m.oefe8068e,iphonesimulator-x86_64' with rulekey 'b5167a7b63225578884142b6ec3a31232db3c017'
[2017-10-04 14:53:35.615][debug][command:2ed67644-47b6-48ea-bccf-97dd5f0b555a][tid:37][com.facebook.buck.rules.CachingBuildRuleBuilder] Cache miss for '//Apps/BuckSwiftDemo:BuckSwiftDemoAppLibrary#apple-swift-compile,iphonesimulator-x86_64' with rulekey '8963ed6dce5f2fd787c7b9d63d153ed9912692b6'
[2017-10-04 14:53:35.624][debug][command:2ed67644-47b6-48ea-bccf-97dd5f0b555a][tid:39][com.facebook.buck.rules.CachingBuildRuleBuilder] Building locally: //Apps/BuckSwiftDemo:BuckSwiftDemoAppLibrary#apple-swift-compile,iphonesimulator-x86_64
[2017-10-04 14:53:35.625][debug][command:2ed67644-47b6-48ea-bccf-97dd5f0b555a][tid:40][com.facebook.buck.rules.CachingBuildRuleBuilder] Building locally: //Apps/BuckSwiftDemo:BuckSwiftDemoAppLibrary#apple-swift-objc-generated-header,iphonesimulator-x86_64
[2017-10-04 14:53:35.625][debug][command:2ed67644-47b6-48ea-bccf-97dd5f0b555a][tid:42][com.facebook.buck.rules.CachingBuildRuleBuilder] Building locally: //Apps/BuckSwiftDemo:BuckSwiftDemoBinary#iphonesimulator-x86_64,private-headers
[2017-10-04 14:53:35.625][debug][command:2ed67644-47b6-48ea-bccf-97dd5f0b555a][tid:41][com.facebook.buck.rules.CachingBuildRuleBuilder] Building locally: //Apps/BuckSwiftDemo:BuckSwiftDemoAppLibrary
[2017-10-04 14:53:35.627][debug][command:2ed67644-47b6-48ea-bccf-97dd5f0b555a][tid:42][com.facebook.buck.cxx.HeaderSymlinkTreeWithHeaderMap] Generating post-build steps to write header map to buck-out/gen/Apps/BuckSwiftDemo/BuckSwiftDemoBinary#iphonesimulator-x86_64,private-headers.hmap
[2017-10-04 14:53:35.627][debug][command:2ed67644-47b6-48ea-bccf-97dd5f0b555a][tid:40][com.facebook.buck.cxx.HeaderSymlinkTreeWithHeaderMap] Generating post-build steps to write header map to buck-out/gen/Apps/BuckSwiftDemo/BuckSwiftDemoAppLibrary#apple-swift-objc-generated-header,iphonesimulator-x86_64.hmap
[2017-10-04 14:53:35.627][debug][command:2ed67644-47b6-48ea-bccf-97dd5f0b555a][tid:41][com.facebook.buck.rules.CachingBuildRuleBuilder] Build completed: cxx_library //Apps/BuckSwiftDemo:BuckSwiftDemoAppLibrary (1337827ns)
[2017-10-04 14:53:35.646][debug][command:2ed67644-47b6-48ea-bccf-97dd5f0b555a][tid:42][com.facebook.buck.cxx.HeaderMapStep] Writing header map with 0 entries to buck-out/gen/Apps/BuckSwiftDemo/BuckSwiftDemoBinary#iphonesimulator-x86_64,private-headers.hmap
[2017-10-04 14:53:35.646][debug][command:2ed67644-47b6-48ea-bccf-97dd5f0b555a][tid:39][com.facebook.buck.swift.SwiftCompileStep] [/Applications/Xcode.app/Contents/Developer/Toolchains/XcodeDefault.xctoolchain/usr/bin/swiftc, -frontend, -sdk, /Applications/Xcode.app/Contents/Developer/Platforms/iPhoneSimulator.platform/Developer/SDKs/iPhoneSimulator.sdk, -target, x86_64-apple-ios10.0, -c, -enable-objc-interop, -parse-as-library, -module-name, BuckSwiftDemoAppLibrary, -emit-module, -emit-module-path, buck-out/gen/Apps/BuckSwiftDemo/BuckSwiftDemoAppLibrary#apple-swift-compile,iphonesimulator-x86_64/BuckSwiftDemoAppLibrary.swiftmodule, -o, buck-out/gen/Apps/BuckSwiftDemo/BuckSwiftDemoAppLibrary#apple-swift-compile,iphonesimulator-x86_64/BuckSwiftDemoAppLibrary.o, -emit-objc-header-path, buck-out/gen/Apps/BuckSwiftDemo/BuckSwiftDemoAppLibrary#apple-swift-compile,iphonesimulator-x86_64/BuckSwiftDemoAppLibrary-Swift.h, -swift-version, 3, -DBUCK, -whole-module-optimization, -enable-testing, -suppress-warnings, Apps/BuckSwiftDemo/BuckSwiftDemo/AppDelegate.swift, Apps/BuckSwiftDemo/BuckSwiftDemo/ViewController.swift]
[2017-10-04 14:53:35.647][debug][command:2ed67644-47b6-48ea-bccf-97dd5f0b555a][tid:40][com.facebook.buck.cxx.HeaderMapStep] Writing header map with 1 entries to buck-out/gen/Apps/BuckSwiftDemo/BuckSwiftDemoAppLibrary#apple-swift-objc-generated-header,iphonesimulator-x86_64.hmap
[2017-10-04 14:53:35.647][debug][command:2ed67644-47b6-48ea-bccf-97dd5f0b555a][tid:39][com.facebook.buck.util.ListeningProcessExecutor] Launching process with params ProcessExecutorParams{command=[/Applications/Xcode.app/Contents/Developer/Toolchains/XcodeDefault.xctoolchain/usr/bin/swiftc, -frontend, -sdk, /Applications/Xcode.app/Contents/Developer/Platforms/iPhoneSimulator.platform/Developer/SDKs/iPhoneSimulator.sdk, -target, x86_64-apple-ios10.0, -c, -enable-objc-interop, -parse-as-library, -module-name, BuckSwiftDemoAppLibrary, -emit-module, -emit-module-path, buck-out/gen/Apps/BuckSwiftDemo/BuckSwiftDemoAppLibrary#apple-swift-compile,iphonesimulator-x86_64/BuckSwiftDemoAppLibrary.swiftmodule, -o, buck-out/gen/Apps/BuckSwiftDemo/BuckSwiftDemoAppLibrary#apple-swift-compile,iphonesimulator-x86_64/BuckSwiftDemoAppLibrary.o, -emit-objc-header-path, buck-out/gen/Apps/BuckSwiftDemo/BuckSwiftDemoAppLibrary#apple-swift-compile,iphonesimulator-x86_64/BuckSwiftDemoAppLibrary-Swift.h, -swift-version, 3, -DBUCK, -whole-module-optimization, -enable-testing, -suppress-warnings, Apps/BuckSwiftDemo/BuckSwiftDemo/AppDelegate.swift, Apps/BuckSwiftDemo/BuckSwiftDemo/ViewController.swift], directory=/Users/kieranlafferty/Desktop/BuckTest, environment={}}
[2017-10-04 14:53:35.651][debug][command:2ed67644-47b6-48ea-bccf-97dd5f0b555a][tid:39][com.facebook.buck.util.ListeningProcessExecutor] Successfully launched process com.zaxxer.nuprocess.osx.OsxProcess@4da9b699
[2017-10-04 14:53:35.652][debug][command:2ed67644-47b6-48ea-bccf-97dd5f0b555a][tid:39][com.facebook.buck.util.ListeningProcessExecutor] Waiting for process com.facebook.buck.util.ListeningProcessExecutor$LaunchedProcessImpl@7a90b17f timeout 0 SECONDS
[2017-10-04 14:53:35.654][debug][command:2ed67644-47b6-48ea-bccf-97dd5f0b555a][tid:42][com.facebook.buck.rules.CachingBuildRuleBuilder] Build completed: symlink_tree //Apps/BuckSwiftDemo:BuckSwiftDemoBinary#iphonesimulator-x86_64,private-headers (29028658ns)
[2017-10-04 14:53:35.656][debug][command:2ed67644-47b6-48ea-bccf-97dd5f0b555a][tid:40][com.facebook.buck.rules.CachingBuildRuleBuilder] Build completed: symlink_tree //Apps/BuckSwiftDemo:BuckSwiftDemoAppLibrary#apple-swift-objc-generated-header,iphonesimulator-x86_64 (30785504ns)
[2017-10-04 14:53:36.851][debug][command:2ed67644-47b6-48ea-bccf-97dd5f0b555a][tid:39][com.facebook.buck.util.ListeningProcessExecutor] Wait for process returned 0
[2017-10-04 14:53:36.852][debug][command:2ed67644-47b6-48ea-bccf-97dd5f0b555a][tid:39][com.facebook.buck.rules.CachingBuildRuleBuilder] Build completed: swift_compile //Apps/BuckSwiftDemo:BuckSwiftDemoAppLibrary#apple-swift-compile,iphonesimulator-x86_64 (1226714722ns)
[2017-10-04 14:53:36.868][debug][command:2ed67644-47b6-48ea-bccf-97dd5f0b555a][tid:41][com.facebook.buck.rules.CachingBuildRuleBuilder] Building locally: //Apps/BuckSwiftDemo:BuckSwiftDemoBinary#iphonesimulator-x86_64,preprocessor-deps
[2017-10-04 14:53:36.868][debug][command:2ed67644-47b6-48ea-bccf-97dd5f0b555a][tid:41][com.facebook.buck.rules.CachingBuildRuleBuilder] Build completed: dependency_aggregation //Apps/BuckSwiftDemo:BuckSwiftDemoBinary#iphonesimulator-x86_64,preprocessor-deps (50853ns)
[2017-10-04 14:53:36.870][debug][command:2ed67644-47b6-48ea-bccf-97dd5f0b555a][tid:38][com.facebook.buck.rules.CachingBuildRuleBuilder] Cache miss for '//Apps/BuckSwiftDemo:BuckSwiftDemoAppLibrary#iphonesimulator-x86_64,static' with rulekey '2ef2f04df3306840550c69f4740e12718310a730'
[2017-10-04 14:53:36.871][debug][command:2ed67644-47b6-48ea-bccf-97dd5f0b555a][tid:41][com.facebook.buck.rules.CachingBuildRuleBuilder] Building locally: //Apps/BuckSwiftDemo:BuckSwiftDemoAppLibrary#iphonesimulator-x86_64,static
[2017-10-04 14:53:36.876][debug][command:2ed67644-47b6-48ea-bccf-97dd5f0b555a][tid:39][com.facebook.buck.rules.CachingBuildRuleBuilder] Cache miss for '//Apps/BuckSwiftDemo:BuckSwiftDemoBinary#compile-main.m.oefe8068e,iphonesimulator-x86_64' with rulekey '379f3f0dc794288410080445bce16093f01f037c'
[2017-10-04 14:53:36.877][debug][command:2ed67644-47b6-48ea-bccf-97dd5f0b555a][tid:39][com.facebook.buck.rules.CachingBuildRuleBuilder] Building locally: //Apps/BuckSwiftDemo:BuckSwiftDemoBinary#compile-main.m.oefe8068e,iphonesimulator-x86_64
[2017-10-04 14:53:36.903][debug][command:2ed67644-47b6-48ea-bccf-97dd5f0b555a][tid:39][com.facebook.buck.cxx.CxxPreprocessAndCompileStep] preprocess_and_compile Apps/BuckSwiftDemo/BuckSwiftDemo/main.m -> buck-out/gen/Apps/BuckSwiftDemo/BuckSwiftDemoBinary#compile-main.m.oefe8068e,iphonesimulator-x86_64/BuckSwiftDemo/main.m.o
[2017-10-04 14:53:36.913][debug][command:2ed67644-47b6-48ea-bccf-97dd5f0b555a][tid:39][com.facebook.buck.cxx.CxxPreprocessAndCompileStep] Running command (pwd=Optional[/Users/kieranlafferty/Desktop/BuckTest]): (verbosity level disables command output)
[2017-10-04 14:53:36.916][debug][command:2ed67644-47b6-48ea-bccf-97dd5f0b555a][tid:41][com.facebook.buck.shell.ShellStep] Command: /Applications/Xcode.app/Contents/Developer/Toolchains/XcodeDefault.xctoolchain/usr/bin/ranlib buck-out/gen/Apps/BuckSwiftDemo/BuckSwiftDemoAppLibrary#iphonesimulator-x86_64,static/libBuckSwiftDemoAppLibrary.a
[2017-10-04 14:53:36.928][debug][command:2ed67644-47b6-48ea-bccf-97dd5f0b555a][tid:41][com.facebook.buck.shell.ShellStep] [/Applications/Xcode.app/Contents/Developer/Toolchains/XcodeDefault.xctoolchain/usr/bin/ranlib, buck-out/gen/Apps/BuckSwiftDemo/BuckSwiftDemoAppLibrary#iphonesimulator-x86_64,static/libBuckSwiftDemoAppLibrary.a]: exit code: 0. os load (before, after): (2.456543, 2.456543). CPU count: 8. (no output)
[2017-10-04 14:53:36.929][debug][command:2ed67644-47b6-48ea-bccf-97dd5f0b555a][tid:41][com.facebook.buck.rules.CachingBuildRuleBuilder] Build completed: archive //Apps/BuckSwiftDemo:BuckSwiftDemoAppLibrary#iphonesimulator-x86_64,static (58429666ns)
[2017-10-04 14:53:37.459][debug][command:2ed67644-47b6-48ea-bccf-97dd5f0b555a][tid:39][com.facebook.buck.rules.CachingBuildRuleBuilder] Build completed: cxx_preprocess_compile //Apps/BuckSwiftDemo:BuckSwiftDemoBinary#compile-main.m.oefe8068e,iphonesimulator-x86_64 (581697440ns)
[2017-10-04 14:53:37.461][debug][command:2ed67644-47b6-48ea-bccf-97dd5f0b555a][tid:40][com.facebook.buck.cxx.Depfiles] Processing dependency file buck-out/gen/Apps/BuckSwiftDemo/BuckSwiftDemoBinary#compile-main.m.oefe8068e,iphonesimulator-x86_64/BuckSwiftDemo/main.m.o.dep as Makefile
[2017-10-04 14:53:37.573][debug][command:2ed67644-47b6-48ea-bccf-97dd5f0b555a][tid:41][com.facebook.buck.rules.CachingBuildRuleBuilder] Cache miss for '//Apps/BuckSwiftDemo:BuckSwiftDemoBinary#binary,iphonesimulator-x86_64' with rulekey 'fbdbb1b7a40ee4f2d427eeb68cce0315954a12e9'
[2017-10-04 14:53:37.573][debug][command:2ed67644-47b6-48ea-bccf-97dd5f0b555a][tid:36][com.facebook.buck.rules.CachingBuildRuleBuilder] Building locally: //Apps/BuckSwiftDemo:BuckSwiftDemoBinary#binary,iphonesimulator-x86_64
[2017-10-04 14:53:37.581][debug][command:2ed67644-47b6-48ea-bccf-97dd5f0b555a][tid:36][com.facebook.buck.cxx.CxxPrepareForLinkStep] Link command (pwd=/Users/kieranlafferty/Desktop/BuckTest): /Applications/Xcode.app/Contents/Developer/Toolchains/XcodeDefault.xctoolchain/usr/bin/clang++ -o buck-out/gen/Apps/BuckSwiftDemo/BuckSwiftDemoBinary#iphonesimulator-x86_64 -Xlinker -map -Xlinker buck-out/gen/Apps/BuckSwiftDemo/BuckSwiftDemoBinary#iphonesimulator-x86_64-LinkMap.txt -isysroot /Applications/Xcode.app/Contents/Developer/Platforms/iPhoneSimulator.platform/Developer/SDKs/iPhoneSimulator.sdk -arch x86_64 -mios-simulator-version-min=10.0 -iquote /Users/kieranlafferty/Desktop/BuckTest -Wl,-sdk_version -Wl,11.0 -Wl,-ObjC buck-out/gen/Apps/BuckSwiftDemo/BuckSwiftDemoBinary#compile-main.m.oefe8068e,iphonesimulator-x86_64/BuckSwiftDemo/main.m.o buck-out/gen/Apps/BuckSwiftDemo/BuckSwiftDemoAppLibrary#iphonesimulator-x86_64,static/libBuckSwiftDemoAppLibrary.a -Xlinker -rpath -Xlinker @executable_path/Frameworks -Xlinker -rpath -Xlinker @loader_path/Frameworks -L /Applications/Xcode.app/Contents/Developer/Toolchains/XcodeDefault.xctoolchain/usr/lib/swift/iphonesimulator -F /Applications/Xcode.app/Contents/Developer/Platforms/iPhoneSimulator.platform/Developer/SDKs/iPhoneSimulator.sdk/System/Library/Frameworks -framework Foundation -framework UIKit -framework UserNotifications -Xlinker -filelist -Xlinker /Users/kieranlafferty/Desktop/BuckTest/buck-out/bin/Apps/BuckSwiftDemo/BuckSwiftDemoBinary#binary,iphonesimulator-x86_64__filelist.txt
[2017-10-04 14:53:37.593][debug][command:2ed67644-47b6-48ea-bccf-97dd5f0b555a][tid:36][com.facebook.buck.shell.ShellStep] Command: /Applications/Xcode.app/Contents/Developer/Toolchains/XcodeDefault.xctoolchain/usr/bin/clang++ @/Users/kieranlafferty/Desktop/BuckTest/buck-out/bin/Apps/BuckSwiftDemo/BuckSwiftDemoBinary#binary,iphonesimulator-x86_64.argsfile
[2017-10-04 14:53:37.812][debug][command:2ed67644-47b6-48ea-bccf-97dd5f0b555a][tid:36][com.facebook.buck.shell.ShellStep] [/Applications/Xcode.app/Contents/Developer/Toolchains/XcodeDefault.xctoolchain/usr/bin/clang++, @/Users/kieranlafferty/Desktop/BuckTest/buck-out/bin/Apps/BuckSwiftDemo/BuckSwiftDemoBinary#binary,iphonesimulator-x86_64.argsfile]: exit code: 1. os load (before, after): (2.456543, 2.456543). CPU count: 8.
stdout:

stderr:
[31mduplicate symbol _main in:
[0m[31m    buck-out/gen/Apps/BuckSwiftDemo/BuckSwiftDemoBinary#compile-main.m.oefe8068e,iphonesimulator-x86_64/BuckSwiftDemo/main.m.o
[0m[31m    buck-out/gen/Apps/BuckSwiftDemo/BuckSwiftDemoAppLibrary#iphonesimulator-x86_64,static/libBuckSwiftDemoAppLibrary.a(BuckSwiftDemoAppLibrary.o)
[0m[31mld: 1 duplicate symbol for architecture x86_64
[0m[31mclang: error: linker command failed with exit code 1 (use -v to see invocation)
[0m

[2017-10-04 14:53:37.813][warn ][command:2ed67644-47b6-48ea-bccf-97dd5f0b555a][tid:25][com.facebook.buck.event.listener.LoggingBuildListener] [31mduplicate symbol _main in:
[0m[31m    buck-out/gen/Apps/BuckSwiftDemo/BuckSwiftDemoBinary#compile-main.m.oefe8068e,iphonesimulator-x86_64/BuckSwiftDemo/main.m.o
[0m[31m    buck-out/gen/Apps/BuckSwiftDemo/BuckSwiftDemoAppLibrary#iphonesimulator-x86_64,static/libBuckSwiftDemoAppLibrary.a(BuckSwiftDemoAppLibrary.o)
[0m[31mld: 1 duplicate symbol for architecture x86_64
[0m[31mclang: error: linker command failed with exit code 1 (use -v to see invocation)
[0m
[2017-10-04 14:53:37.815][debug][command:2ed67644-47b6-48ea-bccf-97dd5f0b555a][tid:42][com.facebook.buck.rules.CachingBuildRuleBuilder] Building rule [//Apps/BuckSwiftDemo:BuckSwiftDemoBinary#binary,iphonesimulator-x86_64] failed.
com.facebook.buck.step.StepFailedException: Command failed with exit code 1.
stderr: [31mduplicate symbol _main in:
[0m[31m    buck-out/gen/Apps/BuckSwiftDemo/BuckSwiftDemoBinary#compile-main.m.oefe8068e,iphonesimulator-x86_64/BuckSwiftDemo/main.m.o
[0m[31m    buck-out/gen/Apps/BuckSwiftDemo/BuckSwiftDemoAppLibrary#iphonesimulator-x86_64,static/libBuckSwiftDemoAppLibrary.a(BuckSwiftDemoAppLibrary.o)
[0m[31mld: 1 duplicate symbol for architecture x86_64
[0m[31mclang: error: linker command failed with exit code 1 (use -v to see invocation)
[0m
  When running <c++ link>.
	at com.facebook.buck.step.StepFailedException.createForFailingStepWithException(StepFailedException.java:63)
	at com.facebook.buck.step.StepFailedException.createForFailingStepWithExitCode(StepFailedException.java:55)
	at com.facebook.buck.step.DefaultStepRunner.runStepForBuildTarget(DefaultStepRunner.java:54)
	at com.facebook.buck.rules.CachingBuildRuleBuilder$BuildRuleSteps.executeCommandsNowThatDepsAreBuilt(CachingBuildRuleBuilder.java:1694)
	at com.facebook.buck.rules.CachingBuildRuleBuilder$BuildRuleSteps.run(CachingBuildRuleBuilder.java:1647)
	at com.facebook.buck.util.concurrent.WeightedListeningExecutorService.lambda$submit$2(WeightedListeningExecutorService.java:104)
	at com.facebook.buck.util.concurrent.WeightedListeningExecutorService.lambda$submitWithSemaphore$0(WeightedListeningExecutorService.java:78)
	at com.google.common.util.concurrent.AbstractTransformFuture$AsyncTransformFuture.doTransform(AbstractTransformFuture.java:211)
	at com.google.common.util.concurrent.AbstractTransformFuture$AsyncTransformFuture.doTransform(AbstractTransformFuture.java:200)
	at com.google.common.util.concurrent.AbstractTransformFuture.run(AbstractTransformFuture.java:130)
	at com.google.common.util.concurrent.MoreExecutors$5$1.run(MoreExecutors.java:988)
	at java.util.concurrent.ThreadPoolExecutor.runWorker(ThreadPoolExecutor.java:1142)
	at java.util.concurrent.ThreadPoolExecutor$Worker.run(ThreadPoolExecutor.java:617)
	at java.lang.Thread.run(Thread.java:748)
Caused by: com.facebook.buck.util.HumanReadableException: Command failed with exit code 1.
stderr: [31mduplicate symbol _main in:
[0m[31m    buck-out/gen/Apps/BuckSwiftDemo/BuckSwiftDemoBinary#compile-main.m.oefe8068e,iphonesimulator-x86_64/BuckSwiftDemo/main.m.o
[0m[31m    buck-out/gen/Apps/BuckSwiftDemo/BuckSwiftDemoAppLibrary#iphonesimulator-x86_64,static/libBuckSwiftDemoAppLibrary.a(BuckSwiftDemoAppLibrary.o)
[0m[31mld: 1 duplicate symbol for architecture x86_64
[0m[31mclang: error: linker command failed with exit code 1 (use -v to see invocation)
[0m
	at com.facebook.buck.step.StepFailedException.createForFailingStepWithExitCode(StepFailedException.java:56)
	... 12 more

[2017-10-04 14:53:37.823][debug][command:2ed67644-47b6-48ea-bccf-97dd5f0b555a][tid:01][com.facebook.buck.util.ErrorLogger] Got an exception during the build.
com.facebook.buck.command.Build$BuildExecutionException: com.facebook.buck.util.exceptions.BuckUncheckedExecutionException: 
	at com.facebook.buck.command.Build.executeBuild(Build.java:221)
	at com.facebook.buck.command.Build.executeAndPrintFailuresToEventBus(Build.java:308)
	at com.facebook.buck.cli.BuildCommand.executeBuild(BuildCommand.java:971)
	at com.facebook.buck.cli.BuildCommand.executeLocalBuild(BuildCommand.java:912)
	at com.facebook.buck.cli.BuildCommand.executeBuildAndProcessResult(BuildCommand.java:511)
	at com.facebook.buck.cli.BuildCommand.run(BuildCommand.java:400)
	at com.facebook.buck.cli.BuildCommand.runWithoutHelp(BuildCommand.java:367)
	at com.facebook.buck.cli.AbstractCommand.run(AbstractCommand.java:231)
	at com.facebook.buck.cli.AbstractContainerCommand.run(AbstractContainerCommand.java:71)
	at com.facebook.buck.cli.BuckCommand.run(BuckCommand.java:81)
	at com.facebook.buck.cli.Main.runMainWithExitCode(Main.java:1047)
	at com.facebook.buck.cli.Main.runMainThenExit(Main.java:384)
	at com.facebook.buck.cli.Main.main(Main.java:1607)
	at sun.reflect.NativeMethodAccessorImpl.invoke0(Native Method)
	at sun.reflect.NativeMethodAccessorImpl.invoke(NativeMethodAccessorImpl.java:62)
	at sun.reflect.DelegatingMethodAccessorImpl.invoke(DelegatingMethodAccessorImpl.java:43)
	at java.lang.reflect.Method.invoke(Method.java:498)
	at com.facebook.buck.cli.bootstrapper.ClassLoaderBootstrapper.main(ClassLoaderBootstrapper.java:55)
Caused by: com.facebook.buck.util.exceptions.BuckUncheckedExecutionException: 
	at com.facebook.buck.rules.CachingBuildRuleBuilder.addBuildRuleContextToException(CachingBuildRuleBuilder.java:1016)
	at com.facebook.buck.rules.CachingBuildRuleBuilder.lambda$build$4(CachingBuildRuleBuilder.java:286)
	at com.google.common.util.concurrent.AbstractCatchingFuture$AsyncCatchingFuture.doFallback(AbstractCatchingFuture.java:175)
	at com.google.common.util.concurrent.AbstractCatchingFuture$AsyncCatchingFuture.doFallback(AbstractCatchingFuture.java:162)
	at com.google.common.util.concurrent.AbstractCatchingFuture.run(AbstractCatchingFuture.java:132)
	at com.google.common.util.concurrent.MoreExecutors$DirectExecutor.execute(MoreExecutors.java:435)
	at com.google.common.util.concurrent.AbstractFuture.executeListener(AbstractFuture.java:900)
	at com.google.common.util.concurrent.AbstractFuture.complete(AbstractFuture.java:811)
	at com.google.common.util.concurrent.AbstractFuture.setException(AbstractFuture.java:675)
	at com.google.common.util.concurrent.AbstractTransformFuture.run(AbstractTransformFuture.java:112)
	at com.google.common.util.concurrent.MoreExecutors$5$1.run(MoreExecutors.java:988)
	at com.facebook.buck.util.concurrent.WeightedListeningExecutorService.lambda$submit$2(WeightedListeningExecutorService.java:104)
	at com.facebook.buck.util.concurrent.WeightedListeningExecutorService.lambda$submitWithSemaphore$0(WeightedListeningExecutorService.java:78)
	at com.google.common.util.concurrent.AbstractTransformFuture$AsyncTransformFuture.doTransform(AbstractTransformFuture.java:211)
	at com.google.common.util.concurrent.AbstractTransformFuture$AsyncTransformFuture.doTransform(AbstractTransformFuture.java:200)
	at com.google.common.util.concurrent.AbstractTransformFuture.run(AbstractTransformFuture.java:130)
	at com.google.common.util.concurrent.MoreExecutors$5$1.run(MoreExecutors.java:988)
	at java.util.concurrent.ThreadPoolExecutor.runWorker(ThreadPoolExecutor.java:1142)
	at java.util.concurrent.ThreadPoolExecutor$Worker.run(ThreadPoolExecutor.java:617)
	at java.lang.Thread.run(Thread.java:748)
Caused by: com.facebook.buck.step.StepFailedException: Command failed with exit code 1.
stderr: [31mduplicate symbol _main in:
[0m[31m    buck-out/gen/Apps/BuckSwiftDemo/BuckSwiftDemoBinary#compile-main.m.oefe8068e,iphonesimulator-x86_64/BuckSwiftDemo/main.m.o
[0m[31m    buck-out/gen/Apps/BuckSwiftDemo/BuckSwiftDemoAppLibrary#iphonesimulator-x86_64,static/libBuckSwiftDemoAppLibrary.a(BuckSwiftDemoAppLibrary.o)
[0m[31mld: 1 duplicate symbol for architecture x86_64
[0m[31mclang: error: linker command failed with exit code 1 (use -v to see invocation)
[0m
  When running <c++ link>.
	at com.facebook.buck.step.StepFailedException.createForFailingStepWithException(StepFailedException.java:63)
	at com.facebook.buck.step.StepFailedException.createForFailingStepWithExitCode(StepFailedException.java:55)
	at com.facebook.buck.step.DefaultStepRunner.runStepForBuildTarget(DefaultStepRunner.java:54)
	at com.facebook.buck.rules.CachingBuildRuleBuilder$BuildRuleSteps.executeCommandsNowThatDepsAreBuilt(CachingBuildRuleBuilder.java:1694)
	at com.facebook.buck.rules.CachingBuildRuleBuilder$BuildRuleSteps.run(CachingBuildRuleBuilder.java:1647)
	... 9 more
Caused by: com.facebook.buck.util.HumanReadableException: Command failed with exit code 1.
stderr: [31mduplicate symbol _main in:
[0m[31m    buck-out/gen/Apps/BuckSwiftDemo/BuckSwiftDemoBinary#compile-main.m.oefe8068e,iphonesimulator-x86_64/BuckSwiftDemo/main.m.o
[0m[31m    buck-out/gen/Apps/BuckSwiftDemo/BuckSwiftDemoAppLibrary#iphonesimulator-x86_64,static/libBuckSwiftDemoAppLibrary.a(BuckSwiftDemoAppLibrary.o)
[0m[31mld: 1 duplicate symbol for architecture x86_64
[0m[31mclang: error: linker command failed with exit code 1 (use -v to see invocation)
[0m
	at com.facebook.buck.step.StepFailedException.createForFailingStepWithExitCode(StepFailedException.java:56)
	... 12 more

[2017-10-04 14:53:37.825][warn ][command:2ed67644-47b6-48ea-bccf-97dd5f0b555a][tid:25][com.facebook.buck.event.listener.LoggingBuildListener] Build failed: Command failed with exit code 1.
stderr: [31mduplicate symbol _main in:
[0m[31m    buck-out/gen/Apps/BuckSwiftDemo/BuckSwiftDemoBinary#compile-main.m.oefe8068e,iphonesimulator-x86_64/BuckSwiftDemo/main.m.o
[0m[31m    buck-out/gen/Apps/BuckSwiftDemo/BuckSwiftDemoAppLibrary#iphonesimulator-x86_64,static/libBuckSwiftDemoAppLibrary.a(BuckSwiftDemoAppLibrary.o)
[0m[31mld: 1 duplicate symbol for architecture x86_64
[0m[31mclang: error: linker command failed with exit code 1 (use -v to see invocation)
[0m
    When running <c++ link>.
    When building rule //Apps/BuckSwiftDemo:BuckSwiftDemoBinary#binary,iphonesimulator-x86_64.
[2017-10-04 14:53:37.829][info ][command:2ed67644-47b6-48ea-bccf-97dd5f0b555a][tid:25][com.facebook.buck.event.listener.LoggingBuildListener] Build finished at 2017-10-04 14:53:37.828
[2017-10-04 14:53:37.830][info ][command:2ed67644-47b6-48ea-bccf-97dd5f0b555a][tid:01][com.facebook.buck.cli.Main] Awaiting termination of HTTP Write executor service. Waiting for all jobs to complete, or up to maximum of 1800 seconds...
[2017-10-04 14:53:37.830][info ][command:2ed67644-47b6-48ea-bccf-97dd5f0b555a][tid:01][com.facebook.buck.cli.Main] Awaiting termination of CounterAggregatorExecutor executor service. Waiting for all jobs to complete, or up to maximum of 20 seconds...
[2017-10-04 14:53:37.833][debug][command:2ed67644-47b6-48ea-bccf-97dd5f0b555a][tid:21][com.facebook.buck.util.perf.ProcessTracker] shutDown
[2017-10-04 14:53:37.834][debug][command:2ed67644-47b6-48ea-bccf-97dd5f0b555a][tid:20][com.google.common.util.concurrent.ServiceManager] Service PerfStatsTracking [TERMINATED] has terminated. Previous state was: STOPPING
[2017-10-04 14:53:37.834][debug][command:2ed67644-47b6-48ea-bccf-97dd5f0b555a][tid:01][com.facebook.buck.event.listener.SuperConsoleEventBusListener] Stopping render scheduler
[2017-10-04 14:53:37.835][info ][command:2ed67644-47b6-48ea-bccf-97dd5f0b555a][tid:01][com.facebook.buck.cli.Main] Awaiting termination of CPU executor service. Waiting for all jobs to complete, or up to maximum of 60 seconds...
[2017-10-04 14:53:37.835][info ][command:2ed67644-47b6-48ea-bccf-97dd5f0b555a][tid:01][com.facebook.buck.cli.Main] Awaiting termination of PROJECT executor service. Waiting for all jobs to complete, or up to maximum of 60 seconds...
[2017-10-04 14:53:37.835][info ][command:2ed67644-47b6-48ea-bccf-97dd5f0b555a][tid:01][com.facebook.buck.cli.Main] Awaiting termination of NETWORK executor service. Waiting for all jobs to complete, or up to maximum of 60 seconds...
[2017-10-04 14:53:37.835][info ][command:2ed67644-47b6-48ea-bccf-97dd5f0b555a][tid:01][com.facebook.buck.cli.Main] Awaiting termination of ScheduledExecutorService executor service. Waiting for all jobs to complete, or up to maximum of 60 seconds...
[2017-10-04 14:53:37.835][debug][command:2ed67644-47b6-48ea-bccf-97dd5f0b555a][tid:21][com.google.common.util.concurrent.ServiceManager] Service ProcessTracker [TERMINATED] has terminated. Previous state was: STOPPING
[2017-10-04 14:53:37.835][info ][command:2ed67644-47b6-48ea-bccf-97dd5f0b555a][tid:01][com.facebook.buck.cli.Main] Awaiting termination of Disk IO executor service. Waiting for all jobs to complete, or up to maximum of 10 seconds...
[2017-10-04 14:53:37.835][debug][command:2ed67644-47b6-48ea-bccf-97dd5f0b555a][tid:01][com.facebook.buck.event.listener.SuperConsoleEventBusListener] Stopping render scheduler
[2017-10-04 14:53:37.836][debug][command:2ed67644-47b6-48ea-bccf-97dd5f0b555a][tid:01][com.facebook.buck.event.listener.ChromeTraceBuildListener] Writing Chrome trace to buck-out/log/2017-10-04_21h53m32s_buildcommand_2ed67644-47b6-48ea-bccf-97dd5f0b555a/build.2017-10-04.14-53-32.2ed67644-47b6-48ea-bccf-97dd5f0b555a.trace
[2017-10-04 14:53:37.862][debug][command:null][tid:01][com.facebook.buck.cli.Main] Done.
