[2017-10-04 14:59:35.857][debug][command:null][tid:01][com.facebook.buck.cli.Main] Starting up (build date 2017-10-01 22:48:39 -0700, rev v2017.10.01.01), args: [build, //Apps/BuckSwiftDemo:BuckSwiftDemo]
[2017-10-04 14:59:35.859][debug][command:null][tid:01][com.facebook.buck.cli.Main] System properties: {java.vendor=Oracle Corporation, sun.java.launcher=SUN_STANDARD, sun.management.compiler=HotSpot 64-Bit Tiered Compilers, jnidispatch.path=/Users/kieranlafferty/Desktop/BuckTest/buck-out/tmp/buck_run.2RrAkp/jna-1773210207/jna955704829349497876.tmp, os.name=Mac OS X, buck.enable_objc=true, sun.boot.class.path=/Library/Java/JavaVirtualMachines/jdk1.8.0_131.jdk/Contents/Home/jre/lib/resources.jar:/Library/Java/JavaVirtualMachines/jdk1.8.0_131.jdk/Contents/Home/jre/lib/rt.jar:/Library/Java/JavaVirtualMachines/jdk1.8.0_131.jdk/Contents/Home/jre/lib/sunrsasign.jar:/Library/Java/JavaVirtualMachines/jdk1.8.0_131.jdk/Contents/Home/jre/lib/jsse.jar:/Library/Java/JavaVirtualMachines/jdk1.8.0_131.jdk/Contents/Home/jre/lib/jce.jar:/Library/Java/JavaVirtualMachines/jdk1.8.0_131.jdk/Contents/Home/jre/lib/charsets.jar:/Library/Java/JavaVirtualMachines/jdk1.8.0_131.jdk/Contents/Home/jre/lib/jfr.jar:/Library/Java/JavaVirtualMachines/jdk1.8.0_131.jdk/Contents/Home/jre/classes, buck.resource_lock_path=/Users/kieranlafferty/Desktop/BuckTest/.buckd/resources/v2017.10.01.01/.buck_lock, java.vm.specification.vendor=Oracle Corporation, java.runtime.version=1.8.0_131-b11, jna.loaded=true, buck.testrunner_classes=/Users/kieranlafferty/Desktop/BuckTest/.buckd/resources/v2017.10.01.01/testrunner_classes, buck.logging_config_file=/Users/kieranlafferty/Desktop/BuckTest/.buckd/resources/v2017.10.01.01/logging_config_file, buck.path_to_sh_binary_template=/Users/kieranlafferty/Desktop/BuckTest/.buckd/resources/v2017.10.01.01/path_to_sh_binary_template, user.name=kieranlafferty, buck.path_to_pywatchman=/Users/kieranlafferty/Desktop/BuckTest/.buckd/resources/v2017.10.01.01/path_to_pywatchman, buck.report_generator_jar=/Users/kieranlafferty/Desktop/BuckTest/.buckd/resources/v2017.10.01.01/report_generator_jar, buck.git_commit=v2017.10.01.01, user.language=en, sun.boot.library.path=/Library/Java/JavaVirtualMachines/jdk1.8.0_131.jdk/Contents/Home/jre/lib, java.version=1.8.0_131, user.timezone=America/Los_Angeles, buck.test_util_no_tests_dir=true, sun.arch.data.model=64, http.nonProxyHosts=local|*.local|169.254/16|*.169.254/16, java.endorsed.dirs=/Library/Java/JavaVirtualMachines/jdk1.8.0_131.jdk/Contents/Home/jre/lib/endorsed, sun.cpu.isalist=, sun.jnu.encoding=UTF-8, file.encoding.pkg=sun.io, file.separator=/, java.specification.name=Java Platform API Specification, buck.jacoco_agent_jar=/Users/kieranlafferty/Desktop/BuckTest/.buckd/resources/v2017.10.01.01/jacoco_agent_jar, java.class.version=52.0, user.country=US, java.home=/Library/Java/JavaVirtualMachines/jdk1.8.0_131.jdk/Contents/Home/jre, java.vm.info=mixed mode, os.version=10.12.6, buck.external_executor_jar=/Users/kieranlafferty/Desktop/BuckTest/.buckd/resources/v2017.10.01.01/external_executor_jar, buck.version_uid=v2017.10.01.01, org.eclipse.jetty.util.log.class=org.eclipse.jetty.util.log.JavaUtilLog, path.separator=:, java.vm.version=25.131-b11, java.awt.printerjob=sun.lwawt.macosx.CPrinterJob, sun.io.unicode.encoding=UnicodeBig, awt.toolkit=sun.lwawt.macosx.LWCToolkit, socksNonProxyHosts=local|*.local|169.254/16|*.169.254/16, buck.buck_build_type_info=/Users/kieranlafferty/Desktop/BuckTest/.buckd/resources/v2017.10.01.01/buck_build_type_info, ftp.nonProxyHosts=local|*.local|169.254/16|*.169.254/16, buck.dx=/Users/kieranlafferty/Desktop/BuckTest/.buckd/resources/v2017.10.01.01/dx, buck.git_commit_timestamp=1506923319, user.home=/Users/kieranlafferty, buck.path_to_asm_jar=/Users/kieranlafferty/Desktop/BuckTest/.buckd/resources/v2017.10.01.01/path_to_asm_jar, java.specification.vendor=Oracle Corporation, buck.git_dirty=0, java.library.path=/Users/kieranlafferty/Desktop/BuckTest/.buckd/resources/v2017.10.01.01, java.vendor.url=http://java.oracle.com/, java.vm.vendor=Oracle Corporation, gopherProxySet=false, java.runtime.name=Java(TM) SE Runtime Environment, sun.java.command=com.facebook.buck.cli.bootstrapper.ClassLoaderBootstrapper com.facebook.buck.cli.Main build //Apps/BuckSwiftDemo:BuckSwiftDemo, java.class.path=/Users/kieranlafferty/Desktop/BuckTest/.buckd/resources/v2017.10.01.01/bootstrapper_jar, buck.buckd_dir=/Users/kieranlafferty/Desktop/BuckTest/.buckd, buck.path_to_pathlib_py=/Users/kieranlafferty/Desktop/BuckTest/.buckd/resources/v2017.10.01.01/pathlib.py, java.vm.specification.name=Java Virtual Machine Specification, java.vm.specification.version=1.8, sun.cpu.endian=little, buck.path_to_rawmanifest_py=/Users/kieranlafferty/Desktop/BuckTest/.buckd/resources/v2017.10.01.01/rawmanifest.py, sun.os.patch.level=unknown, java.awt.headless=true, java.io.tmpdir=/Users/kieranlafferty/Desktop/BuckTest/buck-out/tmp/buck_run.2RrAkp, buck.android_agent_path=/Users/kieranlafferty/Desktop/BuckTest/.buckd/resources/v2017.10.01.01/android_agent_path, java.vendor.url.bug=http://bugreport.sun.com/bugreport/, buck.path_to_python_dsl=, os.arch=x86_64, java.awt.graphicsenv=sun.awt.CGraphicsEnvironment, buck.path_to_pex=/Users/kieranlafferty/Desktop/BuckTest/.buckd/resources/v2017.10.01.01/path_to_pex, java.ext.dirs=/Users/kieranlafferty/Library/Java/Extensions:/Library/Java/JavaVirtualMachines/jdk1.8.0_131.jdk/Contents/Home/jre/lib/ext:/Library/Java/Extensions:/Network/Library/Java/Extensions:/System/Library/Java/Extensions:/usr/lib/java, java.util.logging.config.class=com.facebook.buck.cli.bootstrapper.LogConfig, user.dir=/Users/kieranlafferty/Desktop/BuckTest, line.separator=
, java.vm.name=Java HotSpot(TM) 64-Bit Server VM, buck.path_to_typing=/Users/kieranlafferty/Desktop/BuckTest/.buckd/resources/v2017.10.01.01/path_to_typing, buck.native_exopackage_fake_path=/Users/kieranlafferty/Desktop/BuckTest/.buckd/resources/v2017.10.01.01/native_exopackage_fake_path, file.encoding=UTF-8, java.specification.version=1.8}
[2017-10-04 14:59:35.869][debug][command:null][tid:01][com.facebook.buck.util.config.Configs] Loading configuration for /Users/kieranlafferty/Desktop/BuckTest
[2017-10-04 14:59:35.921][debug][command:null][tid:01][com.facebook.buck.util.config.Configs] Loaded a configuration file /Users/kieranlafferty/Desktop/BuckTest/.buckconfig: {project={ide_force_kill=always}, cxx={default_platform=iphonesimulator-x86_64, cflags=-g -fmodules -fobjc-arc -D BUCK -w, combined_preprocess_and_compile=true}, swift={version=3.0, compiler_flags=-DBUCK -whole-module-optimization -enable-testing -suppress-warnings}, apple={iphonesimulator_target_sdk_version=10.0, iphoneos_target_sdk_version=10.0, use_swift_delegate=false}}
[2017-10-04 14:59:35.921][debug][command:null][tid:01][com.facebook.buck.util.config.Configs] Adding configuration overrides RawConfig{values={}}
[2017-10-04 14:59:35.977][debug][command:null][tid:01][com.facebook.buck.util.config.Configs] Loading configuration for /Users/kieranlafferty/Desktop/BuckTest
[2017-10-04 14:59:35.978][debug][command:null][tid:01][com.facebook.buck.util.config.Configs] Loaded a configuration file /Users/kieranlafferty/Desktop/BuckTest/.buckconfig: {project={ide_force_kill=always}, cxx={default_platform=iphonesimulator-x86_64, cflags=-g -fmodules -fobjc-arc -D BUCK -w, combined_preprocess_and_compile=true}, swift={version=3.0, compiler_flags=-DBUCK -whole-module-optimization -enable-testing -suppress-warnings}, apple={iphonesimulator_target_sdk_version=10.0, iphoneos_target_sdk_version=10.0, use_swift_delegate=false}}
[2017-10-04 14:59:35.978][debug][command:null][tid:01][com.facebook.buck.util.config.Configs] Adding configuration overrides RawConfig{values={}}
[2017-10-04 14:59:36.195][debug][command:null][tid:01][com.facebook.buck.apple.AppleToolchainDiscovery] Searching for Xcode toolchains under /Applications/Xcode.app/Contents/Developer/Toolchains
[2017-10-04 14:59:36.195][debug][command:null][tid:01][com.facebook.buck.apple.AppleToolchainDiscovery] Searching for Xcode toolchains in /Applications/Xcode.app/Contents/Developer/Toolchains
[2017-10-04 14:59:36.197][debug][command:null][tid:01][com.facebook.buck.apple.AppleToolchainDiscovery] Getting identifier for for Xcode toolchain under /Applications/Xcode.app/Contents/Developer/Toolchains/XcodeDefault.xctoolchain
[2017-10-04 14:59:36.210][debug][command:null][tid:01][com.facebook.buck.apple.AppleToolchainDiscovery] Mapped SDK identifier com.apple.dt.toolchain.XcodeDefault to path /Applications/Xcode.app/Contents/Developer/Toolchains/XcodeDefault.xctoolchain
[2017-10-04 14:59:36.218][debug][command:null][tid:01][com.facebook.buck.apple.AppleSdkDiscovery] Searching for Xcode platforms under /Applications/Xcode.app/Contents/Developer/Platforms
[2017-10-04 14:59:36.222][debug][command:null][tid:01][com.facebook.buck.apple.AppleSdkDiscovery] Searching for Xcode SDKs in /Applications/Xcode.app/Contents/Developer/Platforms
[2017-10-04 14:59:36.223][debug][command:null][tid:01][com.facebook.buck.apple.AppleSdkDiscovery] Fetching SDK name for /Applications/Xcode.app/Contents/Developer/Platforms/AppleTVOS.platform/Developer/SDKs/AppleTVOS.sdk
[2017-10-04 14:59:36.230][debug][command:null][tid:01][com.facebook.buck.apple.AppleSdkDiscovery] Found SDK AppleSdk{name=appletvos11.0, version=11.0, applePlatform=ApplePlatform{name=appletvos, provisioningProfileName=tvOS, architectures=[arm64], minVersionFlagPrefix=-mtvos-version-min=, appIncludesFrameworks=false}, architectures=[arm64], toolchains=[AppleToolchain{identifier=com.apple.dt.toolchain.XcodeDefault, path=/Applications/Xcode.app/Contents/Developer/Toolchains/XcodeDefault.xctoolchain}]}
[2017-10-04 14:59:36.232][debug][command:null][tid:01][com.facebook.buck.apple.AppleSdkDiscovery] Fetching SDK name for /Applications/Xcode.app/Contents/Developer/Platforms/AppleTVOS.platform/Developer/SDKs/AppleTVOS11.0.sdk
[2017-10-04 14:59:36.232][debug][command:null][tid:01][com.facebook.buck.apple.AppleSdkDiscovery] Skipping already scanned SDK directory /Applications/Xcode.app/Contents/Developer/Platforms/AppleTVOS.platform/Developer/SDKs/AppleTVOS.sdk
[2017-10-04 14:59:36.232][debug][command:null][tid:01][com.facebook.buck.apple.AppleSdkDiscovery] Fetching SDK name for /Applications/Xcode.app/Contents/Developer/Platforms/AppleTVSimulator.platform/Developer/SDKs/AppleTVSimulator.sdk
[2017-10-04 14:59:36.233][debug][command:null][tid:01][com.facebook.buck.apple.AppleSdkDiscovery] Found SDK AppleSdk{name=appletvsimulator11.0, version=11.0, applePlatform=ApplePlatform{name=appletvsimulator, swiftName=tvos, architectures=[x86_64], minVersionFlagPrefix=-mtvos-simulator-version-min=, appIncludesFrameworks=false}, architectures=[x86_64], toolchains=[AppleToolchain{identifier=com.apple.dt.toolchain.XcodeDefault, path=/Applications/Xcode.app/Contents/Developer/Toolchains/XcodeDefault.xctoolchain}]}
[2017-10-04 14:59:36.233][debug][command:null][tid:01][com.facebook.buck.apple.AppleSdkDiscovery] Fetching SDK name for /Applications/Xcode.app/Contents/Developer/Platforms/AppleTVSimulator.platform/Developer/SDKs/AppleTVSimulator11.0.sdk
[2017-10-04 14:59:36.233][debug][command:null][tid:01][com.facebook.buck.apple.AppleSdkDiscovery] Skipping already scanned SDK directory /Applications/Xcode.app/Contents/Developer/Platforms/AppleTVSimulator.platform/Developer/SDKs/AppleTVSimulator.sdk
[2017-10-04 14:59:36.233][debug][command:null][tid:01][com.facebook.buck.apple.AppleSdkDiscovery] Fetching SDK name for /Applications/Xcode.app/Contents/Developer/Platforms/iPhoneOS.platform/Developer/SDKs/iPhoneOS.sdk
[2017-10-04 14:59:36.234][debug][command:null][tid:01][com.facebook.buck.apple.AppleSdkDiscovery] Found SDK AppleSdk{name=iphoneos11.0, version=11.0, applePlatform=ApplePlatform{name=iphoneos, swiftName=ios, provisioningProfileName=iOS, architectures=[armv7, arm64], minVersionFlagPrefix=-mios-version-min=, stubBinaryPath=Library/Application Support/WatchKit/WK, appIncludesFrameworks=false}, architectures=[armv7, arm64], toolchains=[AppleToolchain{identifier=com.apple.dt.toolchain.XcodeDefault, path=/Applications/Xcode.app/Contents/Developer/Toolchains/XcodeDefault.xctoolchain}]}
[2017-10-04 14:59:36.234][debug][command:null][tid:01][com.facebook.buck.apple.AppleSdkDiscovery] Fetching SDK name for /Applications/Xcode.app/Contents/Developer/Platforms/iPhoneOS.platform/Developer/SDKs/iPhoneOS11.0.sdk
[2017-10-04 14:59:36.235][debug][command:null][tid:01][com.facebook.buck.apple.AppleSdkDiscovery] Skipping already scanned SDK directory /Applications/Xcode.app/Contents/Developer/Platforms/iPhoneOS.platform/Developer/SDKs/iPhoneOS.sdk
[2017-10-04 14:59:36.235][debug][command:null][tid:01][com.facebook.buck.apple.AppleSdkDiscovery] Fetching SDK name for /Applications/Xcode.app/Contents/Developer/Platforms/iPhoneSimulator.platform/Developer/SDKs/iPhoneSimulator.sdk
[2017-10-04 14:59:36.235][debug][command:null][tid:01][com.facebook.buck.apple.AppleSdkDiscovery] Found SDK AppleSdk{name=iphonesimulator11.0, version=11.0, applePlatform=ApplePlatform{name=iphonesimulator, swiftName=ios, architectures=[i386, x86_64], minVersionFlagPrefix=-mios-simulator-version-min=, stubBinaryPath=Library/Application Support/WatchKit/WK, appIncludesFrameworks=false}, architectures=[i386, x86_64], toolchains=[AppleToolchain{identifier=com.apple.dt.toolchain.XcodeDefault, path=/Applications/Xcode.app/Contents/Developer/Toolchains/XcodeDefault.xctoolchain}]}
[2017-10-04 14:59:36.236][debug][command:null][tid:01][com.facebook.buck.apple.AppleSdkDiscovery] Fetching SDK name for /Applications/Xcode.app/Contents/Developer/Platforms/iPhoneSimulator.platform/Developer/SDKs/iPhoneSimulator11.0.sdk
[2017-10-04 14:59:36.236][debug][command:null][tid:01][com.facebook.buck.apple.AppleSdkDiscovery] Skipping already scanned SDK directory /Applications/Xcode.app/Contents/Developer/Platforms/iPhoneSimulator.platform/Developer/SDKs/iPhoneSimulator.sdk
[2017-10-04 14:59:36.236][debug][command:null][tid:01][com.facebook.buck.apple.AppleSdkDiscovery] Fetching SDK name for /Applications/Xcode.app/Contents/Developer/Platforms/MacOSX.platform/Developer/SDKs/MacOSX.sdk
[2017-10-04 14:59:36.261][debug][command:null][tid:01][com.facebook.buck.apple.AppleSdkDiscovery] Found SDK AppleSdk{name=macosx10.13, version=10.13, applePlatform=ApplePlatform{name=macosx, architectures=[i386, x86_64], minVersionFlagPrefix=-mmacosx-version-min=, appIncludesFrameworks=true}, architectures=[i386, x86_64], toolchains=[AppleToolchain{identifier=com.apple.dt.toolchain.XcodeDefault, path=/Applications/Xcode.app/Contents/Developer/Toolchains/XcodeDefault.xctoolchain}]}
[2017-10-04 14:59:36.261][debug][command:null][tid:01][com.facebook.buck.apple.AppleSdkDiscovery] Fetching SDK name for /Applications/Xcode.app/Contents/Developer/Platforms/MacOSX.platform/Developer/SDKs/MacOSX10.13.sdk
[2017-10-04 14:59:36.261][debug][command:null][tid:01][com.facebook.buck.apple.AppleSdkDiscovery] Skipping already scanned SDK directory /Applications/Xcode.app/Contents/Developer/Platforms/MacOSX.platform/Developer/SDKs/MacOSX.sdk
[2017-10-04 14:59:36.261][debug][command:null][tid:01][com.facebook.buck.apple.AppleSdkDiscovery] Fetching SDK name for /Applications/Xcode.app/Contents/Developer/Platforms/WatchOS.platform/Developer/SDKs/WatchOS.sdk
[2017-10-04 14:59:36.262][debug][command:null][tid:01][com.facebook.buck.apple.AppleSdkDiscovery] Found SDK AppleSdk{name=watchos4.0, version=4.0, applePlatform=ApplePlatform{name=watchos, provisioningProfileName=iOS, architectures=[armv7k], minVersionFlagPrefix=-mwatchos-version-min=, stubBinaryPath=Library/Application Support/WatchKit/WK, appIncludesFrameworks=false}, architectures=[armv7k], toolchains=[AppleToolchain{identifier=com.apple.dt.toolchain.XcodeDefault, path=/Applications/Xcode.app/Contents/Developer/Toolchains/XcodeDefault.xctoolchain}]}
[2017-10-04 14:59:36.262][debug][command:null][tid:01][com.facebook.buck.apple.AppleSdkDiscovery] Fetching SDK name for /Applications/Xcode.app/Contents/Developer/Platforms/WatchOS.platform/Developer/SDKs/WatchOS4.0.sdk
[2017-10-04 14:59:36.262][debug][command:null][tid:01][com.facebook.buck.apple.AppleSdkDiscovery] Skipping already scanned SDK directory /Applications/Xcode.app/Contents/Developer/Platforms/WatchOS.platform/Developer/SDKs/WatchOS.sdk
[2017-10-04 14:59:36.263][debug][command:null][tid:01][com.facebook.buck.apple.AppleSdkDiscovery] Fetching SDK name for /Applications/Xcode.app/Contents/Developer/Platforms/WatchSimulator.platform/Developer/SDKs/WatchSimulator.sdk
[2017-10-04 14:59:36.263][debug][command:null][tid:01][com.facebook.buck.apple.AppleSdkDiscovery] Found SDK AppleSdk{name=watchsimulator4.0, version=4.0, applePlatform=ApplePlatform{name=watchsimulator, architectures=[i386], minVersionFlagPrefix=-mwatchos-simulator-version-min=, stubBinaryPath=Library/Application Support/WatchKit/WK, appIncludesFrameworks=false}, architectures=[i386], toolchains=[AppleToolchain{identifier=com.apple.dt.toolchain.XcodeDefault, path=/Applications/Xcode.app/Contents/Developer/Toolchains/XcodeDefault.xctoolchain}]}
[2017-10-04 14:59:36.263][debug][command:null][tid:01][com.facebook.buck.apple.AppleSdkDiscovery] Fetching SDK name for /Applications/Xcode.app/Contents/Developer/Platforms/WatchSimulator.platform/Developer/SDKs/WatchSimulator4.0.sdk
[2017-10-04 14:59:36.263][debug][command:null][tid:01][com.facebook.buck.apple.AppleSdkDiscovery] Skipping already scanned SDK directory /Applications/Xcode.app/Contents/Developer/Platforms/WatchSimulator.platform/Developer/SDKs/WatchSimulator.sdk
[2017-10-04 14:59:36.274][debug][command:null][tid:01][com.facebook.buck.cli.Main] Not using Watchman, context present: false, glob handler: PYTHON
[2017-10-04 14:59:36.375][debug][command:506d571e-4bf7-4d9b-b3bc-cd9f0f89673c][tid:01][com.facebook.buck.event.listener.SuperConsoleEventBusListener] Starting render scheduler (interval 100 ms)
[2017-10-04 14:59:36.436][debug][command:506d571e-4bf7-4d9b-b3bc-cd9f0f89673c][tid:01][com.google.common.util.concurrent.ServiceManager] Starting PerfStatsTracking [RUNNING].
[2017-10-04 14:59:36.437][debug][command:506d571e-4bf7-4d9b-b3bc-cd9f0f89673c][tid:01][com.google.common.util.concurrent.ServiceManager] Started PerfStatsTracking [RUNNING] in 349.6 Î¼s.
[2017-10-04 14:59:36.441][debug][command:506d571e-4bf7-4d9b-b3bc-cd9f0f89673c][tid:01][com.google.common.util.concurrent.ServiceManager] Starting ProcessTracker [STARTING].
[2017-10-04 14:59:36.441][debug][command:null][tid:21][com.facebook.buck.util.perf.ProcessTracker] startUp
[2017-10-04 14:59:36.441][debug][command:506d571e-4bf7-4d9b-b3bc-cd9f0f89673c][tid:01][com.facebook.buck.cli.Main] InvocationInfo BuildId=[506d571e-4bf7-4d9b-b3bc-cd9f0f89673c] Args=[build, //Apps/BuckSwiftDemo:BuckSwiftDemo]
[2017-10-04 14:59:36.458][debug][command:506d571e-4bf7-4d9b-b3bc-cd9f0f89673c][tid:01][com.facebook.buck.util.environment.MacWifiSsidFinder] Getting current SSID..
[2017-10-04 14:59:36.507][debug][command:506d571e-4bf7-4d9b-b3bc-cd9f0f89673c][tid:01][com.facebook.buck.util.environment.MacWifiSsidFinder] Getting SSID from Wi-Fi interface: <CWInterface: 0x7fd8af107110> [interfaceName=en0]
[2017-10-04 14:59:36.508][debug][command:506d571e-4bf7-4d9b-b3bc-cd9f0f89673c][tid:01][com.facebook.buck.util.environment.MacWifiSsidFinder] Found SSID: SciFi
[2017-10-04 14:59:36.524][debug][command:null][tid:21][com.google.common.util.concurrent.ServiceManager] Started ProcessTracker [RUNNING] in 83.29 ms.
[2017-10-04 14:59:37.187][debug][command:506d571e-4bf7-4d9b-b3bc-cd9f0f89673c][tid:01][com.facebook.buck.cli.Main] new Buck daemon
[2017-10-04 14:59:37.188][warn ][command:null][tid:24][com.facebook.buck.event.listener.PublicAnnouncementManager] Failed to get public announcements. Reason: Failed to establish connection to server.
[2017-10-04 14:59:37.217][info ][command:null][tid:26][com.facebook.buck.util.versioncontrol.VersionControlStatsGenerator] Starting generation of version control stats.
[2017-10-04 14:59:37.222][debug][command:null][tid:26][com.facebook.buck.util.versioncontrol.VersionControlCmdLineInterface] Executing command: hg log -l 1 --template {node|short}
[2017-10-04 14:59:37.230][warn ][command:null][tid:26][com.facebook.buck.util.versioncontrol.DelegatingVersionControlCmdLineInterface] Mercurial is the only VCS supported for VCS stats generation, however current project (which has enabled VCS stats generation in its .buckconfig) does not appear to be a Mercurial repository: 
com.facebook.buck.util.versioncontrol.VersionControlCommandFailedException: java.io.IOException: Cannot run program "hg" (in directory "/Users/kieranlafferty/Desktop/BuckTest"): error=2, No such file or directory
[2017-10-04 14:59:37.230][debug][command:null][tid:26][com.facebook.buck.util.versioncontrol.DelegatingVersionControlCmdLineInterface] Using NoOpCmdLineInterface.
[2017-10-04 14:59:37.232][warn ][command:null][tid:26][com.facebook.buck.util.versioncontrol.VersionControlStatsGenerator] Skipping generation of version control stats as unsupported repository type.
[2017-10-04 14:59:37.244][debug][command:null][tid:26][com.facebook.buck.util.environment.MacNetworkConfiguration] Determine network service order and extract device names
[2017-10-04 14:59:37.271][debug][command:null][tid:26][com.facebook.buck.util.ListeningProcessExecutor] Launching process with params ProcessExecutorParams{command=[networksetup, -listnetworkserviceorder, ]}
[2017-10-04 14:59:37.332][debug][command:null][tid:26][com.facebook.buck.util.ListeningProcessExecutor] Successfully launched process com.zaxxer.nuprocess.osx.OsxProcess@1327b1e8
[2017-10-04 14:59:37.336][debug][command:null][tid:26][com.facebook.buck.util.ListeningProcessExecutor] Waiting for process com.facebook.buck.util.ListeningProcessExecutor$LaunchedProcessImpl@67c22873 timeout 1000 MILLISECONDS
[2017-10-04 14:59:37.381][debug][command:null][tid:26][com.facebook.buck.util.ListeningProcessExecutor] Wait for process returned 0
[2017-10-04 14:59:37.381][debug][command:null][tid:26][com.facebook.buck.util.ListeningProcessExecutor] Destroying process com.facebook.buck.util.ListeningProcessExecutor$LaunchedProcessImpl@67c22873 (force true)
[2017-10-04 14:59:37.381][debug][command:null][tid:26][com.facebook.buck.util.environment.MacNetworkConfiguration] Determine active state of media for device
[2017-10-04 14:59:37.382][debug][command:null][tid:26][com.facebook.buck.util.ListeningProcessExecutor] Launching process with params ProcessExecutorParams{command=[networksetup, -getMedia, usbmodem14110]}
[2017-10-04 14:59:37.384][debug][command:null][tid:26][com.facebook.buck.util.ListeningProcessExecutor] Successfully launched process com.zaxxer.nuprocess.osx.OsxProcess@49446d92
[2017-10-04 14:59:37.385][debug][command:null][tid:26][com.facebook.buck.util.ListeningProcessExecutor] Waiting for process com.facebook.buck.util.ListeningProcessExecutor$LaunchedProcessImpl@17e12d3b timeout 1000 MILLISECONDS
[2017-10-04 14:59:37.395][info ][command:506d571e-4bf7-4d9b-b3bc-cd9f0f89673c][tid:25][com.facebook.buck.event.listener.LoggingBuildListener] Build started at 2017-10-04 14:59:37.394
[2017-10-04 14:59:37.417][debug][command:null][tid:26][com.facebook.buck.util.ListeningProcessExecutor] Wait for process returned 4
[2017-10-04 14:59:37.417][debug][command:null][tid:26][com.facebook.buck.util.ListeningProcessExecutor] Destroying process com.facebook.buck.util.ListeningProcessExecutor$LaunchedProcessImpl@17e12d3b (force true)
[2017-10-04 14:59:37.417][debug][command:null][tid:26][com.facebook.buck.util.environment.MacNetworkConfiguration] Determine active state of media for device
[2017-10-04 14:59:37.417][debug][command:null][tid:26][com.facebook.buck.util.ListeningProcessExecutor] Launching process with params ProcessExecutorParams{command=[networksetup, -getMedia, lpss-serial1]}
[2017-10-04 14:59:37.420][debug][command:null][tid:26][com.facebook.buck.util.ListeningProcessExecutor] Successfully launched process com.zaxxer.nuprocess.osx.OsxProcess@4e65cf58
[2017-10-04 14:59:37.421][debug][command:null][tid:26][com.facebook.buck.util.ListeningProcessExecutor] Waiting for process com.facebook.buck.util.ListeningProcessExecutor$LaunchedProcessImpl@3812f757 timeout 1000 MILLISECONDS
[2017-10-04 14:59:37.469][debug][command:null][tid:26][com.facebook.buck.util.ListeningProcessExecutor] Wait for process returned 4
[2017-10-04 14:59:37.469][debug][command:null][tid:26][com.facebook.buck.util.ListeningProcessExecutor] Destroying process com.facebook.buck.util.ListeningProcessExecutor$LaunchedProcessImpl@3812f757 (force true)
[2017-10-04 14:59:37.469][debug][command:null][tid:26][com.facebook.buck.util.environment.MacNetworkConfiguration] Determine active state of media for device
[2017-10-04 14:59:37.469][debug][command:null][tid:26][com.facebook.buck.util.ListeningProcessExecutor] Launching process with params ProcessExecutorParams{command=[networksetup, -getMedia, lpss-serial2]}
[2017-10-04 14:59:37.473][debug][command:null][tid:26][com.facebook.buck.util.ListeningProcessExecutor] Successfully launched process com.zaxxer.nuprocess.osx.OsxProcess@52d0353a
[2017-10-04 14:59:37.474][debug][command:null][tid:26][com.facebook.buck.util.ListeningProcessExecutor] Waiting for process com.facebook.buck.util.ListeningProcessExecutor$LaunchedProcessImpl@4cc642ae timeout 1000 MILLISECONDS
[2017-10-04 14:59:37.511][debug][command:null][tid:26][com.facebook.buck.util.ListeningProcessExecutor] Wait for process returned 4
[2017-10-04 14:59:37.511][debug][command:null][tid:26][com.facebook.buck.util.ListeningProcessExecutor] Destroying process com.facebook.buck.util.ListeningProcessExecutor$LaunchedProcessImpl@4cc642ae (force true)
[2017-10-04 14:59:37.512][debug][command:null][tid:26][com.facebook.buck.util.environment.MacNetworkConfiguration] Determine active state of media for device
[2017-10-04 14:59:37.512][debug][command:null][tid:26][com.facebook.buck.util.ListeningProcessExecutor] Launching process with params ProcessExecutorParams{command=[networksetup, -getMedia, en8]}
[2017-10-04 14:59:37.514][debug][command:null][tid:26][com.facebook.buck.util.ListeningProcessExecutor] Successfully launched process com.zaxxer.nuprocess.osx.OsxProcess@2cb94b61
[2017-10-04 14:59:37.515][debug][command:null][tid:26][com.facebook.buck.util.ListeningProcessExecutor] Waiting for process com.facebook.buck.util.ListeningProcessExecutor$LaunchedProcessImpl@33eb9ee timeout 1000 MILLISECONDS
[2017-10-04 14:59:37.515][debug][command:506d571e-4bf7-4d9b-b3bc-cd9f0f89673c][tid:01][com.facebook.buck.parser.DaemonicParserState] Starting to invalidate caches for /Users/kieranlafferty/Desktop/BuckTest..
[2017-10-04 14:59:37.515][debug][command:506d571e-4bf7-4d9b-b3bc-cd9f0f89673c][tid:01][com.facebook.buck.parser.DaemonicParserState] Cell caches were empty, no data invalidated.
[2017-10-04 14:59:37.548][debug][command:506d571e-4bf7-4d9b-b3bc-cd9f0f89673c][tid:32][com.facebook.buck.io.ExecutableFinder] Executable 'python2' mapped to 'Optional.empty'
[2017-10-04 14:59:37.550][debug][command:506d571e-4bf7-4d9b-b3bc-cd9f0f89673c][tid:32][com.facebook.buck.io.ExecutableFinder] Executable 'python' mapped to 'Optional[/usr/bin/python]'
[2017-10-04 14:59:37.557][debug][command:null][tid:26][com.facebook.buck.util.ListeningProcessExecutor] Wait for process returned 4
[2017-10-04 14:59:37.557][debug][command:null][tid:26][com.facebook.buck.util.ListeningProcessExecutor] Destroying process com.facebook.buck.util.ListeningProcessExecutor$LaunchedProcessImpl@33eb9ee (force true)
[2017-10-04 14:59:37.557][debug][command:null][tid:26][com.facebook.buck.util.environment.MacNetworkConfiguration] Determine active state of media for device
[2017-10-04 14:59:37.557][debug][command:null][tid:26][com.facebook.buck.util.ListeningProcessExecutor] Launching process with params ProcessExecutorParams{command=[networksetup, -getMedia, en9]}
[2017-10-04 14:59:37.559][debug][command:null][tid:26][com.facebook.buck.util.ListeningProcessExecutor] Successfully launched process com.zaxxer.nuprocess.osx.OsxProcess@50943556
[2017-10-04 14:59:37.561][debug][command:null][tid:26][com.facebook.buck.util.ListeningProcessExecutor] Waiting for process com.facebook.buck.util.ListeningProcessExecutor$LaunchedProcessImpl@2eb9ded8 timeout 1000 MILLISECONDS
[2017-10-04 14:59:37.581][debug][command:506d571e-4bf7-4d9b-b3bc-cd9f0f89673c][tid:32][com.facebook.buck.apple.AppleCxxPlatforms] SDK AppleSdk{name=appletvos11.0, version=11.0, applePlatform=ApplePlatform{name=appletvos, provisioningProfileName=tvOS, architectures=[arm64], minVersionFlagPrefix=-mtvos-version-min=, appIncludesFrameworks=false}, architectures=[arm64], toolchains=[AppleToolchain{identifier=com.apple.dt.toolchain.XcodeDefault, path=/Applications/Xcode.app/Contents/Developer/Toolchains/XcodeDefault.xctoolchain}]} using default version 11.0
[2017-10-04 14:59:37.590][debug][command:506d571e-4bf7-4d9b-b3bc-cd9f0f89673c][tid:32][com.facebook.buck.apple.AppleCxxPlatforms] Xcode build version is: 9A235
[2017-10-04 14:59:37.598][debug][command:null][tid:26][com.facebook.buck.util.ListeningProcessExecutor] Wait for process returned 4
[2017-10-04 14:59:37.599][debug][command:null][tid:26][com.facebook.buck.util.ListeningProcessExecutor] Destroying process com.facebook.buck.util.ListeningProcessExecutor$LaunchedProcessImpl@2eb9ded8 (force true)
[2017-10-04 14:59:37.599][debug][command:null][tid:26][com.facebook.buck.util.environment.MacNetworkConfiguration] Determine active state of media for device
[2017-10-04 14:59:37.599][debug][command:null][tid:26][com.facebook.buck.util.ListeningProcessExecutor] Launching process with params ProcessExecutorParams{command=[networksetup, -getMedia, en12]}
[2017-10-04 14:59:37.601][debug][command:null][tid:26][com.facebook.buck.util.ListeningProcessExecutor] Successfully launched process com.zaxxer.nuprocess.osx.OsxProcess@483d6a2d
[2017-10-04 14:59:37.602][debug][command:null][tid:26][com.facebook.buck.util.ListeningProcessExecutor] Waiting for process com.facebook.buck.util.ListeningProcessExecutor$LaunchedProcessImpl@4f75e709 timeout 1000 MILLISECONDS
[2017-10-04 14:59:37.623][debug][command:506d571e-4bf7-4d9b-b3bc-cd9f0f89673c][tid:32][com.facebook.buck.apple.AppleCxxPlatforms] Apple toolchain path: /Applications/Xcode.app/Contents/Developer/Toolchains/XcodeDefault.xctoolchain
[2017-10-04 14:59:37.629][debug][command:506d571e-4bf7-4d9b-b3bc-cd9f0f89673c][tid:32][com.facebook.buck.apple.AppleCxxPlatforms] Headers verification platform whitelist: [^\Q/Applications/Xcode.app/Contents/Developer/Platforms/AppleTVOS.platform/Developer/Library/Frameworks\E\/.*, ^\Q/Applications/Xcode.app/Contents/Developer/Platforms/AppleTVOS.platform/Developer/SDKs/AppleTVOS.sdk\E\/.*, ^\Q/Applications/Xcode.app/Contents/Developer/Toolchains/XcodeDefault.xctoolchain\E\/.*]
[2017-10-04 14:59:37.635][debug][command:null][tid:26][com.facebook.buck.util.ListeningProcessExecutor] Wait for process returned 4
[2017-10-04 14:59:37.636][debug][command:null][tid:26][com.facebook.buck.util.ListeningProcessExecutor] Destroying process com.facebook.buck.util.ListeningProcessExecutor$LaunchedProcessImpl@4f75e709 (force true)
[2017-10-04 14:59:37.636][debug][command:null][tid:26][com.facebook.buck.util.environment.MacNetworkConfiguration] Determine active state of media for device
[2017-10-04 14:59:37.636][debug][command:null][tid:26][com.facebook.buck.util.ListeningProcessExecutor] Launching process with params ProcessExecutorParams{command=[networksetup, -getMedia, en10]}
[2017-10-04 14:59:37.638][debug][command:null][tid:26][com.facebook.buck.util.ListeningProcessExecutor] Successfully launched process com.zaxxer.nuprocess.osx.OsxProcess@2f5abf21
[2017-10-04 14:59:37.639][debug][command:null][tid:26][com.facebook.buck.util.ListeningProcessExecutor] Waiting for process com.facebook.buck.util.ListeningProcessExecutor$LaunchedProcessImpl@c15d4e5 timeout 1000 MILLISECONDS
[2017-10-04 14:59:37.669][debug][command:506d571e-4bf7-4d9b-b3bc-cd9f0f89673c][tid:32][com.facebook.buck.apple.AppleCxxPlatforms] SDK AppleSdk{name=appletvsimulator11.0, version=11.0, applePlatform=ApplePlatform{name=appletvsimulator, swiftName=tvos, architectures=[x86_64], minVersionFlagPrefix=-mtvos-simulator-version-min=, appIncludesFrameworks=false}, architectures=[x86_64], toolchains=[AppleToolchain{identifier=com.apple.dt.toolchain.XcodeDefault, path=/Applications/Xcode.app/Contents/Developer/Toolchains/XcodeDefault.xctoolchain}]} using default version 11.0
[2017-10-04 14:59:37.670][debug][command:506d571e-4bf7-4d9b-b3bc-cd9f0f89673c][tid:32][com.facebook.buck.apple.AppleCxxPlatforms] Xcode build version is: 9A235
[2017-10-04 14:59:37.674][debug][command:null][tid:26][com.facebook.buck.util.ListeningProcessExecutor] Wait for process returned 4
[2017-10-04 14:59:37.674][warn ][command:506d571e-4bf7-4d9b-b3bc-cd9f0f89673c][tid:32][com.facebook.buck.apple.AppleCxxPlatforms] /Applications/Xcode.app/Contents/Developer/Platforms/AppleTVSimulator.platform/version.plist does not exist. Build version will be unset for this platform.
[2017-10-04 14:59:37.674][debug][command:null][tid:26][com.facebook.buck.util.ListeningProcessExecutor] Destroying process com.facebook.buck.util.ListeningProcessExecutor$LaunchedProcessImpl@c15d4e5 (force true)
[2017-10-04 14:59:37.675][debug][command:null][tid:26][com.facebook.buck.util.environment.MacNetworkConfiguration] Determine active state of media for device
[2017-10-04 14:59:37.675][debug][command:506d571e-4bf7-4d9b-b3bc-cd9f0f89673c][tid:32][com.facebook.buck.apple.AppleCxxPlatforms] Apple toolchain path: /Applications/Xcode.app/Contents/Developer/Toolchains/XcodeDefault.xctoolchain
[2017-10-04 14:59:37.675][debug][command:null][tid:26][com.facebook.buck.util.ListeningProcessExecutor] Launching process with params ProcessExecutorParams{command=[networksetup, -getMedia, fw0]}
[2017-10-04 14:59:37.675][debug][command:506d571e-4bf7-4d9b-b3bc-cd9f0f89673c][tid:32][com.facebook.buck.apple.AppleCxxPlatforms] Headers verification platform whitelist: [^\Q/Applications/Xcode.app/Contents/Developer/Platforms/AppleTVSimulator.platform/Developer/Library/Frameworks\E\/.*, ^\Q/Applications/Xcode.app/Contents/Developer/Platforms/AppleTVSimulator.platform/Developer/SDKs/AppleTVSimulator.sdk\E\/.*, ^\Q/Applications/Xcode.app/Contents/Developer/Toolchains/XcodeDefault.xctoolchain\E\/.*]
[2017-10-04 14:59:37.676][debug][command:null][tid:26][com.facebook.buck.util.ListeningProcessExecutor] Successfully launched process com.zaxxer.nuprocess.osx.OsxProcess@609b1449
[2017-10-04 14:59:37.677][debug][command:506d571e-4bf7-4d9b-b3bc-cd9f0f89673c][tid:32][com.facebook.buck.apple.AppleCxxPlatforms] SDK AppleSdk{name=iphoneos11.0, version=11.0, applePlatform=ApplePlatform{name=iphoneos, swiftName=ios, provisioningProfileName=iOS, architectures=[armv7, arm64], minVersionFlagPrefix=-mios-version-min=, stubBinaryPath=Library/Application Support/WatchKit/WK, appIncludesFrameworks=false}, architectures=[armv7, arm64], toolchains=[AppleToolchain{identifier=com.apple.dt.toolchain.XcodeDefault, path=/Applications/Xcode.app/Contents/Developer/Toolchains/XcodeDefault.xctoolchain}]} using default version 10.0
[2017-10-04 14:59:37.678][debug][command:null][tid:26][com.facebook.buck.util.ListeningProcessExecutor] Waiting for process com.facebook.buck.util.ListeningProcessExecutor$LaunchedProcessImpl@36fafc timeout 1000 MILLISECONDS
[2017-10-04 14:59:37.679][debug][command:506d571e-4bf7-4d9b-b3bc-cd9f0f89673c][tid:32][com.facebook.buck.apple.AppleCxxPlatforms] Xcode build version is: 9A235
[2017-10-04 14:59:37.687][debug][command:506d571e-4bf7-4d9b-b3bc-cd9f0f89673c][tid:32][com.facebook.buck.apple.AppleCxxPlatforms] Apple toolchain path: /Applications/Xcode.app/Contents/Developer/Toolchains/XcodeDefault.xctoolchain
[2017-10-04 14:59:37.688][debug][command:506d571e-4bf7-4d9b-b3bc-cd9f0f89673c][tid:32][com.facebook.buck.apple.AppleCxxPlatforms] Headers verification platform whitelist: [^\Q/Applications/Xcode.app/Contents/Developer/Platforms/iPhoneOS.platform/Developer/Library/Frameworks\E\/.*, ^\Q/Applications/Xcode.app/Contents/Developer/Platforms/iPhoneOS.platform/Developer/SDKs/iPhoneOS.sdk\E\/.*, ^\Q/Applications/Xcode.app/Contents/Developer/Toolchains/XcodeDefault.xctoolchain\E\/.*]
[2017-10-04 14:59:37.693][debug][command:506d571e-4bf7-4d9b-b3bc-cd9f0f89673c][tid:32][com.facebook.buck.apple.AppleCxxPlatforms] Xcode build version is: 9A235
[2017-10-04 14:59:37.698][debug][command:506d571e-4bf7-4d9b-b3bc-cd9f0f89673c][tid:32][com.facebook.buck.apple.AppleCxxPlatforms] Apple toolchain path: /Applications/Xcode.app/Contents/Developer/Toolchains/XcodeDefault.xctoolchain
[2017-10-04 14:59:37.698][debug][command:506d571e-4bf7-4d9b-b3bc-cd9f0f89673c][tid:32][com.facebook.buck.apple.AppleCxxPlatforms] Headers verification platform whitelist: [^\Q/Applications/Xcode.app/Contents/Developer/Platforms/iPhoneOS.platform/Developer/Library/Frameworks\E\/.*, ^\Q/Applications/Xcode.app/Contents/Developer/Platforms/iPhoneOS.platform/Developer/SDKs/iPhoneOS.sdk\E\/.*, ^\Q/Applications/Xcode.app/Contents/Developer/Toolchains/XcodeDefault.xctoolchain\E\/.*]
[2017-10-04 14:59:37.700][debug][command:506d571e-4bf7-4d9b-b3bc-cd9f0f89673c][tid:32][com.facebook.buck.apple.AppleCxxPlatforms] SDK AppleSdk{name=iphonesimulator11.0, version=11.0, applePlatform=ApplePlatform{name=iphonesimulator, swiftName=ios, architectures=[i386, x86_64], minVersionFlagPrefix=-mios-simulator-version-min=, stubBinaryPath=Library/Application Support/WatchKit/WK, appIncludesFrameworks=false}, architectures=[i386, x86_64], toolchains=[AppleToolchain{identifier=com.apple.dt.toolchain.XcodeDefault, path=/Applications/Xcode.app/Contents/Developer/Toolchains/XcodeDefault.xctoolchain}]} using default version 10.0
[2017-10-04 14:59:37.702][debug][command:506d571e-4bf7-4d9b-b3bc-cd9f0f89673c][tid:32][com.facebook.buck.apple.AppleCxxPlatforms] Xcode build version is: 9A235
[2017-10-04 14:59:37.705][warn ][command:506d571e-4bf7-4d9b-b3bc-cd9f0f89673c][tid:32][com.facebook.buck.apple.AppleCxxPlatforms] /Applications/Xcode.app/Contents/Developer/Platforms/iPhoneSimulator.platform/version.plist does not exist. Build version will be unset for this platform.
[2017-10-04 14:59:37.706][debug][command:506d571e-4bf7-4d9b-b3bc-cd9f0f89673c][tid:32][com.facebook.buck.apple.AppleCxxPlatforms] Apple toolchain path: /Applications/Xcode.app/Contents/Developer/Toolchains/XcodeDefault.xctoolchain
[2017-10-04 14:59:37.706][debug][command:506d571e-4bf7-4d9b-b3bc-cd9f0f89673c][tid:32][com.facebook.buck.apple.AppleCxxPlatforms] Headers verification platform whitelist: [^\Q/Applications/Xcode.app/Contents/Developer/Platforms/iPhoneSimulator.platform/Developer/Library/Frameworks\E\/.*, ^\Q/Applications/Xcode.app/Contents/Developer/Platforms/iPhoneSimulator.platform/Developer/SDKs/iPhoneSimulator.sdk\E\/.*, ^\Q/Applications/Xcode.app/Contents/Developer/Toolchains/XcodeDefault.xctoolchain\E\/.*]
[2017-10-04 14:59:37.709][debug][command:506d571e-4bf7-4d9b-b3bc-cd9f0f89673c][tid:32][com.facebook.buck.apple.AppleCxxPlatforms] Xcode build version is: 9A235
[2017-10-04 14:59:37.712][warn ][command:506d571e-4bf7-4d9b-b3bc-cd9f0f89673c][tid:32][com.facebook.buck.apple.AppleCxxPlatforms] /Applications/Xcode.app/Contents/Developer/Platforms/iPhoneSimulator.platform/version.plist does not exist. Build version will be unset for this platform.
[2017-10-04 14:59:37.713][debug][command:506d571e-4bf7-4d9b-b3bc-cd9f0f89673c][tid:32][com.facebook.buck.apple.AppleCxxPlatforms] Apple toolchain path: /Applications/Xcode.app/Contents/Developer/Toolchains/XcodeDefault.xctoolchain
[2017-10-04 14:59:37.713][debug][command:506d571e-4bf7-4d9b-b3bc-cd9f0f89673c][tid:32][com.facebook.buck.apple.AppleCxxPlatforms] Headers verification platform whitelist: [^\Q/Applications/Xcode.app/Contents/Developer/Platforms/iPhoneSimulator.platform/Developer/Library/Frameworks\E\/.*, ^\Q/Applications/Xcode.app/Contents/Developer/Platforms/iPhoneSimulator.platform/Developer/SDKs/iPhoneSimulator.sdk\E\/.*, ^\Q/Applications/Xcode.app/Contents/Developer/Toolchains/XcodeDefault.xctoolchain\E\/.*]
[2017-10-04 14:59:37.714][debug][command:506d571e-4bf7-4d9b-b3bc-cd9f0f89673c][tid:32][com.facebook.buck.apple.AppleCxxPlatforms] SDK AppleSdk{name=macosx10.13, version=10.13, applePlatform=ApplePlatform{name=macosx, architectures=[i386, x86_64], minVersionFlagPrefix=-mmacosx-version-min=, appIncludesFrameworks=true}, architectures=[i386, x86_64], toolchains=[AppleToolchain{identifier=com.apple.dt.toolchain.XcodeDefault, path=/Applications/Xcode.app/Contents/Developer/Toolchains/XcodeDefault.xctoolchain}]} using default version 10.13
[2017-10-04 14:59:37.716][debug][command:506d571e-4bf7-4d9b-b3bc-cd9f0f89673c][tid:32][com.facebook.buck.apple.AppleCxxPlatforms] Xcode build version is: 9A235
[2017-10-04 14:59:37.718][debug][command:null][tid:26][com.facebook.buck.util.ListeningProcessExecutor] Wait for process returned 4
[2017-10-04 14:59:37.719][debug][command:null][tid:26][com.facebook.buck.util.ListeningProcessExecutor] Destroying process com.facebook.buck.util.ListeningProcessExecutor$LaunchedProcessImpl@36fafc (force true)
[2017-10-04 14:59:37.719][debug][command:null][tid:26][com.facebook.buck.util.environment.MacNetworkConfiguration] Determine active state of media for device
[2017-10-04 14:59:37.719][debug][command:null][tid:26][com.facebook.buck.util.ListeningProcessExecutor] Launching process with params ProcessExecutorParams{command=[networksetup, -getMedia, en0]}
[2017-10-04 14:59:37.721][debug][command:null][tid:26][com.facebook.buck.util.ListeningProcessExecutor] Successfully launched process com.zaxxer.nuprocess.osx.OsxProcess@7a6ffe6c
[2017-10-04 14:59:37.721][warn ][command:506d571e-4bf7-4d9b-b3bc-cd9f0f89673c][tid:32][com.facebook.buck.apple.AppleCxxPlatforms] In /Applications/Xcode.app/Contents/Developer/Platforms/MacOSX.platform/version.plist, missing ProductBuildVersion. Build version will be unset for this platform.
[2017-10-04 14:59:37.721][debug][command:506d571e-4bf7-4d9b-b3bc-cd9f0f89673c][tid:32][com.facebook.buck.apple.AppleCxxPlatforms] Apple toolchain path: /Applications/Xcode.app/Contents/Developer/Toolchains/XcodeDefault.xctoolchain
[2017-10-04 14:59:37.722][debug][command:506d571e-4bf7-4d9b-b3bc-cd9f0f89673c][tid:32][com.facebook.buck.apple.AppleCxxPlatforms] Headers verification platform whitelist: [^\Q/Applications/Xcode.app/Contents/Developer/Platforms/MacOSX.platform/Developer/Library/Frameworks\E\/.*, ^\Q/Applications/Xcode.app/Contents/Developer/Platforms/MacOSX.platform/Developer/SDKs/MacOSX.sdk\E\/.*, ^\Q/Applications/Xcode.app/Contents/Developer/Toolchains/XcodeDefault.xctoolchain\E\/.*]
[2017-10-04 14:59:37.722][debug][command:null][tid:26][com.facebook.buck.util.ListeningProcessExecutor] Waiting for process com.facebook.buck.util.ListeningProcessExecutor$LaunchedProcessImpl@587fbf38 timeout 1000 MILLISECONDS
[2017-10-04 14:59:37.724][debug][command:506d571e-4bf7-4d9b-b3bc-cd9f0f89673c][tid:32][com.facebook.buck.apple.AppleCxxPlatforms] Xcode build version is: 9A235
[2017-10-04 14:59:37.728][warn ][command:506d571e-4bf7-4d9b-b3bc-cd9f0f89673c][tid:32][com.facebook.buck.apple.AppleCxxPlatforms] In /Applications/Xcode.app/Contents/Developer/Platforms/MacOSX.platform/version.plist, missing ProductBuildVersion. Build version will be unset for this platform.
[2017-10-04 14:59:37.728][debug][command:506d571e-4bf7-4d9b-b3bc-cd9f0f89673c][tid:32][com.facebook.buck.apple.AppleCxxPlatforms] Apple toolchain path: /Applications/Xcode.app/Contents/Developer/Toolchains/XcodeDefault.xctoolchain
[2017-10-04 14:59:37.728][debug][command:506d571e-4bf7-4d9b-b3bc-cd9f0f89673c][tid:32][com.facebook.buck.apple.AppleCxxPlatforms] Headers verification platform whitelist: [^\Q/Applications/Xcode.app/Contents/Developer/Platforms/MacOSX.platform/Developer/Library/Frameworks\E\/.*, ^\Q/Applications/Xcode.app/Contents/Developer/Platforms/MacOSX.platform/Developer/SDKs/MacOSX.sdk\E\/.*, ^\Q/Applications/Xcode.app/Contents/Developer/Toolchains/XcodeDefault.xctoolchain\E\/.*]
[2017-10-04 14:59:37.729][debug][command:506d571e-4bf7-4d9b-b3bc-cd9f0f89673c][tid:32][com.facebook.buck.apple.AppleCxxPlatforms] SDK AppleSdk{name=watchos4.0, version=4.0, applePlatform=ApplePlatform{name=watchos, provisioningProfileName=iOS, architectures=[armv7k], minVersionFlagPrefix=-mwatchos-version-min=, stubBinaryPath=Library/Application Support/WatchKit/WK, appIncludesFrameworks=false}, architectures=[armv7k], toolchains=[AppleToolchain{identifier=com.apple.dt.toolchain.XcodeDefault, path=/Applications/Xcode.app/Contents/Developer/Toolchains/XcodeDefault.xctoolchain}]} using default version 4.0
[2017-10-04 14:59:37.730][debug][command:506d571e-4bf7-4d9b-b3bc-cd9f0f89673c][tid:32][com.facebook.buck.apple.AppleCxxPlatforms] Xcode build version is: 9A235
[2017-10-04 14:59:37.734][debug][command:506d571e-4bf7-4d9b-b3bc-cd9f0f89673c][tid:32][com.facebook.buck.apple.AppleCxxPlatforms] Apple toolchain path: /Applications/Xcode.app/Contents/Developer/Toolchains/XcodeDefault.xctoolchain
[2017-10-04 14:59:37.735][debug][command:506d571e-4bf7-4d9b-b3bc-cd9f0f89673c][tid:32][com.facebook.buck.apple.AppleCxxPlatforms] Headers verification platform whitelist: [^\Q/Applications/Xcode.app/Contents/Developer/Platforms/WatchOS.platform/Developer/Library/Frameworks\E\/.*, ^\Q/Applications/Xcode.app/Contents/Developer/Platforms/WatchOS.platform/Developer/SDKs/WatchOS.sdk\E\/.*, ^\Q/Applications/Xcode.app/Contents/Developer/Toolchains/XcodeDefault.xctoolchain\E\/.*]
[2017-10-04 14:59:37.736][debug][command:506d571e-4bf7-4d9b-b3bc-cd9f0f89673c][tid:32][com.facebook.buck.apple.AppleCxxPlatforms] SDK AppleSdk{name=watchsimulator4.0, version=4.0, applePlatform=ApplePlatform{name=watchsimulator, architectures=[i386], minVersionFlagPrefix=-mwatchos-simulator-version-min=, stubBinaryPath=Library/Application Support/WatchKit/WK, appIncludesFrameworks=false}, architectures=[i386], toolchains=[AppleToolchain{identifier=com.apple.dt.toolchain.XcodeDefault, path=/Applications/Xcode.app/Contents/Developer/Toolchains/XcodeDefault.xctoolchain}]} using default version 4.0
[2017-10-04 14:59:37.737][debug][command:506d571e-4bf7-4d9b-b3bc-cd9f0f89673c][tid:32][com.facebook.buck.apple.AppleCxxPlatforms] Xcode build version is: 9A235
[2017-10-04 14:59:37.742][debug][command:506d571e-4bf7-4d9b-b3bc-cd9f0f89673c][tid:32][com.facebook.buck.apple.AppleCxxPlatforms] Apple toolchain path: /Applications/Xcode.app/Contents/Developer/Toolchains/XcodeDefault.xctoolchain
[2017-10-04 14:59:37.743][debug][command:506d571e-4bf7-4d9b-b3bc-cd9f0f89673c][tid:32][com.facebook.buck.apple.AppleCxxPlatforms] Headers verification platform whitelist: [^\Q/Applications/Xcode.app/Contents/Developer/Platforms/WatchSimulator.platform/Developer/Library/Frameworks\E\/.*, ^\Q/Applications/Xcode.app/Contents/Developer/Platforms/WatchSimulator.platform/Developer/SDKs/WatchSimulator.sdk\E\/.*, ^\Q/Applications/Xcode.app/Contents/Developer/Toolchains/XcodeDefault.xctoolchain\E\/.*]
[2017-10-04 14:59:37.744][debug][command:506d571e-4bf7-4d9b-b3bc-cd9f0f89673c][tid:32][com.facebook.buck.apple.AppleCxxPlatforms] SDK AppleSdk{name=appletvos, version=11.0, applePlatform=ApplePlatform{name=appletvos, provisioningProfileName=tvOS, architectures=[arm64], minVersionFlagPrefix=-mtvos-version-min=, appIncludesFrameworks=false}, architectures=[arm64], toolchains=[AppleToolchain{identifier=com.apple.dt.toolchain.XcodeDefault, path=/Applications/Xcode.app/Contents/Developer/Toolchains/XcodeDefault.xctoolchain}]} using default version 11.0
[2017-10-04 14:59:37.746][debug][command:506d571e-4bf7-4d9b-b3bc-cd9f0f89673c][tid:32][com.facebook.buck.apple.AppleCxxPlatforms] Xcode build version is: 9A235
[2017-10-04 14:59:37.750][debug][command:506d571e-4bf7-4d9b-b3bc-cd9f0f89673c][tid:32][com.facebook.buck.apple.AppleCxxPlatforms] Apple toolchain path: /Applications/Xcode.app/Contents/Developer/Toolchains/XcodeDefault.xctoolchain
[2017-10-04 14:59:37.751][debug][command:506d571e-4bf7-4d9b-b3bc-cd9f0f89673c][tid:32][com.facebook.buck.apple.AppleCxxPlatforms] Headers verification platform whitelist: [^\Q/Applications/Xcode.app/Contents/Developer/Platforms/AppleTVOS.platform/Developer/Library/Frameworks\E\/.*, ^\Q/Applications/Xcode.app/Contents/Developer/Platforms/AppleTVOS.platform/Developer/SDKs/AppleTVOS.sdk\E\/.*, ^\Q/Applications/Xcode.app/Contents/Developer/Toolchains/XcodeDefault.xctoolchain\E\/.*]
[2017-10-04 14:59:37.753][debug][command:506d571e-4bf7-4d9b-b3bc-cd9f0f89673c][tid:32][com.facebook.buck.apple.AppleCxxPlatforms] SDK AppleSdk{name=appletvsimulator, version=11.0, applePlatform=ApplePlatform{name=appletvsimulator, swiftName=tvos, architectures=[x86_64], minVersionFlagPrefix=-mtvos-simulator-version-min=, appIncludesFrameworks=false}, architectures=[x86_64], toolchains=[AppleToolchain{identifier=com.apple.dt.toolchain.XcodeDefault, path=/Applications/Xcode.app/Contents/Developer/Toolchains/XcodeDefault.xctoolchain}]} using default version 11.0
[2017-10-04 14:59:37.756][debug][command:506d571e-4bf7-4d9b-b3bc-cd9f0f89673c][tid:32][com.facebook.buck.apple.AppleCxxPlatforms] Xcode build version is: 9A235
[2017-10-04 14:59:37.758][warn ][command:506d571e-4bf7-4d9b-b3bc-cd9f0f89673c][tid:32][com.facebook.buck.apple.AppleCxxPlatforms] /Applications/Xcode.app/Contents/Developer/Platforms/AppleTVSimulator.platform/version.plist does not exist. Build version will be unset for this platform.
[2017-10-04 14:59:37.758][debug][command:506d571e-4bf7-4d9b-b3bc-cd9f0f89673c][tid:32][com.facebook.buck.apple.AppleCxxPlatforms] Apple toolchain path: /Applications/Xcode.app/Contents/Developer/Toolchains/XcodeDefault.xctoolchain
[2017-10-04 14:59:37.759][debug][command:506d571e-4bf7-4d9b-b3bc-cd9f0f89673c][tid:32][com.facebook.buck.apple.AppleCxxPlatforms] Headers verification platform whitelist: [^\Q/Applications/Xcode.app/Contents/Developer/Platforms/AppleTVSimulator.platform/Developer/Library/Frameworks\E\/.*, ^\Q/Applications/Xcode.app/Contents/Developer/Platforms/AppleTVSimulator.platform/Developer/SDKs/AppleTVSimulator.sdk\E\/.*, ^\Q/Applications/Xcode.app/Contents/Developer/Toolchains/XcodeDefault.xctoolchain\E\/.*]
[2017-10-04 14:59:37.760][debug][command:506d571e-4bf7-4d9b-b3bc-cd9f0f89673c][tid:32][com.facebook.buck.apple.AppleCxxPlatforms] SDK AppleSdk{name=iphoneos, version=11.0, applePlatform=ApplePlatform{name=iphoneos, swiftName=ios, provisioningProfileName=iOS, architectures=[armv7, arm64], minVersionFlagPrefix=-mios-version-min=, stubBinaryPath=Library/Application Support/WatchKit/WK, appIncludesFrameworks=false}, architectures=[armv7, arm64], toolchains=[AppleToolchain{identifier=com.apple.dt.toolchain.XcodeDefault, path=/Applications/Xcode.app/Contents/Developer/Toolchains/XcodeDefault.xctoolchain}]} using default version 10.0
[2017-10-04 14:59:37.762][debug][command:506d571e-4bf7-4d9b-b3bc-cd9f0f89673c][tid:32][com.facebook.buck.apple.AppleCxxPlatforms] Xcode build version is: 9A235
[2017-10-04 14:59:37.763][debug][command:null][tid:26][com.facebook.buck.util.ListeningProcessExecutor] Wait for process returned 0
[2017-10-04 14:59:37.763][debug][command:null][tid:26][com.facebook.buck.util.ListeningProcessExecutor] Destroying process com.facebook.buck.util.ListeningProcessExecutor$LaunchedProcessImpl@587fbf38 (force true)
[2017-10-04 14:59:37.763][debug][command:null][tid:26][com.facebook.buck.util.environment.MacNetworkConfiguration] Determine WiFi SSID of device
[2017-10-04 14:59:37.764][debug][command:null][tid:26][com.facebook.buck.util.ListeningProcessExecutor] Launching process with params ProcessExecutorParams{command=[networksetup, -getairportnetwork, en0]}
[2017-10-04 14:59:37.765][debug][command:null][tid:26][com.facebook.buck.util.ListeningProcessExecutor] Successfully launched process com.zaxxer.nuprocess.osx.OsxProcess@60fec122
[2017-10-04 14:59:37.766][debug][command:506d571e-4bf7-4d9b-b3bc-cd9f0f89673c][tid:32][com.facebook.buck.apple.AppleCxxPlatforms] Apple toolchain path: /Applications/Xcode.app/Contents/Developer/Toolchains/XcodeDefault.xctoolchain
[2017-10-04 14:59:37.766][debug][command:506d571e-4bf7-4d9b-b3bc-cd9f0f89673c][tid:32][com.facebook.buck.apple.AppleCxxPlatforms] Headers verification platform whitelist: [^\Q/Applications/Xcode.app/Contents/Developer/Platforms/iPhoneOS.platform/Developer/Library/Frameworks\E\/.*, ^\Q/Applications/Xcode.app/Contents/Developer/Platforms/iPhoneOS.platform/Developer/SDKs/iPhoneOS.sdk\E\/.*, ^\Q/Applications/Xcode.app/Contents/Developer/Toolchains/XcodeDefault.xctoolchain\E\/.*]
[2017-10-04 14:59:37.766][debug][command:null][tid:26][com.facebook.buck.util.ListeningProcessExecutor] Waiting for process com.facebook.buck.util.ListeningProcessExecutor$LaunchedProcessImpl@572836db timeout 1000 MILLISECONDS
[2017-10-04 14:59:37.769][debug][command:506d571e-4bf7-4d9b-b3bc-cd9f0f89673c][tid:32][com.facebook.buck.apple.AppleCxxPlatforms] Xcode build version is: 9A235
[2017-10-04 14:59:37.771][debug][command:506d571e-4bf7-4d9b-b3bc-cd9f0f89673c][tid:32][com.facebook.buck.apple.AppleCxxPlatforms] Apple toolchain path: /Applications/Xcode.app/Contents/Developer/Toolchains/XcodeDefault.xctoolchain
[2017-10-04 14:59:37.772][debug][command:506d571e-4bf7-4d9b-b3bc-cd9f0f89673c][tid:32][com.facebook.buck.apple.AppleCxxPlatforms] Headers verification platform whitelist: [^\Q/Applications/Xcode.app/Contents/Developer/Platforms/iPhoneOS.platform/Developer/Library/Frameworks\E\/.*, ^\Q/Applications/Xcode.app/Contents/Developer/Platforms/iPhoneOS.platform/Developer/SDKs/iPhoneOS.sdk\E\/.*, ^\Q/Applications/Xcode.app/Contents/Developer/Toolchains/XcodeDefault.xctoolchain\E\/.*]
[2017-10-04 14:59:37.772][debug][command:506d571e-4bf7-4d9b-b3bc-cd9f0f89673c][tid:32][com.facebook.buck.apple.AppleCxxPlatforms] SDK AppleSdk{name=iphonesimulator, version=11.0, applePlatform=ApplePlatform{name=iphonesimulator, swiftName=ios, architectures=[i386, x86_64], minVersionFlagPrefix=-mios-simulator-version-min=, stubBinaryPath=Library/Application Support/WatchKit/WK, appIncludesFrameworks=false}, architectures=[i386, x86_64], toolchains=[AppleToolchain{identifier=com.apple.dt.toolchain.XcodeDefault, path=/Applications/Xcode.app/Contents/Developer/Toolchains/XcodeDefault.xctoolchain}]} using default version 10.0
[2017-10-04 14:59:37.773][debug][command:506d571e-4bf7-4d9b-b3bc-cd9f0f89673c][tid:32][com.facebook.buck.apple.AppleCxxPlatforms] Xcode build version is: 9A235
[2017-10-04 14:59:37.775][warn ][command:506d571e-4bf7-4d9b-b3bc-cd9f0f89673c][tid:32][com.facebook.buck.apple.AppleCxxPlatforms] /Applications/Xcode.app/Contents/Developer/Platforms/iPhoneSimulator.platform/version.plist does not exist. Build version will be unset for this platform.
[2017-10-04 14:59:37.775][debug][command:506d571e-4bf7-4d9b-b3bc-cd9f0f89673c][tid:32][com.facebook.buck.apple.AppleCxxPlatforms] Apple toolchain path: /Applications/Xcode.app/Contents/Developer/Toolchains/XcodeDefault.xctoolchain
[2017-10-04 14:59:37.775][debug][command:506d571e-4bf7-4d9b-b3bc-cd9f0f89673c][tid:32][com.facebook.buck.apple.AppleCxxPlatforms] Headers verification platform whitelist: [^\Q/Applications/Xcode.app/Contents/Developer/Platforms/iPhoneSimulator.platform/Developer/Library/Frameworks\E\/.*, ^\Q/Applications/Xcode.app/Contents/Developer/Platforms/iPhoneSimulator.platform/Developer/SDKs/iPhoneSimulator.sdk\E\/.*, ^\Q/Applications/Xcode.app/Contents/Developer/Toolchains/XcodeDefault.xctoolchain\E\/.*]
[2017-10-04 14:59:37.777][debug][command:506d571e-4bf7-4d9b-b3bc-cd9f0f89673c][tid:32][com.facebook.buck.apple.AppleCxxPlatforms] Xcode build version is: 9A235
[2017-10-04 14:59:37.778][warn ][command:506d571e-4bf7-4d9b-b3bc-cd9f0f89673c][tid:32][com.facebook.buck.apple.AppleCxxPlatforms] /Applications/Xcode.app/Contents/Developer/Platforms/iPhoneSimulator.platform/version.plist does not exist. Build version will be unset for this platform.
[2017-10-04 14:59:37.779][debug][command:506d571e-4bf7-4d9b-b3bc-cd9f0f89673c][tid:32][com.facebook.buck.apple.AppleCxxPlatforms] Apple toolchain path: /Applications/Xcode.app/Contents/Developer/Toolchains/XcodeDefault.xctoolchain
[2017-10-04 14:59:37.779][debug][command:506d571e-4bf7-4d9b-b3bc-cd9f0f89673c][tid:32][com.facebook.buck.apple.AppleCxxPlatforms] Headers verification platform whitelist: [^\Q/Applications/Xcode.app/Contents/Developer/Platforms/iPhoneSimulator.platform/Developer/Library/Frameworks\E\/.*, ^\Q/Applications/Xcode.app/Contents/Developer/Platforms/iPhoneSimulator.platform/Developer/SDKs/iPhoneSimulator.sdk\E\/.*, ^\Q/Applications/Xcode.app/Contents/Developer/Toolchains/XcodeDefault.xctoolchain\E\/.*]
[2017-10-04 14:59:37.780][debug][command:506d571e-4bf7-4d9b-b3bc-cd9f0f89673c][tid:32][com.facebook.buck.apple.AppleCxxPlatforms] SDK AppleSdk{name=macosx, version=10.13, applePlatform=ApplePlatform{name=macosx, architectures=[i386, x86_64], minVersionFlagPrefix=-mmacosx-version-min=, appIncludesFrameworks=true}, architectures=[i386, x86_64], toolchains=[AppleToolchain{identifier=com.apple.dt.toolchain.XcodeDefault, path=/Applications/Xcode.app/Contents/Developer/Toolchains/XcodeDefault.xctoolchain}]} using default version 10.13
[2017-10-04 14:59:37.781][debug][command:506d571e-4bf7-4d9b-b3bc-cd9f0f89673c][tid:32][com.facebook.buck.apple.AppleCxxPlatforms] Xcode build version is: 9A235
[2017-10-04 14:59:37.784][warn ][command:506d571e-4bf7-4d9b-b3bc-cd9f0f89673c][tid:32][com.facebook.buck.apple.AppleCxxPlatforms] In /Applications/Xcode.app/Contents/Developer/Platforms/MacOSX.platform/version.plist, missing ProductBuildVersion. Build version will be unset for this platform.
[2017-10-04 14:59:37.784][debug][command:506d571e-4bf7-4d9b-b3bc-cd9f0f89673c][tid:32][com.facebook.buck.apple.AppleCxxPlatforms] Apple toolchain path: /Applications/Xcode.app/Contents/Developer/Toolchains/XcodeDefault.xctoolchain
[2017-10-04 14:59:37.785][debug][command:506d571e-4bf7-4d9b-b3bc-cd9f0f89673c][tid:32][com.facebook.buck.apple.AppleCxxPlatforms] Headers verification platform whitelist: [^\Q/Applications/Xcode.app/Contents/Developer/Platforms/MacOSX.platform/Developer/Library/Frameworks\E\/.*, ^\Q/Applications/Xcode.app/Contents/Developer/Platforms/MacOSX.platform/Developer/SDKs/MacOSX.sdk\E\/.*, ^\Q/Applications/Xcode.app/Contents/Developer/Toolchains/XcodeDefault.xctoolchain\E\/.*]
[2017-10-04 14:59:37.786][debug][command:506d571e-4bf7-4d9b-b3bc-cd9f0f89673c][tid:32][com.facebook.buck.apple.AppleCxxPlatforms] Xcode build version is: 9A235
[2017-10-04 14:59:37.789][warn ][command:506d571e-4bf7-4d9b-b3bc-cd9f0f89673c][tid:32][com.facebook.buck.apple.AppleCxxPlatforms] In /Applications/Xcode.app/Contents/Developer/Platforms/MacOSX.platform/version.plist, missing ProductBuildVersion. Build version will be unset for this platform.
[2017-10-04 14:59:37.790][debug][command:506d571e-4bf7-4d9b-b3bc-cd9f0f89673c][tid:32][com.facebook.buck.apple.AppleCxxPlatforms] Apple toolchain path: /Applications/Xcode.app/Contents/Developer/Toolchains/XcodeDefault.xctoolchain
[2017-10-04 14:59:37.790][debug][command:506d571e-4bf7-4d9b-b3bc-cd9f0f89673c][tid:32][com.facebook.buck.apple.AppleCxxPlatforms] Headers verification platform whitelist: [^\Q/Applications/Xcode.app/Contents/Developer/Platforms/MacOSX.platform/Developer/Library/Frameworks\E\/.*, ^\Q/Applications/Xcode.app/Contents/Developer/Platforms/MacOSX.platform/Developer/SDKs/MacOSX.sdk\E\/.*, ^\Q/Applications/Xcode.app/Contents/Developer/Toolchains/XcodeDefault.xctoolchain\E\/.*]
[2017-10-04 14:59:37.791][debug][command:506d571e-4bf7-4d9b-b3bc-cd9f0f89673c][tid:32][com.facebook.buck.apple.AppleCxxPlatforms] SDK AppleSdk{name=watchos, version=4.0, applePlatform=ApplePlatform{name=watchos, provisioningProfileName=iOS, architectures=[armv7k], minVersionFlagPrefix=-mwatchos-version-min=, stubBinaryPath=Library/Application Support/WatchKit/WK, appIncludesFrameworks=false}, architectures=[armv7k], toolchains=[AppleToolchain{identifier=com.apple.dt.toolchain.XcodeDefault, path=/Applications/Xcode.app/Contents/Developer/Toolchains/XcodeDefault.xctoolchain}]} using default version 4.0
[2017-10-04 14:59:37.792][debug][command:506d571e-4bf7-4d9b-b3bc-cd9f0f89673c][tid:32][com.facebook.buck.apple.AppleCxxPlatforms] Xcode build version is: 9A235
[2017-10-04 14:59:37.795][debug][command:506d571e-4bf7-4d9b-b3bc-cd9f0f89673c][tid:32][com.facebook.buck.apple.AppleCxxPlatforms] Apple toolchain path: /Applications/Xcode.app/Contents/Developer/Toolchains/XcodeDefault.xctoolchain
[2017-10-04 14:59:37.795][debug][command:506d571e-4bf7-4d9b-b3bc-cd9f0f89673c][tid:32][com.facebook.buck.apple.AppleCxxPlatforms] Headers verification platform whitelist: [^\Q/Applications/Xcode.app/Contents/Developer/Platforms/WatchOS.platform/Developer/Library/Frameworks\E\/.*, ^\Q/Applications/Xcode.app/Contents/Developer/Platforms/WatchOS.platform/Developer/SDKs/WatchOS.sdk\E\/.*, ^\Q/Applications/Xcode.app/Contents/Developer/Toolchains/XcodeDefault.xctoolchain\E\/.*]
[2017-10-04 14:59:37.796][debug][command:506d571e-4bf7-4d9b-b3bc-cd9f0f89673c][tid:32][com.facebook.buck.apple.AppleCxxPlatforms] SDK AppleSdk{name=watchsimulator, version=4.0, applePlatform=ApplePlatform{name=watchsimulator, architectures=[i386], minVersionFlagPrefix=-mwatchos-simulator-version-min=, stubBinaryPath=Library/Application Support/WatchKit/WK, appIncludesFrameworks=false}, architectures=[i386], toolchains=[AppleToolchain{identifier=com.apple.dt.toolchain.XcodeDefault, path=/Applications/Xcode.app/Contents/Developer/Toolchains/XcodeDefault.xctoolchain}]} using default version 4.0
[2017-10-04 14:59:37.797][debug][command:506d571e-4bf7-4d9b-b3bc-cd9f0f89673c][tid:32][com.facebook.buck.apple.AppleCxxPlatforms] Xcode build version is: 9A235
[2017-10-04 14:59:37.800][debug][command:506d571e-4bf7-4d9b-b3bc-cd9f0f89673c][tid:32][com.facebook.buck.apple.AppleCxxPlatforms] Apple toolchain path: /Applications/Xcode.app/Contents/Developer/Toolchains/XcodeDefault.xctoolchain
[2017-10-04 14:59:37.801][debug][command:506d571e-4bf7-4d9b-b3bc-cd9f0f89673c][tid:32][com.facebook.buck.apple.AppleCxxPlatforms] Headers verification platform whitelist: [^\Q/Applications/Xcode.app/Contents/Developer/Platforms/WatchSimulator.platform/Developer/Library/Frameworks\E\/.*, ^\Q/Applications/Xcode.app/Contents/Developer/Platforms/WatchSimulator.platform/Developer/SDKs/WatchSimulator.sdk\E\/.*, ^\Q/Applications/Xcode.app/Contents/Developer/Toolchains/XcodeDefault.xctoolchain\E\/.*]
[2017-10-04 14:59:37.805][debug][command:null][tid:26][com.facebook.buck.util.ListeningProcessExecutor] Wait for process returned 0
[2017-10-04 14:59:37.806][debug][command:null][tid:26][com.facebook.buck.util.ListeningProcessExecutor] Destroying process com.facebook.buck.util.ListeningProcessExecutor$LaunchedProcessImpl@572836db (force true)
[2017-10-04 14:59:37.808][info ][command:null][tid:26][com.facebook.buck.util.versioncontrol.VersionControlStatsGenerator] Starting generation of version control stats.
[2017-10-04 14:59:37.808][warn ][command:null][tid:26][com.facebook.buck.util.versioncontrol.VersionControlStatsGenerator] Skipping generation of version control stats as unsupported repository type.
[2017-10-04 14:59:37.820][debug][command:506d571e-4bf7-4d9b-b3bc-cd9f0f89673c][tid:32][com.facebook.buck.io.ExecutableFinder] Executable 'clang' mapped to 'Optional[/usr/bin/clang]'
[2017-10-04 14:59:37.821][debug][command:506d571e-4bf7-4d9b-b3bc-cd9f0f89673c][tid:32][com.facebook.buck.io.ExecutableFinder] Executable 'clang++' mapped to 'Optional[/usr/bin/clang++]'
[2017-10-04 14:59:37.822][debug][command:506d571e-4bf7-4d9b-b3bc-cd9f0f89673c][tid:32][com.facebook.buck.io.ExecutableFinder] Executable 'ar' mapped to 'Optional[/usr/bin/ar]'
[2017-10-04 14:59:37.823][debug][command:506d571e-4bf7-4d9b-b3bc-cd9f0f89673c][tid:32][com.facebook.buck.io.ExecutableFinder] Executable 'strip' mapped to 'Optional[/usr/bin/strip]'
[2017-10-04 14:59:37.824][debug][command:506d571e-4bf7-4d9b-b3bc-cd9f0f89673c][tid:32][com.facebook.buck.io.ExecutableFinder] Executable 'ranlib' mapped to 'Optional[/usr/bin/ranlib]'
[2017-10-04 14:59:37.824][debug][command:506d571e-4bf7-4d9b-b3bc-cd9f0f89673c][tid:32][com.facebook.buck.io.ExecutableFinder] Executable 'nm' mapped to 'Optional[/usr/bin/nm]'
[2017-10-04 14:59:37.825][debug][command:506d571e-4bf7-4d9b-b3bc-cd9f0f89673c][tid:32][com.facebook.buck.cxx.toolchain.CxxPlatforms] Using config default C++ platform CxxPlatform{flavor=iphonesimulator-x86_64, as=com.facebook.buck.cxx.toolchain.CompilerProvider@7d14e709, asflags=[-isysroot, /Applications/Xcode.app/Contents/Developer/Platforms/iPhoneSimulator.platform/Developer/SDKs/iPhoneSimulator.sdk, -arch, x86_64, -mios-simulator-version-min=10.0, -iquote, /Users/kieranlafferty/Desktop/BuckTest], aspp=com.facebook.buck.cxx.toolchain.PreprocessorProvider@77af801f, asppflags=[], cc=com.facebook.buck.cxx.toolchain.CompilerProvider@199ea08b, cflags=[-isysroot, /Applications/Xcode.app/Contents/Developer/Platforms/iPhoneSimulator.platform/Developer/SDKs/iPhoneSimulator.sdk, -arch, x86_64, -mios-simulator-version-min=10.0, -iquote, /Users/kieranlafferty/Desktop/BuckTest, -g, -fmodules, -fobjc-arc, -D, BUCK, -w], cxx=com.facebook.buck.cxx.toolchain.CompilerProvider@192b0ac6, cxxflags=[-isysroot, /Applications/Xcode.app/Contents/Developer/Platforms/iPhoneSimulator.platform/Developer/SDKs/iPhoneSimulator.sdk, -arch, x86_64, -mios-simulator-version-min=10.0, -iquote, /Users/kieranlafferty/Desktop/BuckTest], cpp=com.facebook.buck.cxx.toolchain.PreprocessorProvider@43dd9a45, cppflags=[], cxxpp=com.facebook.buck.cxx.toolchain.PreprocessorProvider@48794559, cxxppflags=[], cudappflags=[], cudaflags=[], asmppflags=[], asmflags=[], ld=com.facebook.buck.cxx.toolchain.linker.DefaultLinkerProvider@248f2e25, ldflags=[-isysroot, /Applications/Xcode.app/Contents/Developer/Platforms/iPhoneSimulator.platform/Developer/SDKs/iPhoneSimulator.sdk, -arch, x86_64, -mios-simulator-version-min=10.0, -iquote, /Users/kieranlafferty/Desktop/BuckTest, -Wl,-sdk_version, -Wl,11.0, -Wl,-ObjC], runtimeLdflags={}, strip=VersionedTool{path=/Applications/Xcode.app/Contents/Developer/Toolchains/XcodeDefault.xctoolchain/usr/bin/strip, extraArgs=[], name=apple-strip, version=11.0:9A235}, stripFlags=[], ar=com.facebook.buck.cxx.toolchain.ArchiverProvider$1@65336d48, arflags=[], ranlib=com.facebook.buck.rules.ConstantToolProvider@4a93cc19, ranlibflags=[], symbolNameTool=com.facebook.buck.cxx.toolchain.LazyDelegatingSymbolNameTool@48421b9f, sharedLibraryExtension=dylib, sharedLibraryVersionedExtensionFormat=%s.dylib, staticLibraryExtension=a, objectFileExtension=o, compilerDebugPathSanitizer=com.facebook.buck.cxx.toolchain.PrefixMapDebugPathSanitizer@15e1fab4, assemblerDebugPathSanitizer=com.facebook.buck.cxx.toolchain.MungingDebugPathSanitizer@6bc69c6d, headerVerification=HeaderVerification{mode=IGNORE, whitelist=[], platformWhitelist=[^\Q/Applications/Xcode.app/Contents/Developer/Platforms/iPhoneSimulator.platform/Developer/Library/Frameworks\E\/.*, ^\Q/Applications/Xcode.app/Contents/Developer/Platforms/iPhoneSimulator.platform/Developer/SDKs/iPhoneSimulator.sdk\E\/.*, ^\Q/Applications/Xcode.app/Contents/Developer/Toolchains/XcodeDefault.xctoolchain\E\/.*], whitelistPatterns=[^\Q/Applications/Xcode.app/Contents/Developer/Platforms/iPhoneSimulator.platform/Developer/Library/Frameworks\E\/.*, ^\Q/Applications/Xcode.app/Contents/Developer/Platforms/iPhoneSimulator.platform/Developer/SDKs/iPhoneSimulator.sdk\E\/.*, ^\Q/Applications/Xcode.app/Contents/Developer/Toolchains/XcodeDefault.xctoolchain\E\/.*]}, flagMacros={SDKROOT=/Applications/Xcode.app/Contents/Developer/Platforms/iPhoneSimulator.platform/Developer/SDKs/iPhoneSimulator.sdk, PLATFORM_DIR=/Applications/Xcode.app/Contents/Developer/Platforms/iPhoneSimulator.platform, CURRENT_ARCH=x86_64, DEVELOPER_DIR=/Applications/Xcode.app/Contents/Developer}, publicHeadersSymlinksEnabled=true, privateHeadersSymlinksEnabled=true}
[2017-10-04 14:59:37.841][debug][command:506d571e-4bf7-4d9b-b3bc-cd9f0f89673c][tid:32][com.facebook.buck.io.ExecutableFinder] Executable 'python2' mapped to 'Optional.empty'
[2017-10-04 14:59:37.842][debug][command:506d571e-4bf7-4d9b-b3bc-cd9f0f89673c][tid:32][com.facebook.buck.io.ExecutableFinder] Executable 'python' mapped to 'Optional[/usr/bin/python]'
[2017-10-04 14:59:37.989][debug][command:506d571e-4bf7-4d9b-b3bc-cd9f0f89673c][tid:32][com.facebook.buck.apple.ProvisioningProfileStore] Provisioning profile search path: /Users/kieranlafferty/Library/MobileDevice/Provisioning Profiles
[2017-10-04 14:59:38.277][debug][command:506d571e-4bf7-4d9b-b3bc-cd9f0f89673c][tid:32][com.facebook.buck.json.BuckPythonProgram] Writing python rules stub to /Users/kieranlafferty/Desktop/BuckTest/buck-out/tmp/buck_run.2RrAkp/buck_python_program7833035371752593741.
[2017-10-04 14:59:39.010][debug][command:506d571e-4bf7-4d9b-b3bc-cd9f0f89673c][tid:32][com.facebook.buck.json.BuckPythonProgram] Created temporary buck.py instance at /Users/kieranlafferty/Desktop/BuckTest/buck-out/tmp/buck_run.2RrAkp/buck_python_program7833035371752593741.
[2017-10-04 14:59:39.015][debug][command:506d571e-4bf7-4d9b-b3bc-cd9f0f89673c][tid:32][com.facebook.buck.json.PythonDslProjectBuildFileParser] Starting buck.py command: [/usr/bin/python, -u, /Users/kieranlafferty/Desktop/BuckTest/buck-out/tmp/buck_run.2RrAkp/buck_python_program7833035371752593741/__main__.py, --allow_empty_globs, --watchman_glob_stat_results, --project_root, /Users/kieranlafferty/Desktop/BuckTest, --cell_name, , --build_file_name, BUCK, --quiet, --config, /Users/kieranlafferty/Desktop/BuckTest/buck-out/tmp/buck_run.2RrAkp/raw_config3762156440011964384.json, --ignore_paths, /Users/kieranlafferty/Desktop/BuckTest/buck-out/tmp/buck_run.2RrAkp/ignore_paths3086628738982280395.json] environment: Optional[{IRBRC=/Users/kieranlafferty/.rvm/rubies/ruby-2.4.0/.irbrc, PATH=/Users/kieranlafferty/.rvm/gems/ruby-2.4.0/bin:/Users/kieranlafferty/.rvm/gems/ruby-2.4.0@global/bin:/Users/kieranlafferty/.rvm/rubies/ruby-2.4.0/bin:/usr/local/bin:/usr/bin:/bin:/usr/sbin:/sbin:/Users/kieranlafferty/.rvm/bin:/Users/kieranlafferty/.rvm/bin, JAVA_ARCH=x86_64, _system_arch=x86_64, rvm_bin_path=/Users/kieranlafferty/.rvm/bin, BUCK_CLASSPATH=/Users/kieranlafferty/Desktop/BuckTest/.buckd/resources/v2017.10.01.01/buck_server, TERM=xterm-256color, rvm_prefix=/Users/kieranlafferty, LANG=en_US.UTF-8, VERSIONER_PYTHON_VERSION=2.7, BUCK_BUILD_ID=506d571e-4bf7-4d9b-b3bc-cd9f0f89673c, LOGNAME=kieranlafferty, rvm_version=1.29.2 (latest), JAVA_MAIN_CLASS_13571=com.facebook.buck.cli.bootstrapper.ClassLoaderBootstrapper, XPC_SERVICE_NAME=0, PWD=/Users/kieranlafferty/Desktop/BuckTest/Apps/BuckSwiftDemo, TERM_PROGRAM_VERSION=388.1.1, _=/usr/local/bin/buck, SHELL=/bin/bash, NVM_DIR=/Users/kieranlafferty/.nvm, TERM_PROGRAM=Apple_Terminal, _system_type=Darwin, MY_RUBY_HOME=/Users/kieranlafferty/.rvm/rubies/ruby-2.4.0, BUCK_PYTHON_SPACE_INIT_TIME=7, _system_version=10.12, OLDPWD=/Users/kieranlafferty/Desktop/BuckTest/Apps, GEM_HOME=/Users/kieranlafferty/.rvm/gems/ruby-2.4.0, USER=kieranlafferty, VERSIONER_PYTHON_PREFER_32_BIT=no, CLASSPATH=/Users/kieranlafferty/Desktop/BuckTest/.buckd/resources/v2017.10.01.01/bootstrapper_jar, BUCK_TERM_COLUMNS=235, TMPDIR=/var/folders/zz/v2fpp8m54y1dq0qh5yt0hqvr0000gn/T/, rvm_path=/Users/kieranlafferty/.rvm, SSH_AUTH_SOCK=/private/tmp/com.apple.launchd.6ZK0SrMSVY/Listeners, GEM_PATH=/Users/kieranlafferty/.rvm/gems/ruby-2.4.0:/Users/kieranlafferty/.rvm/gems/ruby-2.4.0@global, XPC_FLAGS=0x0, RUBY_VERSION=ruby-2.4.0, TERM_SESSION_ID=CB4A996C-E3FC-48E1-BE88-F3365BBC9D63, BUCK_TTY=1, _system_name=OSX, __CF_USER_TEXT_ENCODING=0x1F5:0x0:0x0, Apple_PubSub_Socket_Render=/private/tmp/com.apple.launchd.2MgsOd4gbP/Render, com.apple.java.jvmTask=CommandLine, SHLVL=1, HOME=/Users/kieranlafferty}]
[2017-10-04 14:59:39.020][debug][command:506d571e-4bf7-4d9b-b3bc-cd9f0f89673c][tid:32][com.facebook.buck.json.PythonDslProjectBuildFileParser] Started process com.facebook.buck.util.ProcessExecutor$LaunchedProcessImpl@41d52436 successfully
[2017-10-04 14:59:39.439][debug][command:null][tid:43][com.facebook.buck.json.PythonDslProjectBuildFileParser] Closing buck.py process stdin
[2017-10-04 14:59:39.443][debug][command:506d571e-4bf7-4d9b-b3bc-cd9f0f89673c][tid:01][com.facebook.buck.rules.ActionGraphCache] Computing TargetGraph HashCode...
[2017-10-04 14:59:39.445][info ][command:506d571e-4bf7-4d9b-b3bc-cd9f0f89673c][tid:01][com.facebook.buck.rules.ActionGraphCache] ActionGraph cache miss. Cache was empty.
[2017-10-04 14:59:39.462][debug][command:null][tid:43][com.facebook.buck.json.PythonDslProjectBuildFileParser] Waiting for process com.facebook.buck.util.ProcessExecutor$LaunchedProcessImpl@41d52436 to exit...
[2017-10-04 14:59:39.463][debug][command:null][tid:43][com.facebook.buck.json.PythonDslProjectBuildFileParser] Process com.facebook.buck.util.ProcessExecutor$LaunchedProcessImpl@41d52436 exited cleanly.
[2017-10-04 14:59:39.713][info ][command:506d571e-4bf7-4d9b-b3bc-cd9f0f89673c][tid:01][com.facebook.buck.rules.ActionGraphCache] ActionGraph cache assignment. skipActionGraphCache? false
[2017-10-04 14:59:39.737][debug][command:506d571e-4bf7-4d9b-b3bc-cd9f0f89673c][tid:01][com.facebook.buck.cli.MetadataChecker] Checking metadata_storage for /Users/kieranlafferty/Desktop/BuckTest
[2017-10-04 14:59:39.873][warn ][command:506d571e-4bf7-4d9b-b3bc-cd9f0f89673c][tid:40][com.facebook.buck.rules.keys.RuleKeyBuilder] Attempting to add absolute path to rule key. Only using file name: /usr/bin/codesign
[2017-10-04 14:59:39.914][debug][command:506d571e-4bf7-4d9b-b3bc-cd9f0f89673c][tid:41][com.facebook.buck.rules.CachingBuildRuleBuilder] Cache miss for '//Apps/BuckSwiftDemo:BuckSwiftDemo#dwarf-and-dsym,no-include-frameworks' with rulekey '3b011d055bd0097fe011d1dcdcb038750ab80326'
[2017-10-04 14:59:39.924][debug][command:506d571e-4bf7-4d9b-b3bc-cd9f0f89673c][tid:42][com.facebook.buck.rules.CachingBuildRuleBuilder] Cache miss for '//Apps/BuckSwiftDemo:BuckSwiftDemoBinary#iphonesimulator-x86_64,strip-non-global,stripped' with rulekey 'a8246e242a5740fd5adc45fcd241eb8d7633fa47'
[2017-10-04 14:59:39.924][debug][command:506d571e-4bf7-4d9b-b3bc-cd9f0f89673c][tid:38][com.facebook.buck.rules.CachingBuildRuleBuilder] Cache miss for '//Apps/BuckSwiftDemo:BuckSwiftDemoBinary#apple-dsym,iphonesimulator-x86_64' with rulekey '8c9e6b001e7f0b5d530f14770aa7f3a4f8fc13af'
[2017-10-04 14:59:39.924][debug][command:506d571e-4bf7-4d9b-b3bc-cd9f0f89673c][tid:39][com.facebook.buck.rules.CachingBuildRuleBuilder] Cache miss for '//Apps/BuckSwiftDemo:BuckSwiftDemoBinary#iphonesimulator-x86_64,strip-non-global' with rulekey '0f05ba04bc7e1a506dddeefcfe1358756b24c72d'
[2017-10-04 14:59:39.923][debug][command:506d571e-4bf7-4d9b-b3bc-cd9f0f89673c][tid:36][com.facebook.buck.rules.CachingBuildRuleBuilder] Cache miss for '//Apps/BuckSwiftDemo:BuckSwiftDemoBinary#apple-debuggable-binary,dwarf-and-dsym,iphonesimulator-x86_64,strip-non-global' with rulekey '3daf80da1d91c3aea243bcda65814eab3b0887fd'
[2017-10-04 14:59:39.926][debug][command:506d571e-4bf7-4d9b-b3bc-cd9f0f89673c][tid:36][com.facebook.buck.rules.CachingBuildRuleBuilder] Cache miss for '//Apps/BuckSwiftDemo:BuckSwiftDemoBinary#binary,iphonesimulator-x86_64' with rulekey '5858bc739fdd1f997b42fd0023ad219387b72eb4'
[2017-10-04 14:59:39.926][debug][command:506d571e-4bf7-4d9b-b3bc-cd9f0f89673c][tid:40][com.facebook.buck.rules.CachingBuildRuleBuilder] Cache miss for '//Apps/BuckSwiftDemo:BuckSwiftDemoLibrary#iphonesimulator-x86_64,static' with rulekey 'eb6a7c232991aea9e090d50149c3e816badad0c1'
[2017-10-04 14:59:39.927][debug][command:506d571e-4bf7-4d9b-b3bc-cd9f0f89673c][tid:42][com.facebook.buck.rules.CachingBuildRuleBuilder] Cache miss for '//Apps/BuckSwiftDemo:BuckSwiftDemoBinary#iphonesimulator-x86_64' with rulekey '4d7d6380a1d8b45de44a64757fe8827231410752'
[2017-10-04 14:59:39.928][debug][command:506d571e-4bf7-4d9b-b3bc-cd9f0f89673c][tid:40][com.facebook.buck.rules.CachingBuildRuleBuilder] Cache miss for '//Apps/BuckSwiftDemo:BuckSwiftDemoBinary#compile-main.m.oefe8068e,iphonesimulator-x86_64' with rulekey '1d2b4d5a70fa711b84216c6b0d5eff32a8482270'
[2017-10-04 14:59:39.929][debug][command:506d571e-4bf7-4d9b-b3bc-cd9f0f89673c][tid:38][com.facebook.buck.rules.CachingBuildRuleBuilder] Cache miss for '//Apps/BuckSwiftDemo:BuckSwiftDemoLibrary#apple-swift-compile,iphonesimulator-x86_64' with rulekey 'c1832233a416bfa973d793f2ba86efaa8f9322d4'
[2017-10-04 14:59:39.943][debug][command:506d571e-4bf7-4d9b-b3bc-cd9f0f89673c][tid:38][com.facebook.buck.rules.CachingBuildRuleBuilder] Building locally: //Apps/BuckSwiftDemo:BuckSwiftDemoLibrary#apple-swift-compile,iphonesimulator-x86_64
[2017-10-04 14:59:39.967][debug][command:506d571e-4bf7-4d9b-b3bc-cd9f0f89673c][tid:38][com.facebook.buck.swift.SwiftCompileStep] [/Applications/Xcode.app/Contents/Developer/Toolchains/XcodeDefault.xctoolchain/usr/bin/swiftc, -frontend, -sdk, /Applications/Xcode.app/Contents/Developer/Platforms/iPhoneSimulator.platform/Developer/SDKs/iPhoneSimulator.sdk, -target, x86_64-apple-ios10.0, -c, -enable-objc-interop, -parse-as-library, -module-name, BuckSwiftDemoLibrary, -emit-module, -emit-module-path, buck-out/gen/Apps/BuckSwiftDemo/BuckSwiftDemoLibrary#apple-swift-compile,iphonesimulator-x86_64/BuckSwiftDemoLibrary.swiftmodule, -o, buck-out/gen/Apps/BuckSwiftDemo/BuckSwiftDemoLibrary#apple-swift-compile,iphonesimulator-x86_64/BuckSwiftDemoLibrary.o, -emit-objc-header-path, buck-out/gen/Apps/BuckSwiftDemo/BuckSwiftDemoLibrary#apple-swift-compile,iphonesimulator-x86_64/BuckSwiftDemoLibrary-Swift.h, -swift-version, 3, -DBUCK, -whole-module-optimization, -enable-testing, -suppress-warnings, Apps/BuckSwiftDemo/BuckSwiftDemo/AppDelegate.swift, Apps/BuckSwiftDemo/BuckSwiftDemo/ViewController.swift]
[2017-10-04 14:59:39.967][debug][command:506d571e-4bf7-4d9b-b3bc-cd9f0f89673c][tid:38][com.facebook.buck.util.ListeningProcessExecutor] Launching process with params ProcessExecutorParams{command=[/Applications/Xcode.app/Contents/Developer/Toolchains/XcodeDefault.xctoolchain/usr/bin/swiftc, -frontend, -sdk, /Applications/Xcode.app/Contents/Developer/Platforms/iPhoneSimulator.platform/Developer/SDKs/iPhoneSimulator.sdk, -target, x86_64-apple-ios10.0, -c, -enable-objc-interop, -parse-as-library, -module-name, BuckSwiftDemoLibrary, -emit-module, -emit-module-path, buck-out/gen/Apps/BuckSwiftDemo/BuckSwiftDemoLibrary#apple-swift-compile,iphonesimulator-x86_64/BuckSwiftDemoLibrary.swiftmodule, -o, buck-out/gen/Apps/BuckSwiftDemo/BuckSwiftDemoLibrary#apple-swift-compile,iphonesimulator-x86_64/BuckSwiftDemoLibrary.o, -emit-objc-header-path, buck-out/gen/Apps/BuckSwiftDemo/BuckSwiftDemoLibrary#apple-swift-compile,iphonesimulator-x86_64/BuckSwiftDemoLibrary-Swift.h, -swift-version, 3, -DBUCK, -whole-module-optimization, -enable-testing, -suppress-warnings, Apps/BuckSwiftDemo/BuckSwiftDemo/AppDelegate.swift, Apps/BuckSwiftDemo/BuckSwiftDemo/ViewController.swift], directory=/Users/kieranlafferty/Desktop/BuckTest, environment={}}
[2017-10-04 14:59:39.976][debug][command:506d571e-4bf7-4d9b-b3bc-cd9f0f89673c][tid:38][com.facebook.buck.util.ListeningProcessExecutor] Successfully launched process com.zaxxer.nuprocess.osx.OsxProcess@5556605a
[2017-10-04 14:59:39.976][debug][command:506d571e-4bf7-4d9b-b3bc-cd9f0f89673c][tid:38][com.facebook.buck.util.ListeningProcessExecutor] Waiting for process com.facebook.buck.util.ListeningProcessExecutor$LaunchedProcessImpl@65a3136d timeout 0 SECONDS
[2017-10-04 14:59:40.167][debug][command:506d571e-4bf7-4d9b-b3bc-cd9f0f89673c][tid:38][com.facebook.buck.util.ListeningProcessExecutor] Wait for process returned 0
[2017-10-04 14:59:40.167][debug][command:506d571e-4bf7-4d9b-b3bc-cd9f0f89673c][tid:38][com.facebook.buck.rules.CachingBuildRuleBuilder] Build completed: swift_compile //Apps/BuckSwiftDemo:BuckSwiftDemoLibrary#apple-swift-compile,iphonesimulator-x86_64 (223894352ns)
[2017-10-04 14:59:40.189][debug][command:506d571e-4bf7-4d9b-b3bc-cd9f0f89673c][tid:37][com.facebook.buck.rules.CachingBuildRuleBuilder] Building locally: //Apps/BuckSwiftDemo:BuckSwiftDemoBinary#iphonesimulator-x86_64,preprocessor-deps
[2017-10-04 14:59:40.189][debug][command:506d571e-4bf7-4d9b-b3bc-cd9f0f89673c][tid:37][com.facebook.buck.rules.CachingBuildRuleBuilder] Build completed: dependency_aggregation //Apps/BuckSwiftDemo:BuckSwiftDemoBinary#iphonesimulator-x86_64,preprocessor-deps (60197ns)
[2017-10-04 14:59:40.191][debug][command:506d571e-4bf7-4d9b-b3bc-cd9f0f89673c][tid:36][com.facebook.buck.rules.CachingBuildRuleBuilder] Cache miss for '//Apps/BuckSwiftDemo:BuckSwiftDemoLibrary#iphonesimulator-x86_64,static' with rulekey 'fbc1a45c690c60f76bfa09456febe04f6e5100e0'
[2017-10-04 14:59:40.191][debug][command:506d571e-4bf7-4d9b-b3bc-cd9f0f89673c][tid:36][com.facebook.buck.rules.CachingBuildRuleBuilder] Building locally: //Apps/BuckSwiftDemo:BuckSwiftDemoLibrary#iphonesimulator-x86_64,static
[2017-10-04 14:59:40.198][debug][command:506d571e-4bf7-4d9b-b3bc-cd9f0f89673c][tid:39][com.facebook.buck.rules.CachingBuildRuleBuilder] Cache miss for '//Apps/BuckSwiftDemo:BuckSwiftDemoBinary#compile-main.m.oefe8068e,iphonesimulator-x86_64' with rulekey 'c2e251530cbf57cfae63db3a66f7ed71e2e2e4ef'
[2017-10-04 14:59:40.232][debug][command:506d571e-4bf7-4d9b-b3bc-cd9f0f89673c][tid:36][com.facebook.buck.shell.ShellStep] Command: /Applications/Xcode.app/Contents/Developer/Toolchains/XcodeDefault.xctoolchain/usr/bin/ranlib buck-out/gen/Apps/BuckSwiftDemo/BuckSwiftDemoLibrary#iphonesimulator-x86_64,static/libBuckSwiftDemoLibrary.a
[2017-10-04 14:59:40.245][debug][command:506d571e-4bf7-4d9b-b3bc-cd9f0f89673c][tid:36][com.facebook.buck.shell.ShellStep] [/Applications/Xcode.app/Contents/Developer/Toolchains/XcodeDefault.xctoolchain/usr/bin/ranlib, buck-out/gen/Apps/BuckSwiftDemo/BuckSwiftDemoLibrary#iphonesimulator-x86_64,static/libBuckSwiftDemoLibrary.a]: exit code: 0. os load (before, after): (1.778809, 1.778809). CPU count: 8. (no output)
[2017-10-04 14:59:40.247][debug][command:506d571e-4bf7-4d9b-b3bc-cd9f0f89673c][tid:36][com.facebook.buck.rules.CachingBuildRuleBuilder] Build completed: archive //Apps/BuckSwiftDemo:BuckSwiftDemoLibrary#iphonesimulator-x86_64,static (55217799ns)
[2017-10-04 14:59:40.285][debug][command:506d571e-4bf7-4d9b-b3bc-cd9f0f89673c][tid:32][com.facebook.buck.rules.CachingBuildRuleBuilder] Building locally: //Apps/BuckSwiftDemo:BuckSwiftDemoBinary#compile-main.m.oefe8068e,iphonesimulator-x86_64
[2017-10-04 14:59:40.310][debug][command:506d571e-4bf7-4d9b-b3bc-cd9f0f89673c][tid:32][com.facebook.buck.cxx.CxxPreprocessAndCompileStep] preprocess_and_compile Apps/BuckSwiftDemo/BuckSwiftDemo/main.m -> buck-out/gen/Apps/BuckSwiftDemo/BuckSwiftDemoBinary#compile-main.m.oefe8068e,iphonesimulator-x86_64/BuckSwiftDemo/main.m.o
[2017-10-04 14:59:40.317][debug][command:506d571e-4bf7-4d9b-b3bc-cd9f0f89673c][tid:32][com.facebook.buck.cxx.CxxPreprocessAndCompileStep] Running command (pwd=Optional[/Users/kieranlafferty/Desktop/BuckTest]): (verbosity level disables command output)
[2017-10-04 14:59:40.401][debug][command:506d571e-4bf7-4d9b-b3bc-cd9f0f89673c][tid:32][com.facebook.buck.rules.CachingBuildRuleBuilder] Build completed: cxx_preprocess_compile //Apps/BuckSwiftDemo:BuckSwiftDemoBinary#compile-main.m.oefe8068e,iphonesimulator-x86_64 (116332968ns)
[2017-10-04 14:59:40.404][debug][command:506d571e-4bf7-4d9b-b3bc-cd9f0f89673c][tid:41][com.facebook.buck.cxx.Depfiles] Processing dependency file buck-out/gen/Apps/BuckSwiftDemo/BuckSwiftDemoBinary#compile-main.m.oefe8068e,iphonesimulator-x86_64/BuckSwiftDemo/main.m.o.dep as Makefile
[2017-10-04 14:59:40.477][debug][command:506d571e-4bf7-4d9b-b3bc-cd9f0f89673c][tid:38][com.facebook.buck.rules.CachingBuildRuleBuilder] Cache miss for '//Apps/BuckSwiftDemo:BuckSwiftDemoBinary#binary,iphonesimulator-x86_64' with rulekey '0028d1fb645df2049267a4e6584a8ca42aa1128b'
[2017-10-04 14:59:40.478][debug][command:506d571e-4bf7-4d9b-b3bc-cd9f0f89673c][tid:38][com.facebook.buck.rules.CachingBuildRuleBuilder] Building locally: //Apps/BuckSwiftDemo:BuckSwiftDemoBinary#binary,iphonesimulator-x86_64
[2017-10-04 14:59:40.486][debug][command:506d571e-4bf7-4d9b-b3bc-cd9f0f89673c][tid:38][com.facebook.buck.cxx.CxxPrepareForLinkStep] Link command (pwd=/Users/kieranlafferty/Desktop/BuckTest): /Applications/Xcode.app/Contents/Developer/Toolchains/XcodeDefault.xctoolchain/usr/bin/clang++ -o buck-out/gen/Apps/BuckSwiftDemo/BuckSwiftDemoBinary#iphonesimulator-x86_64 -Xlinker -map -Xlinker buck-out/gen/Apps/BuckSwiftDemo/BuckSwiftDemoBinary#iphonesimulator-x86_64-LinkMap.txt -isysroot /Applications/Xcode.app/Contents/Developer/Platforms/iPhoneSimulator.platform/Developer/SDKs/iPhoneSimulator.sdk -arch x86_64 -mios-simulator-version-min=10.0 -iquote /Users/kieranlafferty/Desktop/BuckTest -Wl,-sdk_version -Wl,11.0 -Wl,-ObjC buck-out/gen/Apps/BuckSwiftDemo/BuckSwiftDemoBinary#compile-main.m.oefe8068e,iphonesimulator-x86_64/BuckSwiftDemo/main.m.o buck-out/gen/Apps/BuckSwiftDemo/BuckSwiftDemoLibrary#iphonesimulator-x86_64,static/libBuckSwiftDemoLibrary.a -Xlinker -rpath -Xlinker @executable_path/Frameworks -Xlinker -rpath -Xlinker @loader_path/Frameworks -L /Applications/Xcode.app/Contents/Developer/Toolchains/XcodeDefault.xctoolchain/usr/lib/swift/iphonesimulator -F /Applications/Xcode.app/Contents/Developer/Platforms/iPhoneSimulator.platform/Developer/SDKs/iPhoneSimulator.sdk/System/Library/Frameworks -framework Foundation -framework UIKit -Xlinker -filelist -Xlinker /Users/kieranlafferty/Desktop/BuckTest/buck-out/bin/Apps/BuckSwiftDemo/BuckSwiftDemoBinary#binary,iphonesimulator-x86_64__filelist.txt
[2017-10-04 14:59:40.499][debug][command:506d571e-4bf7-4d9b-b3bc-cd9f0f89673c][tid:38][com.facebook.buck.shell.ShellStep] Command: /Applications/Xcode.app/Contents/Developer/Toolchains/XcodeDefault.xctoolchain/usr/bin/clang++ @/Users/kieranlafferty/Desktop/BuckTest/buck-out/bin/Apps/BuckSwiftDemo/BuckSwiftDemoBinary#binary,iphonesimulator-x86_64.argsfile
[2017-10-04 14:59:40.629][debug][command:506d571e-4bf7-4d9b-b3bc-cd9f0f89673c][tid:38][com.facebook.buck.shell.ShellStep] [/Applications/Xcode.app/Contents/Developer/Toolchains/XcodeDefault.xctoolchain/usr/bin/clang++, @/Users/kieranlafferty/Desktop/BuckTest/buck-out/bin/Apps/BuckSwiftDemo/BuckSwiftDemoBinary#binary,iphonesimulator-x86_64.argsfile]: exit code: 0. os load (before, after): (1.778809, 1.778809). CPU count: 8. (no output)
[2017-10-04 14:59:40.651][debug][command:506d571e-4bf7-4d9b-b3bc-cd9f0f89673c][tid:38][com.facebook.buck.rules.CachingBuildRuleBuilder] Build completed: cxx_link //Apps/BuckSwiftDemo:BuckSwiftDemoBinary#binary,iphonesimulator-x86_64 (172733149ns)
[2017-10-04 14:59:40.658][debug][command:506d571e-4bf7-4d9b-b3bc-cd9f0f89673c][tid:41][com.facebook.buck.rules.CachingBuildRuleBuilder] Cache miss for '//Apps/BuckSwiftDemo:BuckSwiftDemoBinary#iphonesimulator-x86_64' with rulekey '974e45e0bca33f74e947901c2fbda1885f008a07'
[2017-10-04 14:59:40.658][debug][command:506d571e-4bf7-4d9b-b3bc-cd9f0f89673c][tid:32][com.facebook.buck.rules.CachingBuildRuleBuilder] Cache miss for '//Apps/BuckSwiftDemo:BuckSwiftDemoBinary#iphonesimulator-x86_64,strip-non-global,stripped' with rulekey '119d12fdc277b454341ac8043b5b16a38e0df6ef'
[2017-10-04 14:59:40.659][debug][command:506d571e-4bf7-4d9b-b3bc-cd9f0f89673c][tid:40][com.facebook.buck.rules.CachingBuildRuleBuilder] Building locally: //Apps/BuckSwiftDemo:BuckSwiftDemoBinary#iphonesimulator-x86_64
[2017-10-04 14:59:40.659][debug][command:506d571e-4bf7-4d9b-b3bc-cd9f0f89673c][tid:37][com.facebook.buck.rules.CachingBuildRuleBuilder] Building locally: //Apps/BuckSwiftDemo:BuckSwiftDemoBinary#iphonesimulator-x86_64,strip-non-global,stripped
[2017-10-04 14:59:40.659][debug][command:506d571e-4bf7-4d9b-b3bc-cd9f0f89673c][tid:40][com.facebook.buck.rules.CachingBuildRuleBuilder] Build completed: cxx_binary //Apps/BuckSwiftDemo:BuckSwiftDemoBinary#iphonesimulator-x86_64 (75970ns)
[2017-10-04 14:59:40.664][debug][command:506d571e-4bf7-4d9b-b3bc-cd9f0f89673c][tid:39][com.facebook.buck.rules.CachingBuildRuleBuilder] Cache miss for '//Apps/BuckSwiftDemo:BuckSwiftDemoBinary#apple-dsym,iphonesimulator-x86_64' with rulekey '304312c8f33a6d0a242172fb4fba6dac2ee3c540'
[2017-10-04 14:59:40.665][debug][command:506d571e-4bf7-4d9b-b3bc-cd9f0f89673c][tid:32][com.facebook.buck.rules.CachingBuildRuleBuilder] Building locally: //Apps/BuckSwiftDemo:BuckSwiftDemoBinary#apple-dsym,iphonesimulator-x86_64
[2017-10-04 14:59:40.668][debug][command:506d571e-4bf7-4d9b-b3bc-cd9f0f89673c][tid:37][com.facebook.buck.shell.ShellStep] Command: /Applications/Xcode.app/Contents/Developer/Toolchains/XcodeDefault.xctoolchain/usr/bin/strip -x /Users/kieranlafferty/Desktop/BuckTest/buck-out/gen/Apps/BuckSwiftDemo/BuckSwiftDemoBinary#iphonesimulator-x86_64,strip-non-global,stripped
[2017-10-04 14:59:40.668][debug][command:506d571e-4bf7-4d9b-b3bc-cd9f0f89673c][tid:32][com.facebook.buck.shell.ShellStep] Command: /Applications/Xcode.app/Contents/Developer/Toolchains/XcodeDefault.xctoolchain/usr/bin/dsymutil -o /Users/kieranlafferty/Desktop/BuckTest/buck-out/gen/Apps/BuckSwiftDemo/BuckSwiftDemoBinary#apple-dsym,iphonesimulator-x86_64.dSYM /Users/kieranlafferty/Desktop/BuckTest/buck-out/gen/Apps/BuckSwiftDemo/BuckSwiftDemoBinary#iphonesimulator-x86_64
[2017-10-04 14:59:40.687][debug][command:506d571e-4bf7-4d9b-b3bc-cd9f0f89673c][tid:37][com.facebook.buck.shell.ShellStep] [/Applications/Xcode.app/Contents/Developer/Toolchains/XcodeDefault.xctoolchain/usr/bin/strip, -x, /Users/kieranlafferty/Desktop/BuckTest/buck-out/gen/Apps/BuckSwiftDemo/BuckSwiftDemoBinary#iphonesimulator-x86_64,strip-non-global,stripped]: exit code: 0. os load (before, after): (1.778809, 1.778809). CPU count: 8. (no output)
[2017-10-04 14:59:40.688][debug][command:506d571e-4bf7-4d9b-b3bc-cd9f0f89673c][tid:37][com.facebook.buck.rules.CachingBuildRuleBuilder] Build completed: cxx_strip //Apps/BuckSwiftDemo:BuckSwiftDemoBinary#iphonesimulator-x86_64,strip-non-global,stripped (28974391ns)
[2017-10-04 14:59:40.695][debug][command:506d571e-4bf7-4d9b-b3bc-cd9f0f89673c][tid:40][com.facebook.buck.rules.CachingBuildRuleBuilder] Cache miss for '//Apps/BuckSwiftDemo:BuckSwiftDemoBinary#iphonesimulator-x86_64,strip-non-global' with rulekey '51af59ee203d9775bf1c737db06940216eb28f02'
[2017-10-04 14:59:40.696][debug][command:506d571e-4bf7-4d9b-b3bc-cd9f0f89673c][tid:40][com.facebook.buck.rules.CachingBuildRuleBuilder] Building locally: //Apps/BuckSwiftDemo:BuckSwiftDemoBinary#iphonesimulator-x86_64,strip-non-global
[2017-10-04 14:59:40.696][debug][command:506d571e-4bf7-4d9b-b3bc-cd9f0f89673c][tid:40][com.facebook.buck.rules.CachingBuildRuleBuilder] Build completed: cxx_binary //Apps/BuckSwiftDemo:BuckSwiftDemoBinary#iphonesimulator-x86_64,strip-non-global (35421ns)
[2017-10-04 14:59:40.908][debug][command:506d571e-4bf7-4d9b-b3bc-cd9f0f89673c][tid:32][com.facebook.buck.shell.ShellStep] [/Applications/Xcode.app/Contents/Developer/Toolchains/XcodeDefault.xctoolchain/usr/bin/dsymutil, -o, /Users/kieranlafferty/Desktop/BuckTest/buck-out/gen/Apps/BuckSwiftDemo/BuckSwiftDemoBinary#apple-dsym,iphonesimulator-x86_64.dSYM, /Users/kieranlafferty/Desktop/BuckTest/buck-out/gen/Apps/BuckSwiftDemo/BuckSwiftDemoBinary#iphonesimulator-x86_64]: exit code: 0. os load (before, after): (1.778809, 1.778809). CPU count: 8. (no output)
[2017-10-04 14:59:40.908][debug][command:506d571e-4bf7-4d9b-b3bc-cd9f0f89673c][tid:32][com.facebook.buck.rules.CachingBuildRuleBuilder] Build completed: apple_dsym //Apps/BuckSwiftDemo:BuckSwiftDemoBinary#apple-dsym,iphonesimulator-x86_64 (243582723ns)
[2017-10-04 14:59:40.910][debug][command:506d571e-4bf7-4d9b-b3bc-cd9f0f89673c][tid:41][com.facebook.buck.rules.CachingBuildRuleBuilder] Running post-build steps for //Apps/BuckSwiftDemo:BuckSwiftDemoBinary#apple-dsym,iphonesimulator-x86_64
[2017-10-04 14:59:41.242][debug][command:506d571e-4bf7-4d9b-b3bc-cd9f0f89673c][tid:41][com.facebook.buck.rules.CachingBuildRuleBuilder] Finished running post-build steps for //Apps/BuckSwiftDemo:BuckSwiftDemoBinary#apple-dsym,iphonesimulator-x86_64
[2017-10-04 14:59:41.245][debug][command:506d571e-4bf7-4d9b-b3bc-cd9f0f89673c][tid:42][com.facebook.buck.rules.CachingBuildRuleBuilder] Building locally: //Apps/BuckSwiftDemo:BuckSwiftDemoBinary#apple-debuggable-binary,dwarf-and-dsym,iphonesimulator-x86_64,strip-non-global
[2017-10-04 14:59:41.245][debug][command:506d571e-4bf7-4d9b-b3bc-cd9f0f89673c][tid:42][com.facebook.buck.rules.CachingBuildRuleBuilder] Build completed: apple_debuggable_binary //Apps/BuckSwiftDemo:BuckSwiftDemoBinary#apple-debuggable-binary,dwarf-and-dsym,iphonesimulator-x86_64,strip-non-global (34292ns)
[2017-10-04 14:59:41.248][debug][command:506d571e-4bf7-4d9b-b3bc-cd9f0f89673c][tid:37][com.facebook.buck.rules.CachingBuildRuleBuilder] Building locally: //Apps/BuckSwiftDemo:BuckSwiftDemo#dwarf-and-dsym,no-include-frameworks
[2017-10-04 14:59:41.268][debug][command:506d571e-4bf7-4d9b-b3bc-cd9f0f89673c][tid:37][com.facebook.buck.rules.CachingBuildRuleBuilder] Building rule [//Apps/BuckSwiftDemo:BuckSwiftDemo#dwarf-and-dsym,no-include-frameworks] failed.
com.facebook.buck.step.StepFailedException: Unrecognized plist variable: $(DEVELOPMENT_LANGUAGE)
  When running <sed>.
	at com.facebook.buck.step.StepFailedException.createForFailingStepWithException(StepFailedException.java:63)
	at com.facebook.buck.step.DefaultStepRunner.runStepForBuildTarget(DefaultStepRunner.java:47)
	at com.facebook.buck.rules.CachingBuildRuleBuilder$BuildRuleSteps.executeCommandsNowThatDepsAreBuilt(CachingBuildRuleBuilder.java:1694)
	at com.facebook.buck.rules.CachingBuildRuleBuilder$BuildRuleSteps.run(CachingBuildRuleBuilder.java:1647)
	at com.facebook.buck.util.concurrent.WeightedListeningExecutorService.lambda$submit$2(WeightedListeningExecutorService.java:104)
	at com.facebook.buck.util.concurrent.WeightedListeningExecutorService.lambda$submitWithSemaphore$0(WeightedListeningExecutorService.java:78)
	at com.google.common.util.concurrent.AbstractTransformFuture$AsyncTransformFuture.doTransform(AbstractTransformFuture.java:211)
	at com.google.common.util.concurrent.AbstractTransformFuture$AsyncTransformFuture.doTransform(AbstractTransformFuture.java:200)
	at com.google.common.util.concurrent.AbstractTransformFuture.run(AbstractTransformFuture.java:130)
	at com.google.common.util.concurrent.MoreExecutors$5$1.run(MoreExecutors.java:988)
	at java.util.concurrent.ThreadPoolExecutor.runWorker(ThreadPoolExecutor.java:1142)
	at java.util.concurrent.ThreadPoolExecutor$Worker.run(ThreadPoolExecutor.java:617)
	at java.lang.Thread.run(Thread.java:748)
Caused by: com.facebook.buck.util.HumanReadableException: Unrecognized plist variable: $(DEVELOPMENT_LANGUAGE)
	at com.facebook.buck.apple.InfoPlistSubstitution.replaceVariablesInString(InfoPlistSubstitution.java:142)
	at com.facebook.buck.apple.InfoPlistSubstitution.replaceVariablesInString(InfoPlistSubstitution.java:112)
	at com.facebook.buck.apple.InfoPlistSubstitution.lambda$createVariableExpansionFunction$0(InfoPlistSubstitution.java:169)
	at com.facebook.buck.step.fs.FindAndReplaceStep.execute(FindAndReplaceStep.java:55)
	at com.facebook.buck.step.DefaultStepRunner.runStepForBuildTarget(DefaultStepRunner.java:45)
	... 11 more

[2017-10-04 14:59:41.275][debug][command:506d571e-4bf7-4d9b-b3bc-cd9f0f89673c][tid:01][com.facebook.buck.util.ErrorLogger] Got an exception during the build.
com.facebook.buck.command.Build$BuildExecutionException: com.facebook.buck.util.exceptions.BuckUncheckedExecutionException: 
	at com.facebook.buck.command.Build.executeBuild(Build.java:221)
	at com.facebook.buck.command.Build.executeAndPrintFailuresToEventBus(Build.java:308)
	at com.facebook.buck.cli.BuildCommand.executeBuild(BuildCommand.java:971)
	at com.facebook.buck.cli.BuildCommand.executeLocalBuild(BuildCommand.java:912)
	at com.facebook.buck.cli.BuildCommand.executeBuildAndProcessResult(BuildCommand.java:511)
	at com.facebook.buck.cli.BuildCommand.run(BuildCommand.java:400)
	at com.facebook.buck.cli.BuildCommand.runWithoutHelp(BuildCommand.java:367)
	at com.facebook.buck.cli.AbstractCommand.run(AbstractCommand.java:231)
	at com.facebook.buck.cli.AbstractContainerCommand.run(AbstractContainerCommand.java:71)
	at com.facebook.buck.cli.BuckCommand.run(BuckCommand.java:81)
	at com.facebook.buck.cli.Main.runMainWithExitCode(Main.java:1047)
	at com.facebook.buck.cli.Main.runMainThenExit(Main.java:384)
	at com.facebook.buck.cli.Main.main(Main.java:1607)
	at sun.reflect.NativeMethodAccessorImpl.invoke0(Native Method)
	at sun.reflect.NativeMethodAccessorImpl.invoke(NativeMethodAccessorImpl.java:62)
	at sun.reflect.DelegatingMethodAccessorImpl.invoke(DelegatingMethodAccessorImpl.java:43)
	at java.lang.reflect.Method.invoke(Method.java:498)
	at com.facebook.buck.cli.bootstrapper.ClassLoaderBootstrapper.main(ClassLoaderBootstrapper.java:55)
Caused by: com.facebook.buck.util.exceptions.BuckUncheckedExecutionException: 
	at com.facebook.buck.rules.CachingBuildRuleBuilder.addBuildRuleContextToException(CachingBuildRuleBuilder.java:1016)
	at com.facebook.buck.rules.CachingBuildRuleBuilder.lambda$build$4(CachingBuildRuleBuilder.java:286)
	at com.google.common.util.concurrent.AbstractCatchingFuture$AsyncCatchingFuture.doFallback(AbstractCatchingFuture.java:175)
	at com.google.common.util.concurrent.AbstractCatchingFuture$AsyncCatchingFuture.doFallback(AbstractCatchingFuture.java:162)
	at com.google.common.util.concurrent.AbstractCatchingFuture.run(AbstractCatchingFuture.java:132)
	at com.google.common.util.concurrent.MoreExecutors$DirectExecutor.execute(MoreExecutors.java:435)
	at com.google.common.util.concurrent.AbstractFuture.executeListener(AbstractFuture.java:900)
	at com.google.common.util.concurrent.AbstractFuture.complete(AbstractFuture.java:811)
	at com.google.common.util.concurrent.AbstractFuture.setException(AbstractFuture.java:675)
	at com.google.common.util.concurrent.AbstractTransformFuture.run(AbstractTransformFuture.java:112)
	at com.google.common.util.concurrent.MoreExecutors$5$1.run(MoreExecutors.java:988)
	at com.facebook.buck.util.concurrent.WeightedListeningExecutorService.lambda$submit$2(WeightedListeningExecutorService.java:104)
	at com.facebook.buck.util.concurrent.WeightedListeningExecutorService.lambda$submitWithSemaphore$0(WeightedListeningExecutorService.java:78)
	at com.google.common.util.concurrent.AbstractTransformFuture$AsyncTransformFuture.doTransform(AbstractTransformFuture.java:211)
	at com.google.common.util.concurrent.AbstractTransformFuture$AsyncTransformFuture.doTransform(AbstractTransformFuture.java:200)
	at com.google.common.util.concurrent.AbstractTransformFuture.run(AbstractTransformFuture.java:130)
	at com.google.common.util.concurrent.MoreExecutors$5$1.run(MoreExecutors.java:988)
	at java.util.concurrent.ThreadPoolExecutor.runWorker(ThreadPoolExecutor.java:1142)
	at java.util.concurrent.ThreadPoolExecutor$Worker.run(ThreadPoolExecutor.java:617)
	at java.lang.Thread.run(Thread.java:748)
Caused by: com.facebook.buck.step.StepFailedException: Unrecognized plist variable: $(DEVELOPMENT_LANGUAGE)
  When running <sed>.
	at com.facebook.buck.step.StepFailedException.createForFailingStepWithException(StepFailedException.java:63)
	at com.facebook.buck.step.DefaultStepRunner.runStepForBuildTarget(DefaultStepRunner.java:47)
	at com.facebook.buck.rules.CachingBuildRuleBuilder$BuildRuleSteps.executeCommandsNowThatDepsAreBuilt(CachingBuildRuleBuilder.java:1694)
	at com.facebook.buck.rules.CachingBuildRuleBuilder$BuildRuleSteps.run(CachingBuildRuleBuilder.java:1647)
	... 9 more
Caused by: com.facebook.buck.util.HumanReadableException: Unrecognized plist variable: $(DEVELOPMENT_LANGUAGE)
	at com.facebook.buck.apple.InfoPlistSubstitution.replaceVariablesInString(InfoPlistSubstitution.java:142)
	at com.facebook.buck.apple.InfoPlistSubstitution.replaceVariablesInString(InfoPlistSubstitution.java:112)
	at com.facebook.buck.apple.InfoPlistSubstitution.lambda$createVariableExpansionFunction$0(InfoPlistSubstitution.java:169)
	at com.facebook.buck.step.fs.FindAndReplaceStep.execute(FindAndReplaceStep.java:55)
	at com.facebook.buck.step.DefaultStepRunner.runStepForBuildTarget(DefaultStepRunner.java:45)
	... 11 more

[2017-10-04 14:59:41.276][warn ][command:506d571e-4bf7-4d9b-b3bc-cd9f0f89673c][tid:25][com.facebook.buck.event.listener.LoggingBuildListener] Build failed: Unrecognized plist variable: $(DEVELOPMENT_LANGUAGE)
    When running <sed>.
    When building rule //Apps/BuckSwiftDemo:BuckSwiftDemo#dwarf-and-dsym,no-include-frameworks.
[2017-10-04 14:59:41.278][info ][command:506d571e-4bf7-4d9b-b3bc-cd9f0f89673c][tid:25][com.facebook.buck.event.listener.LoggingBuildListener] Build finished at 2017-10-04 14:59:41.278
[2017-10-04 14:59:41.279][info ][command:506d571e-4bf7-4d9b-b3bc-cd9f0f89673c][tid:01][com.facebook.buck.cli.Main] Awaiting termination of HTTP Write executor service. Waiting for all jobs to complete, or up to maximum of 1800 seconds...
[2017-10-04 14:59:41.280][info ][command:506d571e-4bf7-4d9b-b3bc-cd9f0f89673c][tid:01][com.facebook.buck.cli.Main] Awaiting termination of CounterAggregatorExecutor executor service. Waiting for all jobs to complete, or up to maximum of 20 seconds...
[2017-10-04 14:59:41.282][debug][command:506d571e-4bf7-4d9b-b3bc-cd9f0f89673c][tid:21][com.facebook.buck.util.perf.ProcessTracker] shutDown
[2017-10-04 14:59:41.282][debug][command:506d571e-4bf7-4d9b-b3bc-cd9f0f89673c][tid:20][com.google.common.util.concurrent.ServiceManager] Service PerfStatsTracking [TERMINATED] has terminated. Previous state was: STOPPING
[2017-10-04 14:59:41.283][debug][command:506d571e-4bf7-4d9b-b3bc-cd9f0f89673c][tid:01][com.facebook.buck.event.listener.SuperConsoleEventBusListener] Stopping render scheduler
[2017-10-04 14:59:41.284][info ][command:506d571e-4bf7-4d9b-b3bc-cd9f0f89673c][tid:01][com.facebook.buck.cli.Main] Awaiting termination of CPU executor service. Waiting for all jobs to complete, or up to maximum of 60 seconds...
[2017-10-04 14:59:41.284][info ][command:506d571e-4bf7-4d9b-b3bc-cd9f0f89673c][tid:01][com.facebook.buck.cli.Main] Awaiting termination of PROJECT executor service. Waiting for all jobs to complete, or up to maximum of 60 seconds...
[2017-10-04 14:59:41.284][info ][command:506d571e-4bf7-4d9b-b3bc-cd9f0f89673c][tid:01][com.facebook.buck.cli.Main] Awaiting termination of NETWORK executor service. Waiting for all jobs to complete, or up to maximum of 60 seconds...
[2017-10-04 14:59:41.284][info ][command:506d571e-4bf7-4d9b-b3bc-cd9f0f89673c][tid:01][com.facebook.buck.cli.Main] Awaiting termination of ScheduledExecutorService executor service. Waiting for all jobs to complete, or up to maximum of 60 seconds...
[2017-10-04 14:59:41.284][debug][command:506d571e-4bf7-4d9b-b3bc-cd9f0f89673c][tid:21][com.google.common.util.concurrent.ServiceManager] Service ProcessTracker [TERMINATED] has terminated. Previous state was: STOPPING
[2017-10-04 14:59:41.284][info ][command:506d571e-4bf7-4d9b-b3bc-cd9f0f89673c][tid:01][com.facebook.buck.cli.Main] Awaiting termination of Disk IO executor service. Waiting for all jobs to complete, or up to maximum of 10 seconds...
[2017-10-04 14:59:41.284][debug][command:506d571e-4bf7-4d9b-b3bc-cd9f0f89673c][tid:01][com.facebook.buck.event.listener.SuperConsoleEventBusListener] Stopping render scheduler
[2017-10-04 14:59:41.285][debug][command:506d571e-4bf7-4d9b-b3bc-cd9f0f89673c][tid:01][com.facebook.buck.event.listener.ChromeTraceBuildListener] Writing Chrome trace to buck-out/log/2017-10-04_21h59m36s_buildcommand_506d571e-4bf7-4d9b-b3bc-cd9f0f89673c/build.2017-10-04.14-59-36.506d571e-4bf7-4d9b-b3bc-cd9f0f89673c.trace
[2017-10-04 14:59:41.309][debug][command:null][tid:01][com.facebook.buck.cli.Main] Done.
